app/modules/users/schema/user.py:39: error: Incompatible types in assignment (expression has type "ConfigDict", base class "SQLModel" defined the type as "SQLModelConfig")  [assignment]
app/modules/users/schema/user.py:93: error: Incompatible types in assignment (expression has type "str | None", base class "UserBase" defined the type as "str")  [assignment]
app/modules/users/schema/user.py:94: error: Incompatible types in assignment (expression has type "str | None", base class "UserBase" defined the type as "str")  [assignment]
app/modules/users/schema/user.py:156: error: Unused "type: ignore" comment  [unused-ignore]
app/modules/messaging/model/participant.py:78: error: Returning Any from function declared to return "bool"  [no-any-return]
app/modules/messaging/model/participant.py:78: error: "type[ParticipantRole]" has no attribute "OWNER"  [attr-defined]
app/modules/integrations/schema/integrations.py:38: error: Unused "type: ignore" comment  [unused-ignore]
app/modules/integrations/schema/integrations.py:83: error: Unused "type: ignore" comment  [unused-ignore]
app/modules/integrations/schema/integrations.py:128: error: Unused "type: ignore" comment  [unused-ignore]
app/modules/integrations/schema/integrations.py:171: error: Unused "type: ignore" comment  [unused-ignore]
app/modules/integrations/schema/integrations.py:219: error: Unused "type: ignore" comment  [unused-ignore]
app/modules/integrations/schema/integrations.py:273: error: Unused "type: ignore" comment  [unused-ignore]
app/modules/integrations/schema/integrations.py:316: error: Unused "type: ignore" comment  [unused-ignore]
app/modules/integrations/schema/integrations.py:347: error: Unused "type: ignore" comment  [unused-ignore]
app/modules/integrations/schema/integrations.py:376: error: Unused "type: ignore" comment  [unused-ignore]
app/modules/integrations/schema/integrations.py:428: error: Unused "type: ignore" comment  [unused-ignore]
app/modules/integrations/schema/integrations.py:478: error: Unused "type: ignore" comment  [unused-ignore]
app/modules/integrations/schema/integrations.py:524: error: Unused "type: ignore" comment  [unused-ignore]






app/modules/media/crud/media_crud.py:16: error: Argument 2 of "get" is incompatible with supertype "app.shared.crud.base.CRUDBase"; supertype defines the argument type as "UUID"  [override]
app/modules/media/crud/media_crud.py:16: note: This violates the Liskov substitution principle
app/modules/media/crud/media_crud.py:16: note: See https://mypy.readthedocs.io/en/stable/common_issues.html#incompatible-overrides
app/modules/media/crud/media_crud.py:107: error: Need type annotation for "type_counts" (hint: "type_counts: dict[<type>, <type>] = ...")  [var-annotated]
app/modules/media/crud/media_crud.py:108: error: Need type annotation for "type_sizes" (hint: "type_sizes: dict[<type>, <type>] = ...")  [var-annotated]
app/modules/media/crud/media_crud.py:143: error: Argument 2 to "order_by" of "GenerativeSelect" has incompatible type "datetime"; expected "str | ColumnElement[Any] | _HasClauseElement[Any] | SQLCoreOperations[Any] | ExpressionElementRole[Any] | TypedColumnsClauseRole[Any] | Callable[[], ColumnElement[Any]] | LambdaElement"  [arg-type]
app/modules/media/crud/media_crud.py:257: error: Argument 1 to "order_by" of "GenerativeSelect" has incompatible type "datetime"; expected "Literal[_NoArg.NO_ARG] | str | ColumnElement[Any] | _HasClauseElement[Any] | SQLCoreOperations[Any] | ExpressionElementRole[Any] | TypedColumnsClauseRole[Any] | Callable[[], ColumnElement[Any]] | LambdaElement | None"  [arg-type]





app/modules/integrations/crud/integrations_crud.py:51: error: Returning Any from function declared to return "Integration | None"  [no-any-return]
app/modules/integrations/crud/integrations_crud.py:51: error: No overload variant of "exec" of "Session" matches argument type "Select[tuple[Integration]]"  [call-overload]
app/modules/integrations/crud/integrations_crud.py:51: note: Possible overload variants:
app/modules/integrations/crud/integrations_crud.py:51: note:     def [_TSelectParam: Any] exec(self, statement: Select[_TSelectParam], *, params: Mapping[str, Any] | Sequence[Mapping[str, Any]] | None = ..., execution_options: Mapping[str, Any] = ..., bind_arguments: dict[str, Any] | None = ..., _parent_execute_state: Any | None = ..., _add_event: Any | None = ...) -> TupleResult[_TSelectParam]
app/modules/integrations/crud/integrations_crud.py:51: note:     def [_TSelectParam: Any] exec(self, statement: SelectOfScalar[_TSelectParam], *, params: Mapping[str, Any] | Sequence[Mapping[str, Any]] | None = ..., execution_options: Mapping[str, Any] = ..., bind_arguments: dict[str, Any] | None = ..., _parent_execute_state: Any | None = ..., _add_event: Any | None = ...) -> ScalarResult[_TSelectParam]
app/modules/integrations/crud/integrations_crud.py:51: note:     def exec(self, statement: UpdateBase, *, params: Mapping[str, Any] | Sequence[Mapping[str, Any]] | None = ..., execution_options: Mapping[str, Any] = ..., bind_arguments: dict[str, Any] | None = ..., _parent_execute_state: Any | None = ..., _add_event: Any | None = ...) -> CursorResult[Any]
app/modules/integrations/crud/integrations_crud.py:52: error: Argument 1 to "where" of "Select" has incompatible type "bool"; expected "ColumnElement[bool] | _HasClauseElement[bool] | SQLCoreOperations[bool] | ExpressionElementRole[bool] | TypedColumnsClauseRole[bool] | Callable[[], ColumnElement[bool]] | LambdaElement"  [arg-type]
app/modules/integrations/crud/integrations_crud.py:56: error: Returning Any from function declared to return "list[Integration]"  [no-any-return]
app/modules/integrations/crud/integrations_crud.py:56: error: No overload variant of "exec" of "Session" matches argument type "Select[tuple[Integration]]"  [call-overload]
app/modules/integrations/crud/integrations_crud.py:56: note: Possible overload variants:
app/modules/integrations/crud/integrations_crud.py:56: note:     def [_TSelectParam: Any] exec(self, statement: Select[_TSelectParam], *, params: Mapping[str, Any] | Sequence[Mapping[str, Any]] | None = ..., execution_options: Mapping[str, Any] = ..., bind_arguments: dict[str, Any] | None = ..., _parent_execute_state: Any | None = ..., _add_event: Any | None = ...) -> TupleResult[_TSelectParam]
app/modules/integrations/crud/integrations_crud.py:56: note:     def [_TSelectParam: Any] exec(self, statement: SelectOfScalar[_TSelectParam], *, params: Mapping[str, Any] | Sequence[Mapping[str, Any]] | None = ..., execution_options: Mapping[str, Any] = ..., bind_arguments: dict[str, Any] | None = ..., _parent_execute_state: Any | None = ..., _add_event: Any | None = ...) -> ScalarResult[_TSelectParam]
app/modules/integrations/crud/integrations_crud.py:56: note:     def exec(self, statement: UpdateBase, *, params: Mapping[str, Any] | Sequence[Mapping[str, Any]] | None = ..., execution_options: Mapping[str, Any] = ..., bind_arguments: dict[str, Any] | None = ..., _parent_execute_state: Any | None = ..., _add_event: Any | None = ...) -> CursorResult[Any]
app/modules/integrations/crud/integrations_crud.py:57: error: Argument 1 to "where" of "Select" has incompatible type "bool"; expected "ColumnElement[bool] | _HasClauseElement[bool] | SQLCoreOperations[bool] | ExpressionElementRole[bool] | TypedColumnsClauseRole[bool] | Callable[[], ColumnElement[bool]] | LambdaElement"  [arg-type]
app/modules/integrations/crud/integrations_crud.py:61: error: Returning Any from function declared to return "list[Integration]"  [no-any-return]
app/modules/integrations/crud/integrations_crud.py:61: error: No overload variant of "exec" of "Session" matches argument type "Select[tuple[Integration]]"  [call-overload]
app/modules/integrations/crud/integrations_crud.py:61: note: Possible overload variants:
app/modules/integrations/crud/integrations_crud.py:61: note:     def [_TSelectParam: Any] exec(self, statement: Select[_TSelectParam], *, params: Mapping[str, Any] | Sequence[Mapping[str, Any]] | None = ..., execution_options: Mapping[str, Any] = ..., bind_arguments: dict[str, Any] | None = ..., _parent_execute_state: Any | None = ..., _add_event: Any | None = ...) -> TupleResult[_TSelectParam]
app/modules/integrations/crud/integrations_crud.py:61: note:     def [_TSelectParam: Any] exec(self, statement: SelectOfScalar[_TSelectParam], *, params: Mapping[str, Any] | Sequence[Mapping[str, Any]] | None = ..., execution_options: Mapping[str, Any] = ..., bind_arguments: dict[str, Any] | None = ..., _parent_execute_state: Any | None = ..., _add_event: Any | None = ...) -> ScalarResult[_TSelectParam]
app/modules/integrations/crud/integrations_crud.py:61: note:     def exec(self, statement: UpdateBase, *, params: Mapping[str, Any] | Sequence[Mapping[str, Any]] | None = ..., execution_options: Mapping[str, Any] = ..., bind_arguments: dict[str, Any] | None = ..., _parent_execute_state: Any | None = ..., _add_event: Any | None = ...) -> CursorResult[Any]
app/modules/integrations/crud/integrations_crud.py:62: error: Argument 1 to "where" of "Select" has incompatible type "bool"; expected "ColumnElement[bool] | _HasClauseElement[bool] | SQLCoreOperations[bool] | ExpressionElementRole[bool] | TypedColumnsClauseRole[bool] | Callable[[], ColumnElement[bool]] | LambdaElement"  [arg-type]
app/modules/integrations/crud/integrations_crud.py:80: error: Cannot assign to class variable "metadata" via instance  [misc]
app/modules/integrations/crud/integrations_crud.py:80: error: Incompatible types in assignment (expression has type "MetaData | dict[Never, Never]", variable has type "MetaData")  [assignment]
app/modules/integrations/crud/integrations_crud.py:81: error: Unsupported target for indexed assignment ("MetaData")  [index]
app/modules/integrations/crud/integrations_crud.py:84: error: Incompatible return value type (got "Integration | None", expected "Integration")  [return-value]
app/modules/integrations/crud/integrations_crud.py:91: error: Returning Any from function declared to return "list[Webhook]"  [no-any-return]
app/modules/integrations/crud/integrations_crud.py:91: error: No overload variant of "exec" of "Session" matches argument type "Select[tuple[Webhook]]"  [call-overload]
app/modules/integrations/crud/integrations_crud.py:91: note: Possible overload variants:
app/modules/integrations/crud/integrations_crud.py:91: note:     def [_TSelectParam: Any] exec(self, statement: Select[_TSelectParam], *, params: Mapping[str, Any] | Sequence[Mapping[str, Any]] | None = ..., execution_options: Mapping[str, Any] = ..., bind_arguments: dict[str, Any] | None = ..., _parent_execute_state: Any | None = ..., _add_event: Any | None = ...) -> TupleResult[_TSelectParam]
app/modules/integrations/crud/integrations_crud.py:91: note:     def [_TSelectParam: Any] exec(self, statement: SelectOfScalar[_TSelectParam], *, params: Mapping[str, Any] | Sequence[Mapping[str, Any]] | None = ..., execution_options: Mapping[str, Any] = ..., bind_arguments: dict[str, Any] | None = ..., _parent_execute_state: Any | None = ..., _add_event: Any | None = ...) -> ScalarResult[_TSelectParam]
app/modules/integrations/crud/integrations_crud.py:91: note:     def exec(self, statement: UpdateBase, *, params: Mapping[str, Any] | Sequence[Mapping[str, Any]] | None = ..., execution_options: Mapping[str, Any] = ..., bind_arguments: dict[str, Any] | None = ..., _parent_execute_state: Any | None = ..., _add_event: Any | None = ...) -> CursorResult[Any]
app/modules/integrations/crud/integrations_crud.py:92: error: Argument 1 to "where" of "Select" has incompatible type "bool"; expected "ColumnElement[bool] | _HasClauseElement[bool] | SQLCoreOperations[bool] | ExpressionElementRole[bool] | TypedColumnsClauseRole[bool] | Callable[[], ColumnElement[bool]] | LambdaElement"  [arg-type]
app/modules/integrations/crud/integrations_crud.py:96: error: Returning Any from function declared to return "list[Webhook]"  [no-any-return]
app/modules/integrations/crud/integrations_crud.py:96: error: No overload variant of "exec" of "Session" matches argument type "Select[tuple[Webhook]]"  [call-overload]
app/modules/integrations/crud/integrations_crud.py:96: note: Possible overload variants:
app/modules/integrations/crud/integrations_crud.py:96: note:     def [_TSelectParam: Any] exec(self, statement: Select[_TSelectParam], *, params: Mapping[str, Any] | Sequence[Mapping[str, Any]] | None = ..., execution_options: Mapping[str, Any] = ..., bind_arguments: dict[str, Any] | None = ..., _parent_execute_state: Any | None = ..., _add_event: Any | None = ...) -> TupleResult[_TSelectParam]
app/modules/integrations/crud/integrations_crud.py:96: note:     def [_TSelectParam: Any] exec(self, statement: SelectOfScalar[_TSelectParam], *, params: Mapping[str, Any] | Sequence[Mapping[str, Any]] | None = ..., execution_options: Mapping[str, Any] = ..., bind_arguments: dict[str, Any] | None = ..., _parent_execute_state: Any | None = ..., _add_event: Any | None = ...) -> ScalarResult[_TSelectParam]
app/modules/integrations/crud/integrations_crud.py:96: note:     def exec(self, statement: UpdateBase, *, params: Mapping[str, Any] | Sequence[Mapping[str, Any]] | None = ..., execution_options: Mapping[str, Any] = ..., bind_arguments: dict[str, Any] | None = ..., _parent_execute_state: Any | None = ..., _add_event: Any | None = ...) -> CursorResult[Any]
app/modules/integrations/crud/integrations_crud.py:99: error: Argument 1 to "and_" has incompatible type "bool"; expected "Literal[True] | ColumnElement[bool] | _HasClauseElement[bool] | SQLCoreOperations[bool] | ExpressionElementRole[bool] | TypedColumnsClauseRole[bool] | Callable[[], ColumnElement[bool]] | LambdaElement"  [arg-type]
app/modules/integrations/crud/integrations_crud.py:117: error: Incompatible return value type (got "Webhook | None", expected "Webhook")  [return-value]
app/modules/integrations/crud/integrations_crud.py:122: error: Returning Any from function declared to return "APIKey | None"  [no-any-return]
app/modules/integrations/crud/integrations_crud.py:122: error: No overload variant of "exec" of "Session" matches argument type "Select[tuple[APIKey]]"  [call-overload]
app/modules/integrations/crud/integrations_crud.py:122: note: Possible overload variants:
app/modules/integrations/crud/integrations_crud.py:122: note:     def [_TSelectParam: Any] exec(self, statement: Select[_TSelectParam], *, params: Mapping[str, Any] | Sequence[Mapping[str, Any]] | None = ..., execution_options: Mapping[str, Any] = ..., bind_arguments: dict[str, Any] | None = ..., _parent_execute_state: Any | None = ..., _add_event: Any | None = ...) -> TupleResult[_TSelectParam]
app/modules/integrations/crud/integrations_crud.py:122: note:     def [_TSelectParam: Any] exec(self, statement: SelectOfScalar[_TSelectParam], *, params: Mapping[str, Any] | Sequence[Mapping[str, Any]] | None = ..., execution_options: Mapping[str, Any] = ..., bind_arguments: dict[str, Any] | None = ..., _parent_execute_state: Any | None = ..., _add_event: Any | None = ...) -> ScalarResult[_TSelectParam]
app/modules/integrations/crud/integrations_crud.py:122: note:     def exec(self, statement: UpdateBase, *, params: Mapping[str, Any] | Sequence[Mapping[str, Any]] | None = ..., execution_options: Mapping[str, Any] = ..., bind_arguments: dict[str, Any] | None = ..., _parent_execute_state: Any | None = ..., _add_event: Any | None = ...) -> CursorResult[Any]
app/modules/integrations/crud/integrations_crud.py:122: error: Argument 1 to "where" of "Select" has incompatible type "bool"; expected "ColumnElement[bool] | _HasClauseElement[bool] | SQLCoreOperations[bool] | ExpressionElementRole[bool] | TypedColumnsClauseRole[bool] | Callable[[], ColumnElement[bool]] | LambdaElement"  [arg-type]
app/modules/integrations/crud/integrations_crud.py:127: error: Returning Any from function declared to return "list[APIKey]"  [no-any-return]
app/modules/integrations/crud/integrations_crud.py:127: error: No overload variant of "exec" of "Session" matches argument type "Select[tuple[APIKey]]"  [call-overload]
app/modules/integrations/crud/integrations_crud.py:127: note: Possible overload variants:
app/modules/integrations/crud/integrations_crud.py:127: note:     def [_TSelectParam: Any] exec(self, statement: Select[_TSelectParam], *, params: Mapping[str, Any] | Sequence[Mapping[str, Any]] | None = ..., execution_options: Mapping[str, Any] = ..., bind_arguments: dict[str, Any] | None = ..., _parent_execute_state: Any | None = ..., _add_event: Any | None = ...) -> TupleResult[_TSelectParam]
app/modules/integrations/crud/integrations_crud.py:127: note:     def [_TSelectParam: Any] exec(self, statement: SelectOfScalar[_TSelectParam], *, params: Mapping[str, Any] | Sequence[Mapping[str, Any]] | None = ..., execution_options: Mapping[str, Any] = ..., bind_arguments: dict[str, Any] | None = ..., _parent_execute_state: Any | None = ..., _add_event: Any | None = ...) -> ScalarResult[_TSelectParam]
app/modules/integrations/crud/integrations_crud.py:127: note:     def exec(self, statement: UpdateBase, *, params: Mapping[str, Any] | Sequence[Mapping[str, Any]] | None = ..., execution_options: Mapping[str, Any] = ..., bind_arguments: dict[str, Any] | None = ..., _parent_execute_state: Any | None = ..., _add_event: Any | None = ...) -> CursorResult[Any]
app/modules/integrations/crud/integrations_crud.py:130: error: Argument 1 to "and_" has incompatible type "bool"; expected "Literal[True] | ColumnElement[bool] | _HasClauseElement[bool] | SQLCoreOperations[bool] | ExpressionElementRole[bool] | TypedColumnsClauseRole[bool] | Callable[[], ColumnElement[bool]] | LambdaElement"  [arg-type]
app/modules/integrations/crud/integrations_crud.py:131: error: Argument 2 to "and_" has incompatible type "bool"; expected "ColumnElement[bool] | _HasClauseElement[bool] | SQLCoreOperations[bool] | ExpressionElementRole[bool] | TypedColumnsClauseRole[bool] | Callable[[], ColumnElement[bool]] | LambdaElement"  [arg-type]
app/modules/integrations/crud/integrations_crud.py:133: error: Item "datetime" of "datetime | None" has no attribute "is_"  [union-attr]
app/modules/integrations/crud/integrations_crud.py:133: error: Item "None" of "datetime | None" has no attribute "is_"  [union-attr]
app/modules/integrations/crud/integrations_crud.py:134: error: Unsupported operand types for < ("datetime" and "None")  [operator]
app/modules/integrations/crud/integrations_crud.py:134: note: Left operand is of type "datetime | None"
app/modules/integrations/crud/integrations_crud.py:134: error: Argument 2 to "or_" has incompatible type "bool"; expected "ColumnElement[bool] | _HasClauseElement[bool] | SQLCoreOperations[bool] | ExpressionElementRole[bool] | TypedColumnsClauseRole[bool] | Callable[[], ColumnElement[bool]] | LambdaElement"  [arg-type]
app/modules/integrations/crud/integrations_crud.py:147: error: Incompatible return value type (got "APIKey | None", expected "APIKey")  [return-value]
app/modules/integrations/crud/integrations_crud.py:150: error: Returning Any from function declared to return "list[APIKey]"  [no-any-return]
app/modules/integrations/crud/integrations_crud.py:150: error: No overload variant of "exec" of "Session" matches argument type "Select[tuple[APIKey]]"  [call-overload]
app/modules/integrations/crud/integrations_crud.py:150: note: Possible overload variants:
app/modules/integrations/crud/integrations_crud.py:150: note:     def [_TSelectParam: Any] exec(self, statement: Select[_TSelectParam], *, params: Mapping[str, Any] | Sequence[Mapping[str, Any]] | None = ..., execution_options: Mapping[str, Any] = ..., bind_arguments: dict[str, Any] | None = ..., _parent_execute_state: Any | None = ..., _add_event: Any | None = ...) -> TupleResult[_TSelectParam]
app/modules/integrations/crud/integrations_crud.py:150: note:     def [_TSelectParam: Any] exec(self, statement: SelectOfScalar[_TSelectParam], *, params: Mapping[str, Any] | Sequence[Mapping[str, Any]] | None = ..., execution_options: Mapping[str, Any] = ..., bind_arguments: dict[str, Any] | None = ..., _parent_execute_state: Any | None = ..., _add_event: Any | None = ...) -> ScalarResult[_TSelectParam]
app/modules/integrations/crud/integrations_crud.py:150: note:     def exec(self, statement: UpdateBase, *, params: Mapping[str, Any] | Sequence[Mapping[str, Any]] | None = ..., execution_options: Mapping[str, Any] = ..., bind_arguments: dict[str, Any] | None = ..., _parent_execute_state: Any | None = ..., _add_event: Any | None = ...) -> CursorResult[Any]
app/modules/integrations/crud/integrations_crud.py:153: error: Item "datetime" of "datetime | None" has no attribute "is_not"  [union-attr]
app/modules/integrations/crud/integrations_crud.py:153: error: Item "None" of "datetime | None" has no attribute "is_not"  [union-attr]
app/modules/integrations/crud/integrations_crud.py:154: error: Unsupported operand types for >= ("datetime" and "None")  [operator]
app/modules/integrations/crud/integrations_crud.py:154: note: Left operand is of type "datetime | None"
app/modules/integrations/crud/integrations_crud.py:154: error: Argument 2 to "and_" has incompatible type "bool"; expected "ColumnElement[bool] | _HasClauseElement[bool] | SQLCoreOperations[bool] | ExpressionElementRole[bool] | TypedColumnsClauseRole[bool] | Callable[[], ColumnElement[bool]] | LambdaElement"  [arg-type]
app/modules/integrations/crud/integrations_crud.py:166: error: Argument 1 to "where" of "Select" has incompatible type "bool"; expected "ColumnElement[bool] | _HasClauseElement[bool] | SQLCoreOperations[bool] | ExpressionElementRole[bool] | TypedColumnsClauseRole[bool] | Callable[[], ColumnElement[bool]] | LambdaElement"  [arg-type]
app/modules/integrations/crud/integrations_crud.py:168: error: Argument 1 to "where" of "Select" has incompatible type "bool"; expected "ColumnElement[bool] | _HasClauseElement[bool] | SQLCoreOperations[bool] | ExpressionElementRole[bool] | TypedColumnsClauseRole[bool] | Callable[[], ColumnElement[bool]] | LambdaElement"  [arg-type]
app/modules/integrations/crud/integrations_crud.py:169: error: No overload variant of "exec" of "Session" matches argument type "Select[tuple[SocialMediaPost]]"  [call-overload]
app/modules/integrations/crud/integrations_crud.py:169: note: Possible overload variants:
app/modules/integrations/crud/integrations_crud.py:169: note:     def [_TSelectParam: Any] exec(self, statement: Select[_TSelectParam], *, params: Mapping[str, Any] | Sequence[Mapping[str, Any]] | None = ..., execution_options: Mapping[str, Any] = ..., bind_arguments: dict[str, Any] | None = ..., _parent_execute_state: Any | None = ..., _add_event: Any | None = ...) -> TupleResult[_TSelectParam]
app/modules/integrations/crud/integrations_crud.py:169: note:     def [_TSelectParam: Any] exec(self, statement: SelectOfScalar[_TSelectParam], *, params: Mapping[str, Any] | Sequence[Mapping[str, Any]] | None = ..., execution_options: Mapping[str, Any] = ..., bind_arguments: dict[str, Any] | None = ..., _parent_execute_state: Any | None = ..., _add_event: Any | None = ...) -> ScalarResult[_TSelectParam]
app/modules/integrations/crud/integrations_crud.py:169: note:     def exec(self, statement: UpdateBase, *, params: Mapping[str, Any] | Sequence[Mapping[str, Any]] | None = ..., execution_options: Mapping[str, Any] = ..., bind_arguments: dict[str, Any] | None = ..., _parent_execute_state: Any | None = ..., _add_event: Any | None = ...) -> CursorResult[Any]
app/modules/integrations/crud/integrations_crud.py:174: error: Argument 1 to "where" of "Select" has incompatible type "bool"; expected "ColumnElement[bool] | _HasClauseElement[bool] | SQLCoreOperations[bool] | ExpressionElementRole[bool] | TypedColumnsClauseRole[bool] | Callable[[], ColumnElement[bool]] | LambdaElement"  [arg-type]
app/modules/integrations/crud/integrations_crud.py:176: error: Argument 1 to "where" of "Select" has incompatible type "bool"; expected "ColumnElement[bool] | _HasClauseElement[bool] | SQLCoreOperations[bool] | ExpressionElementRole[bool] | TypedColumnsClauseRole[bool] | Callable[[], ColumnElement[bool]] | LambdaElement"  [arg-type]
app/modules/integrations/crud/integrations_crud.py:177: error: No overload variant of "exec" of "Session" matches argument type "Select[tuple[SocialMediaPost]]"  [call-overload]
app/modules/integrations/crud/integrations_crud.py:177: note: Possible overload variants:
app/modules/integrations/crud/integrations_crud.py:177: note:     def [_TSelectParam: Any] exec(self, statement: Select[_TSelectParam], *, params: Mapping[str, Any] | Sequence[Mapping[str, Any]] | None = ..., execution_options: Mapping[str, Any] = ..., bind_arguments: dict[str, Any] | None = ..., _parent_execute_state: Any | None = ..., _add_event: Any | None = ...) -> TupleResult[_TSelectParam]
app/modules/integrations/crud/integrations_crud.py:177: note:     def [_TSelectParam: Any] exec(self, statement: SelectOfScalar[_TSelectParam], *, params: Mapping[str, Any] | Sequence[Mapping[str, Any]] | None = ..., execution_options: Mapping[str, Any] = ..., bind_arguments: dict[str, Any] | None = ..., _parent_execute_state: Any | None = ..., _add_event: Any | None = ...) -> ScalarResult[_TSelectParam]
app/modules/integrations/crud/integrations_crud.py:177: note:     def exec(self, statement: UpdateBase, *, params: Mapping[str, Any] | Sequence[Mapping[str, Any]] | None = ..., execution_options: Mapping[str, Any] = ..., bind_arguments: dict[str, Any] | None = ..., _parent_execute_state: Any | None = ..., _add_event: Any | None = ...) -> CursorResult[Any]
app/modules/integrations/crud/integrations_crud.py:192: error: Incompatible types in assignment (expression has type "str", variable has type "UUID")  [assignment]
app/modules/integrations/crud/integrations_crud.py:201: error: Incompatible return value type (got "SocialMediaPost | None", expected "SocialMediaPost")  [return-value]
app/modules/integrations/crud/integrations_crud.py:210: error: Returning Any from function declared to return "IntegrationNewsSource | None"  [no-any-return]
app/modules/integrations/crud/integrations_crud.py:210: error: No overload variant of "exec" of "Session" matches argument type "Select[tuple[IntegrationNewsSource]]"  [call-overload]
app/modules/integrations/crud/integrations_crud.py:210: note: Possible overload variants:
app/modules/integrations/crud/integrations_crud.py:210: note:     def [_TSelectParam: Any] exec(self, statement: Select[_TSelectParam], *, params: Mapping[str, Any] | Sequence[Mapping[str, Any]] | None = ..., execution_options: Mapping[str, Any] = ..., bind_arguments: dict[str, Any] | None = ..., _parent_execute_state: Any | None = ..., _add_event: Any | None = ...) -> TupleResult[_TSelectParam]
app/modules/integrations/crud/integrations_crud.py:210: note:     def [_TSelectParam: Any] exec(self, statement: SelectOfScalar[_TSelectParam], *, params: Mapping[str, Any] | Sequence[Mapping[str, Any]] | None = ..., execution_options: Mapping[str, Any] = ..., bind_arguments: dict[str, Any] | None = ..., _parent_execute_state: Any | None = ..., _add_event: Any | None = ...) -> ScalarResult[_TSelectParam]
app/modules/integrations/crud/integrations_crud.py:210: note:     def exec(self, statement: UpdateBase, *, params: Mapping[str, Any] | Sequence[Mapping[str, Any]] | None = ..., execution_options: Mapping[str, Any] = ..., bind_arguments: dict[str, Any] | None = ..., _parent_execute_state: Any | None = ..., _add_event: Any | None = ...) -> CursorResult[Any]
app/modules/integrations/crud/integrations_crud.py:212: error: Argument 1 to "where" of "Select" has incompatible type "bool"; expected "ColumnElement[bool] | _HasClauseElement[bool] | SQLCoreOperations[bool] | ExpressionElementRole[bool] | TypedColumnsClauseRole[bool] | Callable[[], ColumnElement[bool]] | LambdaElement"  [arg-type]
app/modules/integrations/crud/integrations_crud.py:219: error: Returning Any from function declared to return "list[IntegrationNewsSource]"  [no-any-return]
app/modules/integrations/crud/integrations_crud.py:219: error: No overload variant of "exec" of "Session" matches argument type "Select[tuple[IntegrationNewsSource]]"  [call-overload]
app/modules/integrations/crud/integrations_crud.py:219: note: Possible overload variants:
app/modules/integrations/crud/integrations_crud.py:219: note:     def [_TSelectParam: Any] exec(self, statement: Select[_TSelectParam], *, params: Mapping[str, Any] | Sequence[Mapping[str, Any]] | None = ..., execution_options: Mapping[str, Any] = ..., bind_arguments: dict[str, Any] | None = ..., _parent_execute_state: Any | None = ..., _add_event: Any | None = ...) -> TupleResult[_TSelectParam]
app/modules/integrations/crud/integrations_crud.py:219: note:     def [_TSelectParam: Any] exec(self, statement: SelectOfScalar[_TSelectParam], *, params: Mapping[str, Any] | Sequence[Mapping[str, Any]] | None = ..., execution_options: Mapping[str, Any] = ..., bind_arguments: dict[str, Any] | None = ..., _parent_execute_state: Any | None = ..., _add_event: Any | None = ...) -> ScalarResult[_TSelectParam]
app/modules/integrations/crud/integrations_crud.py:219: note:     def exec(self, statement: UpdateBase, *, params: Mapping[str, Any] | Sequence[Mapping[str, Any]] | None = ..., execution_options: Mapping[str, Any] = ..., bind_arguments: dict[str, Any] | None = ..., _parent_execute_state: Any | None = ..., _add_event: Any | None = ...) -> CursorResult[Any]
app/modules/integrations/crud/integrations_crud.py:222: error: Argument 1 to "and_" has incompatible type "bool"; expected "Literal[True] | ColumnElement[bool] | _HasClauseElement[bool] | SQLCoreOperations[bool] | ExpressionElementRole[bool] | TypedColumnsClauseRole[bool] | Callable[[], ColumnElement[bool]] | LambdaElement"  [arg-type]
app/modules/integrations/crud/integrations_crud.py:223: error: Argument 2 to "and_" has incompatible type "bool"; expected "ColumnElement[bool] | _HasClauseElement[bool] | SQLCoreOperations[bool] | ExpressionElementRole[bool] | TypedColumnsClauseRole[bool] | Callable[[], ColumnElement[bool]] | LambdaElement"  [arg-type]
app/modules/integrations/crud/integrations_crud.py:246: error: Returning Any from function declared to return "ExternalNewsArticle | None"  [no-any-return]
app/modules/integrations/crud/integrations_crud.py:246: error: No overload variant of "exec" of "Session" matches argument type "Select[tuple[ExternalNewsArticle]]"  [call-overload]
app/modules/integrations/crud/integrations_crud.py:246: note: Possible overload variants:
app/modules/integrations/crud/integrations_crud.py:246: note:     def [_TSelectParam: Any] exec(self, statement: Select[_TSelectParam], *, params: Mapping[str, Any] | Sequence[Mapping[str, Any]] | None = ..., execution_options: Mapping[str, Any] = ..., bind_arguments: dict[str, Any] | None = ..., _parent_execute_state: Any | None = ..., _add_event: Any | None = ...) -> TupleResult[_TSelectParam]
app/modules/integrations/crud/integrations_crud.py:246: note:     def [_TSelectParam: Any] exec(self, statement: SelectOfScalar[_TSelectParam], *, params: Mapping[str, Any] | Sequence[Mapping[str, Any]] | None = ..., execution_options: Mapping[str, Any] = ..., bind_arguments: dict[str, Any] | None = ..., _parent_execute_state: Any | None = ..., _add_event: Any | None = ...) -> ScalarResult[_TSelectParam]
app/modules/integrations/crud/integrations_crud.py:246: note:     def exec(self, statement: UpdateBase, *, params: Mapping[str, Any] | Sequence[Mapping[str, Any]] | None = ..., execution_options: Mapping[str, Any] = ..., bind_arguments: dict[str, Any] | None = ..., _parent_execute_state: Any | None = ..., _add_event: Any | None = ...) -> CursorResult[Any]
app/modules/integrations/crud/integrations_crud.py:248: error: Argument 1 to "where" of "Select" has incompatible type "bool"; expected "ColumnElement[bool] | _HasClauseElement[bool] | SQLCoreOperations[bool] | ExpressionElementRole[bool] | TypedColumnsClauseRole[bool] | Callable[[], ColumnElement[bool]] | LambdaElement"  [arg-type]
app/modules/integrations/crud/integrations_crud.py:255: error: Returning Any from function declared to return "list[ExternalNewsArticle]"  [no-any-return]
app/modules/integrations/crud/integrations_crud.py:255: error: No overload variant of "exec" of "Session" matches argument type "Select[tuple[ExternalNewsArticle]]"  [call-overload]
app/modules/integrations/crud/integrations_crud.py:255: note: Possible overload variants:
app/modules/integrations/crud/integrations_crud.py:255: note:     def [_TSelectParam: Any] exec(self, statement: Select[_TSelectParam], *, params: Mapping[str, Any] | Sequence[Mapping[str, Any]] | None = ..., execution_options: Mapping[str, Any] = ..., bind_arguments: dict[str, Any] | None = ..., _parent_execute_state: Any | None = ..., _add_event: Any | None = ...) -> TupleResult[_TSelectParam]
app/modules/integrations/crud/integrations_crud.py:255: note:     def [_TSelectParam: Any] exec(self, statement: SelectOfScalar[_TSelectParam], *, params: Mapping[str, Any] | Sequence[Mapping[str, Any]] | None = ..., execution_options: Mapping[str, Any] = ..., bind_arguments: dict[str, Any] | None = ..., _parent_execute_state: Any | None = ..., _add_event: Any | None = ...) -> ScalarResult[_TSelectParam]
app/modules/integrations/crud/integrations_crud.py:255: note:     def exec(self, statement: UpdateBase, *, params: Mapping[str, Any] | Sequence[Mapping[str, Any]] | None = ..., execution_options: Mapping[str, Any] = ..., bind_arguments: dict[str, Any] | None = ..., _parent_execute_state: Any | None = ..., _add_event: Any | None = ...) -> CursorResult[Any]
app/modules/integrations/crud/integrations_crud.py:257: error: Argument 1 to "where" of "Select" has incompatible type "bool"; expected "ColumnElement[bool] | _HasClauseElement[bool] | SQLCoreOperations[bool] | ExpressionElementRole[bool] | TypedColumnsClauseRole[bool] | Callable[[], ColumnElement[bool]] | LambdaElement"  [arg-type]
app/modules/integrations/crud/integrations_crud.py:264: error: Returning Any from function declared to return "list[ExternalNewsArticle]"  [no-any-return]
app/modules/integrations/crud/integrations_crud.py:264: error: No overload variant of "exec" of "Session" matches argument type "Select[tuple[ExternalNewsArticle]]"  [call-overload]
app/modules/integrations/crud/integrations_crud.py:264: note: Possible overload variants:
app/modules/integrations/crud/integrations_crud.py:264: note:     def [_TSelectParam: Any] exec(self, statement: Select[_TSelectParam], *, params: Mapping[str, Any] | Sequence[Mapping[str, Any]] | None = ..., execution_options: Mapping[str, Any] = ..., bind_arguments: dict[str, Any] | None = ..., _parent_execute_state: Any | None = ..., _add_event: Any | None = ...) -> TupleResult[_TSelectParam]
app/modules/integrations/crud/integrations_crud.py:264: note:     def [_TSelectParam: Any] exec(self, statement: SelectOfScalar[_TSelectParam], *, params: Mapping[str, Any] | Sequence[Mapping[str, Any]] | None = ..., execution_options: Mapping[str, Any] = ..., bind_arguments: dict[str, Any] | None = ..., _parent_execute_state: Any | None = ..., _add_event: Any | None = ...) -> ScalarResult[_TSelectParam]
app/modules/integrations/crud/integrations_crud.py:264: note:     def exec(self, statement: UpdateBase, *, params: Mapping[str, Any] | Sequence[Mapping[str, Any]] | None = ..., execution_options: Mapping[str, Any] = ..., bind_arguments: dict[str, Any] | None = ..., _parent_execute_state: Any | None = ..., _add_event: Any | None = ...) -> CursorResult[Any]
app/modules/integrations/crud/integrations_crud.py:266: error: Argument 1 to "where" of "Select" has incompatible type "bool"; expected "ColumnElement[bool] | _HasClauseElement[bool] | SQLCoreOperations[bool] | ExpressionElementRole[bool] | TypedColumnsClauseRole[bool] | Callable[[], ColumnElement[bool]] | LambdaElement"  [arg-type]
app/modules/integrations/crud/integrations_crud.py:267: error: "datetime" has no attribute "desc"  [attr-defined]
app/modules/integrations/crud/integrations_crud.py:278: error: Incompatible return value type (got "ExternalNewsArticle | None", expected "ExternalNewsArticle")  [return-value]
app/modules/integrations/crud/integrations_crud.py:283: error: Returning Any from function declared to return "list[ExternalNewsArticle]"  [no-any-return]
app/modules/integrations/crud/integrations_crud.py:283: error: No overload variant of "exec" of "Session" matches argument type "Select[tuple[ExternalNewsArticle]]"  [call-overload]
app/modules/integrations/crud/integrations_crud.py:283: note: Possible overload variants:
app/modules/integrations/crud/integrations_crud.py:283: note:     def [_TSelectParam: Any] exec(self, statement: Select[_TSelectParam], *, params: Mapping[str, Any] | Sequence[Mapping[str, Any]] | None = ..., execution_options: Mapping[str, Any] = ..., bind_arguments: dict[str, Any] | None = ..., _parent_execute_state: Any | None = ..., _add_event: Any | None = ...) -> TupleResult[_TSelectParam]
app/modules/integrations/crud/integrations_crud.py:283: note:     def [_TSelectParam: Any] exec(self, statement: SelectOfScalar[_TSelectParam], *, params: Mapping[str, Any] | Sequence[Mapping[str, Any]] | None = ..., execution_options: Mapping[str, Any] = ..., bind_arguments: dict[str, Any] | None = ..., _parent_execute_state: Any | None = ..., _add_event: Any | None = ...) -> ScalarResult[_TSelectParam]
app/modules/integrations/crud/integrations_crud.py:283: note:     def exec(self, statement: UpdateBase, *, params: Mapping[str, Any] | Sequence[Mapping[str, Any]] | None = ..., execution_options: Mapping[str, Any] = ..., bind_arguments: dict[str, Any] | None = ..., _parent_execute_state: Any | None = ..., _add_event: Any | None = ...) -> CursorResult[Any]
app/modules/integrations/crud/integrations_crud.py:285: error: Name "NewsSource" is not defined  [name-defined]
app/modules/integrations/crud/integrations_crud.py:288: error: Name "NewsSource" is not defined  [name-defined]
app/modules/integrations/crud/integrations_crud.py:289: error: Argument 2 to "and_" has incompatible type "bool"; expected "ColumnElement[bool] | _HasClauseElement[bool] | SQLCoreOperations[bool] | ExpressionElementRole[bool] | TypedColumnsClauseRole[bool] | Callable[[], ColumnElement[bool]] | LambdaElement"  [arg-type]
app/modules/integrations/crud/integrations_crud.py:293: error: "datetime" has no attribute "desc"  [attr-defined]
app/modules/integrations/crud/integrations_crud.py:304: error: Returning Any from function declared to return "list[WebhookDelivery]"  [no-any-return]
app/modules/integrations/crud/integrations_crud.py:304: error: No overload variant of "exec" of "Session" matches argument type "Select[tuple[WebhookDelivery]]"  [call-overload]
app/modules/integrations/crud/integrations_crud.py:304: note: Possible overload variants:
app/modules/integrations/crud/integrations_crud.py:304: note:     def [_TSelectParam: Any] exec(self, statement: Select[_TSelectParam], *, params: Mapping[str, Any] | Sequence[Mapping[str, Any]] | None = ..., execution_options: Mapping[str, Any] = ..., bind_arguments: dict[str, Any] | None = ..., _parent_execute_state: Any | None = ..., _add_event: Any | None = ...) -> TupleResult[_TSelectParam]
app/modules/integrations/crud/integrations_crud.py:304: note:     def [_TSelectParam: Any] exec(self, statement: SelectOfScalar[_TSelectParam], *, params: Mapping[str, Any] | Sequence[Mapping[str, Any]] | None = ..., execution_options: Mapping[str, Any] = ..., bind_arguments: dict[str, Any] | None = ..., _parent_execute_state: Any | None = ..., _add_event: Any | None = ...) -> ScalarResult[_TSelectParam]
app/modules/integrations/crud/integrations_crud.py:304: note:     def exec(self, statement: UpdateBase, *, params: Mapping[str, Any] | Sequence[Mapping[str, Any]] | None = ..., execution_options: Mapping[str, Any] = ..., bind_arguments: dict[str, Any] | None = ..., _parent_execute_state: Any | None = ..., _add_event: Any | None = ...) -> CursorResult[Any]
app/modules/integrations/crud/integrations_crud.py:306: error: Argument 1 to "where" of "Select" has incompatible type "bool"; expected "ColumnElement[bool] | _HasClauseElement[bool] | SQLCoreOperations[bool] | ExpressionElementRole[bool] | TypedColumnsClauseRole[bool] | Callable[[], ColumnElement[bool]] | LambdaElement"  [arg-type]
app/modules/integrations/crud/integrations_crud.py:307: error: "datetime" has no attribute "desc"  [attr-defined]
app/modules/integrations/crud/integrations_crud.py:314: error: Returning Any from function declared to return "list[WebhookDelivery]"  [no-any-return]
app/modules/integrations/crud/integrations_crud.py:314: error: No overload variant of "exec" of "Session" matches argument type "Select[tuple[WebhookDelivery]]"  [call-overload]
app/modules/integrations/crud/integrations_crud.py:314: note: Possible overload variants:
app/modules/integrations/crud/integrations_crud.py:314: note:     def [_TSelectParam: Any] exec(self, statement: Select[_TSelectParam], *, params: Mapping[str, Any] | Sequence[Mapping[str, Any]] | None = ..., execution_options: Mapping[str, Any] = ..., bind_arguments: dict[str, Any] | None = ..., _parent_execute_state: Any | None = ..., _add_event: Any | None = ...) -> TupleResult[_TSelectParam]
app/modules/integrations/crud/integrations_crud.py:314: note:     def [_TSelectParam: Any] exec(self, statement: SelectOfScalar[_TSelectParam], *, params: Mapping[str, Any] | Sequence[Mapping[str, Any]] | None = ..., execution_options: Mapping[str, Any] = ..., bind_arguments: dict[str, Any] | None = ..., _parent_execute_state: Any | None = ..., _add_event: Any | None = ...) -> ScalarResult[_TSelectParam]
app/modules/integrations/crud/integrations_crud.py:314: note:     def exec(self, statement: UpdateBase, *, params: Mapping[str, Any] | Sequence[Mapping[str, Any]] | None = ..., execution_options: Mapping[str, Any] = ..., bind_arguments: dict[str, Any] | None = ..., _parent_execute_state: Any | None = ..., _add_event: Any | None = ...) -> CursorResult[Any]
app/modules/integrations/crud/integrations_crud.py:318: error: Unsupported operand types for <= ("int" and "None")  [operator]
app/modules/integrations/crud/integrations_crud.py:318: note: Left operand is of type "int | None"
app/modules/integrations/crud/integrations_crud.py:318: error: Argument 1 to "and_" has incompatible type "bool"; expected "Literal[True] | ColumnElement[bool] | _HasClauseElement[bool] | SQLCoreOperations[bool] | ExpressionElementRole[bool] | TypedColumnsClauseRole[bool] | Callable[[], ColumnElement[bool]] | LambdaElement"  [arg-type]
app/modules/integrations/crud/integrations_crud.py:319: error: Argument 2 to "and_" has incompatible type "bool"; expected "ColumnElement[bool] | _HasClauseElement[bool] | SQLCoreOperations[bool] | ExpressionElementRole[bool] | TypedColumnsClauseRole[bool] | Callable[[], ColumnElement[bool]] | LambdaElement"  [arg-type]
app/modules/integrations/crud/integrations_crud.py:323: error: "datetime" has no attribute "desc"  [attr-defined]
app/modules/integrations/crud/integrations_crud.py:342: error: Incompatible return value type (got "WebhookDelivery | None", expected "WebhookDelivery")  [return-value]
app/modules/integrations/crud/integrations_crud.py:351: error: Returning Any from function declared to return "list[APIRequestLog]"  [no-any-return]
app/modules/integrations/crud/integrations_crud.py:351: error: No overload variant of "exec" of "Session" matches argument type "Select[tuple[APIRequestLog]]"  [call-overload]
app/modules/integrations/crud/integrations_crud.py:351: note: Possible overload variants:
app/modules/integrations/crud/integrations_crud.py:351: note:     def [_TSelectParam: Any] exec(self, statement: Select[_TSelectParam], *, params: Mapping[str, Any] | Sequence[Mapping[str, Any]] | None = ..., execution_options: Mapping[str, Any] = ..., bind_arguments: dict[str, Any] | None = ..., _parent_execute_state: Any | None = ..., _add_event: Any | None = ...) -> TupleResult[_TSelectParam]
app/modules/integrations/crud/integrations_crud.py:351: note:     def [_TSelectParam: Any] exec(self, statement: SelectOfScalar[_TSelectParam], *, params: Mapping[str, Any] | Sequence[Mapping[str, Any]] | None = ..., execution_options: Mapping[str, Any] = ..., bind_arguments: dict[str, Any] | None = ..., _parent_execute_state: Any | None = ..., _add_event: Any | None = ...) -> ScalarResult[_TSelectParam]
app/modules/integrations/crud/integrations_crud.py:351: note:     def exec(self, statement: UpdateBase, *, params: Mapping[str, Any] | Sequence[Mapping[str, Any]] | None = ..., execution_options: Mapping[str, Any] = ..., bind_arguments: dict[str, Any] | None = ..., _parent_execute_state: Any | None = ..., _add_event: Any | None = ...) -> CursorResult[Any]
app/modules/integrations/crud/integrations_crud.py:353: error: Argument 1 to "where" of "Select" has incompatible type "bool"; expected "ColumnElement[bool] | _HasClauseElement[bool] | SQLCoreOperations[bool] | ExpressionElementRole[bool] | TypedColumnsClauseRole[bool] | Callable[[], ColumnElement[bool]] | LambdaElement"  [arg-type]
app/modules/integrations/crud/integrations_crud.py:354: error: "datetime" has no attribute "desc"  [attr-defined]
app/modules/integrations/crud/integrations_crud.py:361: error: Returning Any from function declared to return "list[APIRequestLog]"  [no-any-return]
app/modules/integrations/crud/integrations_crud.py:361: error: No overload variant of "exec" of "Session" matches argument type "Select[tuple[APIRequestLog]]"  [call-overload]
app/modules/integrations/crud/integrations_crud.py:361: note: Possible overload variants:
app/modules/integrations/crud/integrations_crud.py:361: note:     def [_TSelectParam: Any] exec(self, statement: Select[_TSelectParam], *, params: Mapping[str, Any] | Sequence[Mapping[str, Any]] | None = ..., execution_options: Mapping[str, Any] = ..., bind_arguments: dict[str, Any] | None = ..., _parent_execute_state: Any | None = ..., _add_event: Any | None = ...) -> TupleResult[_TSelectParam]
app/modules/integrations/crud/integrations_crud.py:361: note:     def [_TSelectParam: Any] exec(self, statement: SelectOfScalar[_TSelectParam], *, params: Mapping[str, Any] | Sequence[Mapping[str, Any]] | None = ..., execution_options: Mapping[str, Any] = ..., bind_arguments: dict[str, Any] | None = ..., _parent_execute_state: Any | None = ..., _add_event: Any | None = ...) -> ScalarResult[_TSelectParam]
app/modules/integrations/crud/integrations_crud.py:361: note:     def exec(self, statement: UpdateBase, *, params: Mapping[str, Any] | Sequence[Mapping[str, Any]] | None = ..., execution_options: Mapping[str, Any] = ..., bind_arguments: dict[str, Any] | None = ..., _parent_execute_state: Any | None = ..., _add_event: Any | None = ...) -> CursorResult[Any]
app/modules/integrations/crud/integrations_crud.py:364: error: Argument 1 to "where" of "Select" has incompatible type "bool"; expected "ColumnElement[bool] | _HasClauseElement[bool] | SQLCoreOperations[bool] | ExpressionElementRole[bool] | TypedColumnsClauseRole[bool] | Callable[[], ColumnElement[bool]] | LambdaElement"  [arg-type]
app/modules/integrations/crud/integrations_crud.py:366: error: "datetime" has no attribute "desc"  [attr-defined]
app/modules/integrations/crud/integrations_crud.py:374: error: No overload variant of "select" matches argument types "str", "Label[int]", "Label[Any]"  [call-overload]
app/modules/integrations/crud/integrations_crud.py:374: note: Possible overload variants:
app/modules/integrations/crud/integrations_crud.py:374: note:     def [_T0: Any] select(TypedColumnsClauseRole[_T0] | SQLCoreOperations[_T0] | type[_T0], /) -> Select[tuple[_T0]]
app/modules/integrations/crud/integrations_crud.py:374: note:     def [_T0: Any, _T1: Any] select(TypedColumnsClauseRole[_T0] | SQLCoreOperations[_T0] | type[_T0], TypedColumnsClauseRole[_T1] | SQLCoreOperations[_T1] | type[_T1], /) -> Select[tuple[_T0, _T1]]
app/modules/integrations/crud/integrations_crud.py:374: note:     def [_T0: Any, _T1: Any, _T2: Any] select(TypedColumnsClauseRole[_T0] | SQLCoreOperations[_T0] | type[_T0], TypedColumnsClauseRole[_T1] | SQLCoreOperations[_T1] | type[_T1], TypedColumnsClauseRole[_T2] | SQLCoreOperations[_T2] | type[_T2], /) -> Select[tuple[_T0, _T1, _T2]]
app/modules/integrations/crud/integrations_crud.py:374: note:     def [_T0: Any, _T1: Any, _T2: Any, _T3: Any] select(TypedColumnsClauseRole[_T0] | SQLCoreOperations[_T0] | type[_T0], TypedColumnsClauseRole[_T1] | SQLCoreOperations[_T1] | type[_T1], TypedColumnsClauseRole[_T2] | SQLCoreOperations[_T2] | type[_T2], TypedColumnsClauseRole[_T3] | SQLCoreOperations[_T3] | type[_T3], /) -> Select[tuple[_T0, _T1, _T2, _T3]]
app/modules/integrations/crud/integrations_crud.py:374: note:     def [_T0: Any, _T1: Any, _T2: Any, _T3: Any, _T4: Any] select(TypedColumnsClauseRole[_T0] | SQLCoreOperations[_T0] | type[_T0], TypedColumnsClauseRole[_T1] | SQLCoreOperations[_T1] | type[_T1], TypedColumnsClauseRole[_T2] | SQLCoreOperations[_T2] | type[_T2], TypedColumnsClauseRole[_T3] | SQLCoreOperations[_T3] | type[_T3], TypedColumnsClauseRole[_T4] | SQLCoreOperations[_T4] | type[_T4], /) -> Select[tuple[_T0, _T1, _T2, _T3, _T4]]
app/modules/integrations/crud/integrations_crud.py:374: note:     def [_T0: Any, _T1: Any, _T2: Any, _T3: Any, _T4: Any, _T5: Any] select(TypedColumnsClauseRole[_T0] | SQLCoreOperations[_T0] | type[_T0], TypedColumnsClauseRole[_T1] | SQLCoreOperations[_T1] | type[_T1], TypedColumnsClauseRole[_T2] | SQLCoreOperations[_T2] | type[_T2], TypedColumnsClauseRole[_T3] | SQLCoreOperations[_T3] | type[_T3], TypedColumnsClauseRole[_T4] | SQLCoreOperations[_T4] | type[_T4], TypedColumnsClauseRole[_T5] | SQLCoreOperations[_T5] | type[_T5], /) -> Select[tuple[_T0, _T1, _T2, _T3, _T4, _T5]]
app/modules/integrations/crud/integrations_crud.py:374: note:     def [_T0: Any, _T1: Any, _T2: Any, _T3: Any, _T4: Any, _T5: Any, _T6: Any] select(TypedColumnsClauseRole[_T0] | SQLCoreOperations[_T0] | type[_T0], TypedColumnsClauseRole[_T1] | SQLCoreOperations[_T1] | type[_T1], TypedColumnsClauseRole[_T2] | SQLCoreOperations[_T2] | type[_T2], TypedColumnsClauseRole[_T3] | SQLCoreOperations[_T3] | type[_T3], TypedColumnsClauseRole[_T4] | SQLCoreOperations[_T4] | type[_T4], TypedColumnsClauseRole[_T5] | SQLCoreOperations[_T5] | type[_T5], TypedColumnsClauseRole[_T6] | SQLCoreOperations[_T6] | type[_T6], /) -> Select[tuple[_T0, _T1, _T2, _T3, _T4, _T5, _T6]]
app/modules/integrations/crud/integrations_crud.py:374: note:     def [_T0: Any, _T1: Any, _T2: Any, _T3: Any, _T4: Any, _T5: Any, _T6: Any, _T7: Any] select(TypedColumnsClauseRole[_T0] | SQLCoreOperations[_T0] | type[_T0], TypedColumnsClauseRole[_T1] | SQLCoreOperations[_T1] | type[_T1], TypedColumnsClauseRole[_T2] | SQLCoreOperations[_T2] | type[_T2], TypedColumnsClauseRole[_T3] | SQLCoreOperations[_T3] | type[_T3], TypedColumnsClauseRole[_T4] | SQLCoreOperations[_T4] | type[_T4], TypedColumnsClauseRole[_T5] | SQLCoreOperations[_T5] | type[_T5], TypedColumnsClauseRole[_T6] | SQLCoreOperations[_T6] | type[_T6], TypedColumnsClauseRole[_T7] | SQLCoreOperations[_T7] | type[_T7], /) -> Select[tuple[_T0, _T1, _T2, _T3, _T4, _T5, _T6, _T7]]
app/modules/integrations/crud/integrations_crud.py:374: note:     def [_T0: Any, _T1: Any, _T2: Any, _T3: Any, _T4: Any, _T5: Any, _T6: Any, _T7: Any, _T8: Any] select(TypedColumnsClauseRole[_T0] | SQLCoreOperations[_T0] | type[_T0], TypedColumnsClauseRole[_T1] | SQLCoreOperations[_T1] | type[_T1], TypedColumnsClauseRole[_T2] | SQLCoreOperations[_T2] | type[_T2], TypedColumnsClauseRole[_T3] | SQLCoreOperations[_T3] | type[_T3], TypedColumnsClauseRole[_T4] | SQLCoreOperations[_T4] | type[_T4], TypedColumnsClauseRole[_T5] | SQLCoreOperations[_T5] | type[_T5], TypedColumnsClauseRole[_T6] | SQLCoreOperations[_T6] | type[_T6], TypedColumnsClauseRole[_T7] | SQLCoreOperations[_T7] | type[_T7], TypedColumnsClauseRole[_T8] | SQLCoreOperations[_T8] | type[_T8], /) -> Select[tuple[_T0, _T1, _T2, _T3, _T4, _T5, _T6, _T7, _T8]]
app/modules/integrations/crud/integrations_crud.py:374: note:     def [_T0: Any, _T1: Any, _T2: Any, _T3: Any, _T4: Any, _T5: Any, _T6: Any, _T7: Any, _T8: Any, _T9: Any] select(TypedColumnsClauseRole[_T0] | SQLCoreOperations[_T0] | type[_T0], TypedColumnsClauseRole[_T1] | SQLCoreOperations[_T1] | type[_T1], TypedColumnsClauseRole[_T2] | SQLCoreOperations[_T2] | type[_T2], TypedColumnsClauseRole[_T3] | SQLCoreOperations[_T3] | type[_T3], TypedColumnsClauseRole[_T4] | SQLCoreOperations[_T4] | type[_T4], TypedColumnsClauseRole[_T5] | SQLCoreOperations[_T5] | type[_T5], TypedColumnsClauseRole[_T6] | SQLCoreOperations[_T6] | type[_T6], TypedColumnsClauseRole[_T7] | SQLCoreOperations[_T7] | type[_T7], TypedColumnsClauseRole[_T8] | SQLCoreOperations[_T8] | type[_T8], TypedColumnsClauseRole[_T9] | SQLCoreOperations[_T9] | type[_T9], /) -> Select[tuple[_T0, _T1, _T2, _T3, _T4, _T5, _T6, _T7, _T8, _T9]]
app/modules/integrations/crud/integrations_crud.py:374: note:     def select(*entities: TypedColumnsClauseRole[Any] | ColumnsClauseRole | SQLCoreOperations[Any] | Literal['*', 1] | type[Any] | Inspectable[_HasClauseElement[Any]] | _HasClauseElement[Any], **Any) -> Select[Any]
app/modules/integrations/crud/integrations_crud.py:376: error: Argument 1 to "count" has incompatible type "UUID"; expected "ColumnElement[Any] | _HasClauseElement[Any] | SQLCoreOperations[Any] | ExpressionElementRole[Any] | TypedColumnsClauseRole[Any] | Callable[[], ColumnElement[Any]] | LambdaElement | Literal['*', 1] | None"  [arg-type]
app/modules/integrations/crud/integrations_crud.py:383: error: Argument 1 to "count" has incompatible type "UUID"; expected "ColumnElement[Any] | _HasClauseElement[Any] | SQLCoreOperations[Any] | ExpressionElementRole[Any] | TypedColumnsClauseRole[Any] | Callable[[], ColumnElement[Any]] | LambdaElement | Literal['*', 1] | None"  [arg-type]
app/modules/integrations/crud/integrations_crud.py:402: error: Returning Any from function declared to return "list[IntegrationSyncLog]"  [no-any-return]
app/modules/integrations/crud/integrations_crud.py:402: error: No overload variant of "exec" of "Session" matches argument type "Select[tuple[IntegrationSyncLog]]"  [call-overload]
app/modules/integrations/crud/integrations_crud.py:402: note: Possible overload variants:
app/modules/integrations/crud/integrations_crud.py:402: note:     def [_TSelectParam: Any] exec(self, statement: Select[_TSelectParam], *, params: Mapping[str, Any] | Sequence[Mapping[str, Any]] | None = ..., execution_options: Mapping[str, Any] = ..., bind_arguments: dict[str, Any] | None = ..., _parent_execute_state: Any | None = ..., _add_event: Any | None = ...) -> TupleResult[_TSelectParam]
app/modules/integrations/crud/integrations_crud.py:402: note:     def [_TSelectParam: Any] exec(self, statement: SelectOfScalar[_TSelectParam], *, params: Mapping[str, Any] | Sequence[Mapping[str, Any]] | None = ..., execution_options: Mapping[str, Any] = ..., bind_arguments: dict[str, Any] | None = ..., _parent_execute_state: Any | None = ..., _add_event: Any | None = ...) -> ScalarResult[_TSelectParam]
app/modules/integrations/crud/integrations_crud.py:402: note:     def exec(self, statement: UpdateBase, *, params: Mapping[str, Any] | Sequence[Mapping[str, Any]] | None = ..., execution_options: Mapping[str, Any] = ..., bind_arguments: dict[str, Any] | None = ..., _parent_execute_state: Any | None = ..., _add_event: Any | None = ...) -> CursorResult[Any]
app/modules/integrations/crud/integrations_crud.py:404: error: Argument 1 to "where" of "Select" has incompatible type "bool"; expected "ColumnElement[bool] | _HasClauseElement[bool] | SQLCoreOperations[bool] | ExpressionElementRole[bool] | TypedColumnsClauseRole[bool] | Callable[[], ColumnElement[bool]] | LambdaElement"  [arg-type]
app/modules/integrations/crud/integrations_crud.py:405: error: "datetime" has no attribute "desc"  [attr-defined]
app/modules/integrations/crud/integrations_crud.py:412: error: Returning Any from function declared to return "list[IntegrationSyncLog]"  [no-any-return]
app/modules/integrations/crud/integrations_crud.py:412: error: No overload variant of "exec" of "Session" matches argument type "Select[tuple[IntegrationSyncLog]]"  [call-overload]
app/modules/integrations/crud/integrations_crud.py:412: note: Possible overload variants:
app/modules/integrations/crud/integrations_crud.py:412: note:     def [_TSelectParam: Any] exec(self, statement: Select[_TSelectParam], *, params: Mapping[str, Any] | Sequence[Mapping[str, Any]] | None = ..., execution_options: Mapping[str, Any] = ..., bind_arguments: dict[str, Any] | None = ..., _parent_execute_state: Any | None = ..., _add_event: Any | None = ...) -> TupleResult[_TSelectParam]
app/modules/integrations/crud/integrations_crud.py:412: note:     def [_TSelectParam: Any] exec(self, statement: SelectOfScalar[_TSelectParam], *, params: Mapping[str, Any] | Sequence[Mapping[str, Any]] | None = ..., execution_options: Mapping[str, Any] = ..., bind_arguments: dict[str, Any] | None = ..., _parent_execute_state: Any | None = ..., _add_event: Any | None = ...) -> ScalarResult[_TSelectParam]
app/modules/integrations/crud/integrations_crud.py:412: note:     def exec(self, statement: UpdateBase, *, params: Mapping[str, Any] | Sequence[Mapping[str, Any]] | None = ..., execution_options: Mapping[str, Any] = ..., bind_arguments: dict[str, Any] | None = ..., _parent_execute_state: Any | None = ..., _add_event: Any | None = ...) -> CursorResult[Any]
app/modules/integrations/crud/integrations_crud.py:415: error: Argument 1 to "where" of "Select" has incompatible type "bool"; expected "ColumnElement[bool] | _HasClauseElement[bool] | SQLCoreOperations[bool] | ExpressionElementRole[bool] | TypedColumnsClauseRole[bool] | Callable[[], ColumnElement[bool]] | LambdaElement"  [arg-type]
app/modules/integrations/crud/integrations_crud.py:418: error: "datetime" has no attribute "desc"  [attr-defined]
app/modules/integrations/crud/integrations_crud.py:442: error: Incompatible return value type (got "IntegrationSyncLog | None", expected "IntegrationSyncLog")  [return-value]
app/modules/integrations/crud/integrations_crud.py:449: error: Returning Any from function declared to return "WeatherData | None"  [no-any-return]
app/modules/integrations/crud/integrations_crud.py:449: error: No overload variant of "exec" of "Session" matches argument type "Select[tuple[WeatherData]]"  [call-overload]
app/modules/integrations/crud/integrations_crud.py:449: note: Possible overload variants:
app/modules/integrations/crud/integrations_crud.py:449: note:     def [_TSelectParam: Any] exec(self, statement: Select[_TSelectParam], *, params: Mapping[str, Any] | Sequence[Mapping[str, Any]] | None = ..., execution_options: Mapping[str, Any] = ..., bind_arguments: dict[str, Any] | None = ..., _parent_execute_state: Any | None = ..., _add_event: Any | None = ...) -> TupleResult[_TSelectParam]
app/modules/integrations/crud/integrations_crud.py:449: note:     def [_TSelectParam: Any] exec(self, statement: SelectOfScalar[_TSelectParam], *, params: Mapping[str, Any] | Sequence[Mapping[str, Any]] | None = ..., execution_options: Mapping[str, Any] = ..., bind_arguments: dict[str, Any] | None = ..., _parent_execute_state: Any | None = ..., _add_event: Any | None = ...) -> ScalarResult[_TSelectParam]
app/modules/integrations/crud/integrations_crud.py:449: note:     def exec(self, statement: UpdateBase, *, params: Mapping[str, Any] | Sequence[Mapping[str, Any]] | None = ..., execution_options: Mapping[str, Any] = ..., bind_arguments: dict[str, Any] | None = ..., _parent_execute_state: Any | None = ..., _add_event: Any | None = ...) -> CursorResult[Any]
app/modules/integrations/crud/integrations_crud.py:453: error: Argument 1 to "and_" has incompatible type "bool"; expected "Literal[True] | ColumnElement[bool] | _HasClauseElement[bool] | SQLCoreOperations[bool] | ExpressionElementRole[bool] | TypedColumnsClauseRole[bool] | Callable[[], ColumnElement[bool]] | LambdaElement"  [arg-type]
app/modules/integrations/crud/integrations_crud.py:454: error: Argument 2 to "and_" has incompatible type "bool"; expected "ColumnElement[bool] | _HasClauseElement[bool] | SQLCoreOperations[bool] | ExpressionElementRole[bool] | TypedColumnsClauseRole[bool] | Callable[[], ColumnElement[bool]] | LambdaElement"  [arg-type]
app/modules/integrations/crud/integrations_crud.py:457: error: "datetime" has no attribute "desc"  [attr-defined]
app/modules/integrations/crud/integrations_crud.py:462: error: Argument 1 to "where" of "DMLWhereBase" has incompatible type "bool"; expected "ColumnElement[bool] | _HasClauseElement[bool] | SQLCoreOperations[bool] | ExpressionElementRole[bool] | TypedColumnsClauseRole[bool] | Callable[[], ColumnElement[bool]] | LambdaElement"  [arg-type]
app/modules/integrations/crud/integrations_crud.py:470: error: Returning Any from function declared to return "StockData | None"  [no-any-return]
app/modules/integrations/crud/integrations_crud.py:470: error: No overload variant of "exec" of "Session" matches argument type "Select[tuple[StockData]]"  [call-overload]
app/modules/integrations/crud/integrations_crud.py:470: note: Possible overload variants:
app/modules/integrations/crud/integrations_crud.py:470: note:     def [_TSelectParam: Any] exec(self, statement: Select[_TSelectParam], *, params: Mapping[str, Any] | Sequence[Mapping[str, Any]] | None = ..., execution_options: Mapping[str, Any] = ..., bind_arguments: dict[str, Any] | None = ..., _parent_execute_state: Any | None = ..., _add_event: Any | None = ...) -> TupleResult[_TSelectParam]
app/modules/integrations/crud/integrations_crud.py:470: note:     def [_TSelectParam: Any] exec(self, statement: SelectOfScalar[_TSelectParam], *, params: Mapping[str, Any] | Sequence[Mapping[str, Any]] | None = ..., execution_options: Mapping[str, Any] = ..., bind_arguments: dict[str, Any] | None = ..., _parent_execute_state: Any | None = ..., _add_event: Any | None = ...) -> ScalarResult[_TSelectParam]
app/modules/integrations/crud/integrations_crud.py:470: note:     def exec(self, statement: UpdateBase, *, params: Mapping[str, Any] | Sequence[Mapping[str, Any]] | None = ..., execution_options: Mapping[str, Any] = ..., bind_arguments: dict[str, Any] | None = ..., _parent_execute_state: Any | None = ..., _add_event: Any | None = ...) -> CursorResult[Any]
app/modules/integrations/crud/integrations_crud.py:474: error: Argument 1 to "and_" has incompatible type "bool"; expected "Literal[True] | ColumnElement[bool] | _HasClauseElement[bool] | SQLCoreOperations[bool] | ExpressionElementRole[bool] | TypedColumnsClauseRole[bool] | Callable[[], ColumnElement[bool]] | LambdaElement"  [arg-type]
app/modules/integrations/crud/integrations_crud.py:474: error: Argument 2 to "and_" has incompatible type "bool"; expected "ColumnElement[bool] | _HasClauseElement[bool] | SQLCoreOperations[bool] | ExpressionElementRole[bool] | TypedColumnsClauseRole[bool] | Callable[[], ColumnElement[bool]] | LambdaElement"  [arg-type]
app/modules/integrations/crud/integrations_crud.py:477: error: "datetime" has no attribute "desc"  [attr-defined]
app/modules/integrations/crud/integrations_crud.py:483: error: Returning Any from function declared to return "list[StockData]"  [no-any-return]
app/modules/integrations/crud/integrations_crud.py:483: error: No overload variant of "exec" of "Session" matches argument type "Select[tuple[StockData]]"  [call-overload]
app/modules/integrations/crud/integrations_crud.py:483: note: Possible overload variants:
app/modules/integrations/crud/integrations_crud.py:483: note:     def [_TSelectParam: Any] exec(self, statement: Select[_TSelectParam], *, params: Mapping[str, Any] | Sequence[Mapping[str, Any]] | None = ..., execution_options: Mapping[str, Any] = ..., bind_arguments: dict[str, Any] | None = ..., _parent_execute_state: Any | None = ..., _add_event: Any | None = ...) -> TupleResult[_TSelectParam]
app/modules/integrations/crud/integrations_crud.py:483: note:     def [_TSelectParam: Any] exec(self, statement: SelectOfScalar[_TSelectParam], *, params: Mapping[str, Any] | Sequence[Mapping[str, Any]] | None = ..., execution_options: Mapping[str, Any] = ..., bind_arguments: dict[str, Any] | None = ..., _parent_execute_state: Any | None = ..., _add_event: Any | None = ...) -> ScalarResult[_TSelectParam]
app/modules/integrations/crud/integrations_crud.py:483: note:     def exec(self, statement: UpdateBase, *, params: Mapping[str, Any] | Sequence[Mapping[str, Any]] | None = ..., execution_options: Mapping[str, Any] = ..., bind_arguments: dict[str, Any] | None = ..., _parent_execute_state: Any | None = ..., _add_event: Any | None = ...) -> CursorResult[Any]
app/modules/integrations/crud/integrations_crud.py:486: error: "str" has no attribute "in_"  [attr-defined]
app/modules/integrations/crud/integrations_crud.py:487: error: Argument 2 to "and_" has incompatible type "bool"; expected "ColumnElement[bool] | _HasClauseElement[bool] | SQLCoreOperations[bool] | ExpressionElementRole[bool] | TypedColumnsClauseRole[bool] | Callable[[], ColumnElement[bool]] | LambdaElement"  [arg-type]
app/modules/integrations/crud/integrations_crud.py:494: error: Argument 1 to "where" of "DMLWhereBase" has incompatible type "bool"; expected "ColumnElement[bool] | _HasClauseElement[bool] | SQLCoreOperations[bool] | ExpressionElementRole[bool] | TypedColumnsClauseRole[bool] | Callable[[], ColumnElement[bool]] | LambdaElement"  [arg-type]
app/modules/integrations/crud/integrations_crud.py:505: error: Argument 1 to "and_" has incompatible type "bool"; expected "Literal[True] | ColumnElement[bool] | _HasClauseElement[bool] | SQLCoreOperations[bool] | ExpressionElementRole[bool] | TypedColumnsClauseRole[bool] | Callable[[], ColumnElement[bool]] | LambdaElement"  [arg-type]
app/modules/integrations/crud/integrations_crud.py:505: error: Argument 2 to "and_" has incompatible type "bool"; expected "ColumnElement[bool] | _HasClauseElement[bool] | SQLCoreOperations[bool] | ExpressionElementRole[bool] | TypedColumnsClauseRole[bool] | Callable[[], ColumnElement[bool]] | LambdaElement"  [arg-type]
app/modules/integrations/crud/integrations_crud.py:508: error: Argument 1 to "where" of "Select" has incompatible type "bool"; expected "ColumnElement[bool] | _HasClauseElement[bool] | SQLCoreOperations[bool] | ExpressionElementRole[bool] | TypedColumnsClauseRole[bool] | Callable[[], ColumnElement[bool]] | LambdaElement"  [arg-type]
app/modules/integrations/crud/integrations_crud.py:509: error: No overload variant of "exec" of "Session" matches argument type "Select[tuple[SportsData]]"  [call-overload]
app/modules/integrations/crud/integrations_crud.py:509: note: Possible overload variants:
app/modules/integrations/crud/integrations_crud.py:509: note:     def [_TSelectParam: Any] exec(self, statement: Select[_TSelectParam], *, params: Mapping[str, Any] | Sequence[Mapping[str, Any]] | None = ..., execution_options: Mapping[str, Any] = ..., bind_arguments: dict[str, Any] | None = ..., _parent_execute_state: Any | None = ..., _add_event: Any | None = ...) -> TupleResult[_TSelectParam]
app/modules/integrations/crud/integrations_crud.py:509: note:     def [_TSelectParam: Any] exec(self, statement: SelectOfScalar[_TSelectParam], *, params: Mapping[str, Any] | Sequence[Mapping[str, Any]] | None = ..., execution_options: Mapping[str, Any] = ..., bind_arguments: dict[str, Any] | None = ..., _parent_execute_state: Any | None = ..., _add_event: Any | None = ...) -> ScalarResult[_TSelectParam]
app/modules/integrations/crud/integrations_crud.py:509: note:     def exec(self, statement: UpdateBase, *, params: Mapping[str, Any] | Sequence[Mapping[str, Any]] | None = ..., execution_options: Mapping[str, Any] = ..., bind_arguments: dict[str, Any] | None = ..., _parent_execute_state: Any | None = ..., _add_event: Any | None = ...) -> CursorResult[Any]
app/modules/integrations/crud/integrations_crud.py:518: error: Argument 1 to "and_" has incompatible type "bool"; expected "Literal[True] | ColumnElement[bool] | _HasClauseElement[bool] | SQLCoreOperations[bool] | ExpressionElementRole[bool] | TypedColumnsClauseRole[bool] | Callable[[], ColumnElement[bool]] | LambdaElement"  [arg-type]
app/modules/integrations/crud/integrations_crud.py:519: error: Argument 2 to "and_" has incompatible type "bool"; expected "ColumnElement[bool] | _HasClauseElement[bool] | SQLCoreOperations[bool] | ExpressionElementRole[bool] | TypedColumnsClauseRole[bool] | Callable[[], ColumnElement[bool]] | LambdaElement"  [arg-type]
app/modules/integrations/crud/integrations_crud.py:522: error: "datetime" has no attribute "asc"  [attr-defined]
app/modules/integrations/crud/integrations_crud.py:525: error: Argument 1 to "where" of "Select" has incompatible type "bool"; expected "ColumnElement[bool] | _HasClauseElement[bool] | SQLCoreOperations[bool] | ExpressionElementRole[bool] | TypedColumnsClauseRole[bool] | Callable[[], ColumnElement[bool]] | LambdaElement"  [arg-type]
app/modules/integrations/crud/integrations_crud.py:526: error: Returning Any from function declared to return "list[SportsData]"  [no-any-return]
app/modules/integrations/crud/integrations_crud.py:526: error: No overload variant of "exec" of "Session" matches argument type "Select[tuple[SportsData]]"  [call-overload]
app/modules/integrations/crud/integrations_crud.py:526: note: Possible overload variants:
app/modules/integrations/crud/integrations_crud.py:526: note:     def [_TSelectParam: Any] exec(self, statement: Select[_TSelectParam], *, params: Mapping[str, Any] | Sequence[Mapping[str, Any]] | None = ..., execution_options: Mapping[str, Any] = ..., bind_arguments: dict[str, Any] | None = ..., _parent_execute_state: Any | None = ..., _add_event: Any | None = ...) -> TupleResult[_TSelectParam]
app/modules/integrations/crud/integrations_crud.py:526: note:     def [_TSelectParam: Any] exec(self, statement: SelectOfScalar[_TSelectParam], *, params: Mapping[str, Any] | Sequence[Mapping[str, Any]] | None = ..., execution_options: Mapping[str, Any] = ..., bind_arguments: dict[str, Any] | None = ..., _parent_execute_state: Any | None = ..., _add_event: Any | None = ...) -> ScalarResult[_TSelectParam]
app/modules/integrations/crud/integrations_crud.py:526: note:     def exec(self, statement: UpdateBase, *, params: Mapping[str, Any] | Sequence[Mapping[str, Any]] | None = ..., execution_options: Mapping[str, Any] = ..., bind_arguments: dict[str, Any] | None = ..., _parent_execute_state: Any | None = ..., _add_event: Any | None = ...) -> CursorResult[Any]
app/modules/integrations/crud/integrations_crud.py:530: error: Argument 1 to "where" of "DMLWhereBase" has incompatible type "bool"; expected "ColumnElement[bool] | _HasClauseElement[bool] | SQLCoreOperations[bool] | ExpressionElementRole[bool] | TypedColumnsClauseRole[bool] | Callable[[], ColumnElement[bool]] | LambdaElement"  [arg-type]








app/modules/analytics/crud/analytics_crud.py:43: error: Argument 1 to "order_by" of "GenerativeSelect" has incompatible type "datetime"; expected "Literal[_NoArg.NO_ARG] | str | ColumnElement[Any] | _HasClauseElement[Any] | SQLCoreOperations[Any] | ExpressionElementRole[Any] | TypedColumnsClauseRole[Any] | Callable[[], ColumnElement[Any]] | LambdaElement | None"  [arg-type]
app/modules/analytics/crud/analytics_crud.py:126: error: Argument 1 to "order_by" of "GenerativeSelect" has incompatible type "datetime"; expected "Literal[_NoArg.NO_ARG] | str | ColumnElement[Any] | _HasClauseElement[Any] | SQLCoreOperations[Any] | ExpressionElementRole[Any] | TypedColumnsClauseRole[Any] | Callable[[], ColumnElement[Any]] | LambdaElement | None"  [arg-type]
app/modules/analytics/crud/analytics_crud.py:210: error: Argument 1 to "order_by" of "GenerativeSelect" has incompatible type "datetime"; expected "Literal[_NoArg.NO_ARG] | str | ColumnElement[Any] | _HasClauseElement[Any] | SQLCoreOperations[Any] | ExpressionElementRole[Any] | TypedColumnsClauseRole[Any] | Callable[[], ColumnElement[Any]] | LambdaElement | None"  [arg-type]




app/modules/news/model/factcheck.py:114: error: Name "News" is not defined  [name-defined]





app/modules/auth/model/token.py:135: error: Name "is_active" already defined on line 120  [no-redef]



app/modules/users/model/user.py:129: error: Name "Follow" is not defined  [name-defined]
app/modules/users/model/user.py:133: error: Name "Follow" is not defined  [name-defined]
app/modules/users/model/user.py:331: error: Name "received_notifications" already defined on line 139  [no-redef]
app/modules/users/model/user.py:336: error: Name "sent_notifications" already defined on line 143  [no-redef]
app/modules/users/model/user.py:343: error: Name "devices" already defined on line 147  [no-redef]
app/modules/users/model/user.py:346: error: Name "notification_preferences" already defined on line 149  [no-redef]
app/modules/users/model/user.py:351: error: Name "search_queries" already defined on line 154  [no-redef]
app/modules/users/model/user.py:354: error: Name "search_history" already defined on line 157  [no-redef]



app/modules/news/model/news.py:189: error: Name "settings" is not defined  [name-defined]
app/modules/news/model/news.py:190: error: Name "settings" is not defined  [name-defined]



app/modules/posts/model/post.py:161: error: Statement is unreachable  [unreachable]
app/modules/posts/model/post.py:165: error: Name "settings" is not defined  [name-defined]



app/core/config.py:66: error: Incompatible return value type (got "MultiHostUrl", expected "PostgresDsn")  [return-value]



app/modules/users/crud/crud_verification.py:204: error: Unsupported operand types for >= ("datetime" and "None")  [operator]
app/modules/users/crud/crud_verification.py:204: note: Left operand is of type "datetime | None"
app/modules/users/crud/crud_profile.py:83: error: Item "UUID" of "UUID | None" has no attribute "isnot"  [union-attr]
app/modules/users/crud/crud_profile.py:83: error: Item "None" of "UUID | None" has no attribute "isnot"  [union-attr]




app/modules/search/services/trending_service.py:23: error: Argument "obj_in" to "create" of "CRUDBase" has incompatible type "TrendingTopicCreate"; expected "TrendingTopic"  [arg-type]



app/modules/reels/crud/crud_effect.py:26: error: "int" has no attribute "desc"  [attr-defined]
app/modules/reels/crud/crud_effect.py:34: error: "int" has no attribute "desc"  [attr-defined]
app/modules/reels/crud/crud_effect.py:44: error: "datetime" has no attribute "desc"  [attr-defined]
app/modules/reels/crud/crud_effect.py:57: error: "str" has no attribute "ilike"  [attr-defined]
app/modules/reels/crud/crud_effect.py:58: error: "int" has no attribute "desc"  [attr-defined]




app/modules/news/crud/crud_category.py:27: error: Argument 1 to "order_by" of "GenerativeSelect" has incompatible type "int"; expected "Literal[_NoArg.NO_ARG] | str | ColumnElement[Any] | _HasClauseElement[Any] | SQLCoreOperations[Any] | ExpressionElementRole[Any] | TypedColumnsClauseRole[Any] | Callable[[], ColumnElement[Any]] | LambdaElement | None"  [arg-type]
app/modules/news/crud/crud_category.py:38: error: Argument 1 to "order_by" of "GenerativeSelect" has incompatible type "int"; expected "Literal[_NoArg.NO_ARG] | str | ColumnElement[Any] | _HasClauseElement[Any] | SQLCoreOperations[Any] | ExpressionElementRole[Any] | TypedColumnsClauseRole[Any] | Callable[[], ColumnElement[Any]] | LambdaElement | None"  [arg-type]
app/modules/news/crud/crud_category.py:49: error: Argument 1 to "order_by" of "GenerativeSelect" has incompatible type "int"; expected "Literal[_NoArg.NO_ARG] | str | ColumnElement[Any] | _HasClauseElement[Any] | SQLCoreOperations[Any] | ExpressionElementRole[Any] | TypedColumnsClauseRole[Any] | Callable[[], ColumnElement[Any]] | LambdaElement | None"  [arg-type]
app/modules/news/crud/crud_category.py:60: error: Argument 1 to "order_by" of "GenerativeSelect" has incompatible type "int"; expected "Literal[_NoArg.NO_ARG] | str | ColumnElement[Any] | _HasClauseElement[Any] | SQLCoreOperations[Any] | ExpressionElementRole[Any] | TypedColumnsClauseRole[Any] | Callable[[], ColumnElement[Any]] | LambdaElement | None"  [arg-type]
app/modules/monetization/crud/monetization_crud.py:31: error: Incompatible return value type (got "Sequence[SubscriptionTier]", expected "list[SubscriptionTier]")  [return-value]
app/modules/monetization/crud/monetization_crud.py:44: error: Incompatible return value type (got "Sequence[SubscriptionTier]", expected "list[SubscriptionTier]")  [return-value]
app/modules/monetization/crud/monetization_crud.py:48: error: Argument 1 to "order_by" of "GenerativeSelect" has incompatible type "Decimal"; expected "Literal[_NoArg.NO_ARG] | str | ColumnElement[Any] | _HasClauseElement[Any] | SQLCoreOperations[Any] | ExpressionElementRole[Any] | TypedColumnsClauseRole[Any] | Callable[[], ColumnElement[Any]] | LambdaElement | None"  [arg-type]
app/modules/monetization/crud/monetization_crud.py:61: error: Incompatible return value type (got "Sequence[UserSubscription]", expected "list[UserSubscription]")  [return-value]
app/modules/monetization/crud/monetization_crud.py:73: error: Incompatible return value type (got "Sequence[UserSubscription]", expected "list[UserSubscription]")  [return-value]
app/modules/monetization/crud/monetization_crud.py:84: error: Incompatible return value type (got "Sequence[UserSubscription]", expected "list[UserSubscription]")  [return-value]
app/modules/monetization/crud/monetization_crud.py:97: error: Incompatible return value type (got "Sequence[UserSubscription]", expected "list[UserSubscription]")  [return-value]
app/modules/monetization/crud/monetization_crud.py:112: error: Incompatible return value type (got "Sequence[Payment]", expected "list[Payment]")  [return-value]
app/modules/monetization/crud/monetization_crud.py:124: error: Incompatible return value type (got "Sequence[Payment]", expected "list[Payment]")  [return-value]
app/modules/monetization/crud/monetization_crud.py:148: error: Incompatible return value type (got "Sequence[Payment]", expected "list[Payment]")  [return-value]
app/modules/monetization/crud/monetization_crud.py:158: error: Incompatible return value type (got "Sequence[AdCampaign]", expected "list[AdCampaign]")  [return-value]
app/modules/monetization/crud/monetization_crud.py:169: error: Incompatible return value type (got "Sequence[AdCampaign]", expected "list[AdCampaign]")  [return-value]
app/modules/monetization/crud/monetization_crud.py:172: error: Unsupported operand types for >= ("datetime" and "None")  [operator]
app/modules/monetization/crud/monetization_crud.py:172: note: Left operand is of type "datetime | None"
app/modules/monetization/crud/monetization_crud.py:173: error: Item "datetime" of "datetime | None" has no attribute "is_"  [union-attr]
app/modules/monetization/crud/monetization_crud.py:173: error: Item "None" of "datetime | None" has no attribute "is_"  [union-attr]
app/modules/monetization/crud/monetization_crud.py:173: error: Unsupported operand types for <= ("datetime" and "None")  [operator]
app/modules/monetization/crud/monetization_crud.py:173: note: Left operand is of type "datetime | None"
app/modules/monetization/crud/monetization_crud.py:183: error: Argument 1 to "count" has incompatible type "UUID"; expected "ColumnElement[Any] | _HasClauseElement[Any] | SQLCoreOperations[Any] | ExpressionElementRole[Any] | TypedColumnsClauseRole[Any] | Callable[[], ColumnElement[Any]] | LambdaElement | Literal['*', 1] | None"  [arg-type]
app/modules/monetization/crud/monetization_crud.py:192: error: Item "tuple[int | Decimal, ...]" of "tuple[int, Decimal, int] | None" has no attribute "impressions"  [union-attr]
app/modules/monetization/crud/monetization_crud.py:192: error: Item "None" of "tuple[int, Decimal, int] | None" has no attribute "impressions"  [union-attr]
app/modules/monetization/crud/monetization_crud.py:193: error: Item "tuple[int | Decimal, ...]" of "tuple[int, Decimal, int] | None" has no attribute "total_cost"  [union-attr]
app/modules/monetization/crud/monetization_crud.py:193: error: Item "None" of "tuple[int, Decimal, int] | None" has no attribute "total_cost"  [union-attr]
app/modules/monetization/crud/monetization_crud.py:194: error: Item "tuple[int | Decimal, ...]" of "tuple[int, Decimal, int] | None" has no attribute "unique_users"  [union-attr]
app/modules/monetization/crud/monetization_crud.py:194: error: Item "None" of "tuple[int, Decimal, int] | None" has no attribute "unique_users"  [union-attr]
app/modules/monetization/crud/monetization_crud.py:205: error: Incompatible return value type (got "Sequence[AdImpression]", expected "list[AdImpression]")  [return-value]
app/modules/monetization/crud/monetization_crud.py:232: error: Incompatible return value type (got "Decimal | int", expected "float")  [return-value]
app/modules/monetization/crud/monetization_crud.py:242: error: Incompatible return value type (got "Sequence[CreatorEarning]", expected "list[CreatorEarning]")  [return-value]
app/modules/monetization/crud/monetization_crud.py:254: error: Incompatible return value type (got "Sequence[CreatorEarning]", expected "list[CreatorEarning]")  [return-value]
app/modules/monetization/crud/monetization_crud.py:258: error: Item "UUID" of "UUID | None" has no attribute "is_"  [union-attr]
app/modules/monetization/crud/monetization_crud.py:258: error: Item "None" of "UUID | None" has no attribute "is_"  [union-attr]
app/modules/monetization/crud/monetization_crud.py:272: error: Argument 1 to "count" has incompatible type "UUID"; expected "ColumnElement[Any] | _HasClauseElement[Any] | SQLCoreOperations[Any] | ExpressionElementRole[Any] | TypedColumnsClauseRole[Any] | Callable[[], ColumnElement[Any]] | LambdaElement | Literal['*', 1] | None"  [arg-type]
app/modules/monetization/crud/monetization_crud.py:283: error: Item "tuple[Decimal | int, ...]" of "tuple[Decimal, int] | None" has no attribute "total_earnings"  [union-attr]
app/modules/monetization/crud/monetization_crud.py:283: error: Item "None" of "tuple[Decimal, int] | None" has no attribute "total_earnings"  [union-attr]
app/modules/monetization/crud/monetization_crud.py:284: error: Item "tuple[Decimal | int, ...]" of "tuple[Decimal, int] | None" has no attribute "transaction_count"  [union-attr]
app/modules/monetization/crud/monetization_crud.py:284: error: Item "None" of "tuple[Decimal, int] | None" has no attribute "transaction_count"  [union-attr]
app/modules/monetization/crud/monetization_crud.py:295: error: Incompatible return value type (got "Sequence[CreatorPayout]", expected "list[CreatorPayout]")  [return-value]
app/modules/monetization/crud/monetization_crud.py:305: error: Incompatible return value type (got "Sequence[CreatorPayout]", expected "list[CreatorPayout]")  [return-value]
app/modules/monetization/crud/monetization_crud.py:308: error: Argument 1 to "order_by" of "GenerativeSelect" has incompatible type "datetime"; expected "Literal[_NoArg.NO_ARG] | str | ColumnElement[Any] | _HasClauseElement[Any] | SQLCoreOperations[Any] | ExpressionElementRole[Any] | TypedColumnsClauseRole[Any] | Callable[[], ColumnElement[Any]] | LambdaElement | None"  [arg-type]
app/modules/monetization/crud/monetization_crud.py:321: error: Incompatible return value type (got "Sequence[SponsoredContent]", expected "list[SponsoredContent]")  [return-value]
app/modules/monetization/crud/monetization_crud.py:333: error: Incompatible return value type (got "Sequence[SponsoredContent]", expected "list[SponsoredContent]")  [return-value]
app/modules/monetization/crud/monetization_crud.py:347: error: Incompatible return value type (got "Sequence[PremiumFeature]", expected "list[PremiumFeature]")  [return-value]
app/modules/monetization/crud/monetization_crud.py:350: error: Argument 1 to "order_by" of "GenerativeSelect" has incompatible type "Decimal"; expected "Literal[_NoArg.NO_ARG] | str | ColumnElement[Any] | _HasClauseElement[Any] | SQLCoreOperations[Any] | ExpressionElementRole[Any] | TypedColumnsClauseRole[Any] | Callable[[], ColumnElement[Any]] | LambdaElement | None"  [arg-type]
app/modules/monetization/crud/monetization_crud.py:357: error: Incompatible return value type (got "Sequence[PremiumFeature]", expected "list[PremiumFeature]")  [return-value]
app/modules/monetization/crud/monetization_crud.py:361: error: Argument 1 to "order_by" of "GenerativeSelect" has incompatible type "Decimal"; expected "Literal[_NoArg.NO_ARG] | str | ColumnElement[Any] | _HasClauseElement[Any] | SQLCoreOperations[Any] | ExpressionElementRole[Any] | TypedColumnsClauseRole[Any] | Callable[[], ColumnElement[Any]] | LambdaElement | None"  [arg-type]
app/modules/monetization/crud/monetization_crud.py:374: error: Incompatible return value type (got "Sequence[PremiumFeaturePurchase]", expected "list[PremiumFeaturePurchase]")  [return-value]
app/modules/monetization/crud/monetization_crud.py:387: error: Incompatible return value type (got "Sequence[PremiumFeaturePurchase]", expected "list[PremiumFeaturePurchase]")  [return-value]
app/modules/monetization/crud/monetization_crud.py:392: error: Item "datetime" of "datetime | None" has no attribute "is_"  [union-attr]
app/modules/monetization/crud/monetization_crud.py:392: error: Item "None" of "datetime | None" has no attribute "is_"  [union-attr]
app/modules/monetization/crud/monetization_crud.py:393: error: Unsupported operand types for < ("datetime" and "None")  [operator]
app/modules/monetization/crud/monetization_crud.py:393: note: Left operand is of type "datetime | None"
app/modules/monetization/crud/monetization_crud.py:396: error: Item "int" of "int | None" has no attribute "is_"  [union-attr]
app/modules/monetization/crud/monetization_crud.py:396: error: Item "None" of "int | None" has no attribute "is_"  [union-attr]
app/modules/monetization/crud/monetization_crud.py:398: error: Unsupported operand types for < ("int" and "None")  [operator]
app/modules/monetization/crud/monetization_crud.py:398: note: Right operand is of type "int | None"
app/modules/monetization/crud/monetization_crud.py:408: error: Incompatible return value type (got "Sequence[PremiumFeaturePurchase]", expected "list[PremiumFeaturePurchase]")  [return-value]
app/modules/messaging/crud/crud_participant.py:72: error: "ParticipantRole" has no attribute "in_"  [attr-defined]
app/modules/messaging/crud/crud_participant.py:94: error: Incompatible types in assignment (expression has type "str", variable has type "ParticipantStatus")  [assignment]
app/modules/messaging/crud/crud_message.py:23: error: "datetime" has no attribute "desc"  [attr-defined]
app/modules/messaging/crud/crud_message.py:44: error: "datetime" has no attribute "asc"  [attr-defined]
app/modules/messaging/crud/crud_message.py:63: error: "datetime" has no attribute "desc"  [attr-defined]
app/modules/messaging/crud/crud_message.py:87: error: "datetime" has no attribute "asc"  [attr-defined]
app/modules/messaging/crud/crud_message.py:94: error: "UUID" has no attribute "in_"  [attr-defined]
app/modules/messaging/crud/crud_message.py:99: error: "type[MessageStatus]" has no attribute "SENT"  [attr-defined]
app/modules/messaging/crud/crud_message.py:100: error: "type[MessageStatus]" has no attribute "DELIVERED"  [attr-defined]
app/modules/messaging/crud/crud_message.py:117: error: "UUID" has no attribute "in_"  [attr-defined]
app/modules/messaging/crud/crud_message.py:124: error: "type[MessageStatus]" has no attribute "SENT"  [attr-defined]
app/modules/messaging/crud/crud_message.py:124: error: "type[MessageStatus]" has no attribute "DELIVERED"  [attr-defined]
app/modules/messaging/crud/crud_message.py:125: error: "type[MessageStatus]" has no attribute "READ"  [attr-defined]
app/modules/messaging/crud/crud_message.py:214: error: Item "str" of "str | None" has no attribute "ilike"  [union-attr]
app/modules/messaging/crud/crud_message.py:214: error: Item "None" of "str | None" has no attribute "ilike"  [union-attr]
app/modules/messaging/crud/crud_message.py:225: error: "datetime" has no attribute "desc"  [attr-defined]
app/modules/live_streams/crud/crud_viewer.py:33: error: Item "datetime" of "datetime | None" has no attribute "is_"  [union-attr]
app/modules/live_streams/crud/crud_viewer.py:33: error: Item "None" of "datetime | None" has no attribute "is_"  [union-attr]
app/modules/live_streams/crud/crud_viewer.py:125: error: "type[ViewerRole]" has no attribute "MODERATOR"  [attr-defined]
app/modules/live_streams/crud/crud_viewer.py:126: error: Item "datetime" of "datetime | None" has no attribute "is_"  [union-attr]
app/modules/live_streams/crud/crud_viewer.py:126: error: Item "None" of "datetime | None" has no attribute "is_"  [union-attr]
app/modules/live_streams/crud/crud_badge.py:39: error: "datetime" has no attribute "desc"  [attr-defined]
app/modules/live_streams/crud/crud_badge.py:70: error: Need type annotation for "donor_totals" (hint: "donor_totals: dict[<type>, <type>] = ...")  [var-annotated]
app/modules/live_streams/crud/crud_badge.py:110: error: Need type annotation for "stats"  [var-annotated]
app/modules/live_streams/crud/crud_badge.py:124: error: Unsupported target for indexed assignment ("dict[Any, Any] | float | Literal[0]")  [index]
app/modules/live_streams/crud/crud_badge.py:125: error: Item "float" of "dict[Any, Any] | float | Literal[0]" has no attribute "get"  [union-attr]
app/modules/live_streams/crud/crud_badge.py:125: error: Item "int" of "dict[Any, Any] | float | Literal[0]" has no attribute "get"  [union-attr]
app/modules/live_streams/crud/crud_badge.py:130: error: Unsupported target for indexed assignment ("dict[Any, Any] | float | Literal[0]")  [index]
app/modules/live_streams/crud/crud_badge.py:131: error: Item "float" of "dict[Any, Any] | float | Literal[0]" has no attribute "get"  [union-attr]
app/modules/live_streams/crud/crud_badge.py:131: error: Item "int" of "dict[Any, Any] | float | Literal[0]" has no attribute "get"  [union-attr]
app/modules/integrations/services/integrations_service.py:81: error: Argument "obj_in" to "create" of "CRUDBase" has incompatible type "Integration"; expected "IntegrationCreate"  [arg-type]
app/modules/integrations/services/integrations_service.py:88: error: Argument "db_obj" to "update" of "CRUDBase" has incompatible type "Integration | None"; expected "Integration"  [arg-type]
app/modules/integrations/services/integrations_service.py:137: error: Argument "obj_in" to "create" of "CRUDBase" has incompatible type "Webhook"; expected "WebhookCreate"  [arg-type]
app/modules/integrations/services/integrations_service.py:142: error: Argument "db_obj" to "update" of "CRUDBase" has incompatible type "Webhook | None"; expected "Webhook"  [arg-type]
app/modules/integrations/services/integrations_service.py:172: error: Argument "obj_in" to "create" of "CRUDBase" has incompatible type "WebhookDelivery"; expected "WebhookDeliveryCreate"  [arg-type]
app/modules/integrations/services/integrations_service.py:265: error: Unexpected keyword argument "key_hash" for "APIKeyCreate"  [call-arg]
app/modules/integrations/services/integrations_service.py:275: error: Argument "obj_in" to "create" of "CRUDBase" has incompatible type "APIKey"; expected "APIKeyCreate"  [arg-type]
app/modules/integrations/services/integrations_service.py:279: error: Argument "api_key" to "APIKeyGenerateResponse" has incompatible type "APIKey"; expected "APIKeyPublic | None"  [arg-type]
app/modules/integrations/services/integrations_service.py:349: error: Argument "obj_in" to "create" of "CRUDBase" has incompatible type "SocialMediaPost"; expected "SocialMediaPostCreate"  [arg-type]
app/modules/integrations/services/integrations_service.py:387: error: Missing named argument "articles_fetched" for "NewsFetchResponse"  [call-arg]
app/modules/integrations/services/integrations_service.py:387: error: Missing named argument "sources_updated" for "NewsFetchResponse"  [call-arg]
app/modules/integrations/services/integrations_service.py:449: error: Missing named argument "articles_fetched" for "NewsFetchResponse"  [call-arg]
app/modules/integrations/services/integrations_service.py:449: error: Missing named argument "sources_updated" for "NewsFetchResponse"  [call-arg]
app/modules/integrations/services/integrations_service.py:470: error: Argument "data" to "WeatherResponse" has incompatible type "WeatherData"; expected "WeatherDataPublic | None"  [arg-type]
app/modules/integrations/services/integrations_service.py:478: error: Argument "temperature_celsius" to "WeatherDataCreate" has incompatible type "float"; expected "Decimal"  [arg-type]
app/modules/integrations/services/integrations_service.py:479: error: Argument "temperature_fahrenheit" to "WeatherDataCreate" has incompatible type "float"; expected "Decimal"  [arg-type]
app/modules/integrations/services/integrations_service.py:481: error: Argument "wind_speed_kmh" to "WeatherDataCreate" has incompatible type "float"; expected "Decimal"  [arg-type]
app/modules/integrations/services/integrations_service.py:482: error: Argument "wind_speed_mph" to "WeatherDataCreate" has incompatible type "float"; expected "Decimal"  [arg-type]
app/modules/integrations/services/integrations_service.py:496: error: Argument "obj_in" to "create" of "CRUDBase" has incompatible type "WeatherData"; expected "WeatherDataCreate"  [arg-type]
app/modules/integrations/services/integrations_service.py:504: error: Argument "data" to "WeatherResponse" has incompatible type "WeatherData"; expected "WeatherDataPublic | None"  [arg-type]
app/modules/integrations/services/integrations_service.py:539: error: Argument "current_price" to "StockDataCreate" has incompatible type "float"; expected "Decimal"  [arg-type]
app/modules/integrations/services/integrations_service.py:540: error: Argument "change_amount" to "StockDataCreate" has incompatible type "float"; expected "Decimal"  [arg-type]
app/modules/integrations/services/integrations_service.py:541: error: Argument "change_percent" to "StockDataCreate" has incompatible type "float"; expected "Decimal"  [arg-type]
app/modules/integrations/services/integrations_service.py:543: error: Argument "market_cap" to "StockDataCreate" has incompatible type "int"; expected "Decimal | None"  [arg-type]
app/modules/integrations/services/integrations_service.py:544: error: Argument "pe_ratio" to "StockDataCreate" has incompatible type "float"; expected "Decimal | None"  [arg-type]
app/modules/integrations/services/integrations_service.py:553: error: Argument "obj_in" to "create" of "CRUDBase" has incompatible type "StockData"; expected "StockDataCreate"  [arg-type]
app/modules/integrations/services/integrations_service.py:561: error: Argument "data" to "StockResponse" has incompatible type "list[StockData]"; expected "list[StockDataPublic] | None"  [arg-type]
app/modules/integrations/services/integrations_service.py:615: error: Argument "obj_in" to "create" of "CRUDBase" has incompatible type "SportsData"; expected "SportsDataCreate"  [arg-type]
app/modules/integrations/services/integrations_service.py:624: error: Argument "data" to "SportsResponse" has incompatible type "list[SportsData]"; expected "list[SportsDataPublic] | None"  [arg-type]
app/modules/integrations/services/integrations_service.py:647: error: Argument "obj_in" to "create" of "CRUDBase" has incompatible type "IntegrationSyncLog"; expected "IntegrationSyncLogCreate"  [arg-type]
app/modules/integrations/services/integrations_service.py:700: error: Need type annotation for "integrations_by_type" (hint: "integrations_by_type: dict[<type>, <type>] = ...")  [var-annotated]
app/modules/integrations/services/integrations_service.py:701: error: Need type annotation for "integrations_by_status" (hint: "integrations_by_status: dict[<type>, <type>] = ...")  [var-annotated]
app/modules/integrations/services/integrations_service.py:732: error: Argument "recent_syncs" to "IntegrationStatsResponse" has incompatible type "list[IntegrationSyncLog]"; expected "list[IntegrationSyncLogPublic]"  [arg-type]
app/modules/integrations/services/integrations_service.py:764: error: Argument "recent_deliveries" to "WebhookStatsResponse" has incompatible type "list[WebhookDelivery]"; expected "list[WebhookDeliveryPublic]"  [arg-type]
app/modules/integrations/services/integrations_service.py:795: error: Argument "recent_requests" to "APIKeyStatsResponse" has incompatible type "list[APIRequestLog]"; expected "list[APIRequestLogPublic]"  [arg-type]
app/modules/content_moderation/crud/moderation_crud.py:46: error: Incompatible return value type (got "Sequence[ContentReport]", expected "list[ContentReport]")  [return-value]
app/modules/content_moderation/crud/moderation_crud.py:56: error: Incompatible return value type (got "Sequence[ContentReport]", expected "list[ContentReport]")  [return-value]
app/modules/content_moderation/crud/moderation_crud.py:66: error: Incompatible return value type (got "Sequence[ContentReport]", expected "list[ContentReport]")  [return-value]
app/modules/content_moderation/crud/moderation_crud.py:77: error: Argument 1 to "count" has incompatible type "UUID"; expected "ColumnElement[Any] | _HasClauseElement[Any] | SQLCoreOperations[Any] | ExpressionElementRole[Any] | TypedColumnsClauseRole[Any] | Callable[[], ColumnElement[Any]] | LambdaElement | Literal['*', 1] | None"  [arg-type]
app/modules/content_moderation/crud/moderation_crud.py:102: error: Incompatible return value type (got "ContentReport | None", expected "ContentReport")  [return-value]
app/modules/content_moderation/crud/moderation_crud.py:111: error: Incompatible return value type (got "Sequence[ModerationAction]", expected "list[ModerationAction]")  [return-value]
app/modules/content_moderation/crud/moderation_crud.py:114: error: "datetime" has no attribute "desc"  [attr-defined]
app/modules/content_moderation/crud/moderation_crud.py:122: error: Incompatible return value type (got "Sequence[ModerationAction]", expected "list[ModerationAction]")  [return-value]
app/modules/content_moderation/crud/moderation_crud.py:130: error: "datetime" has no attribute "desc"  [attr-defined]
app/modules/content_moderation/crud/moderation_crud.py:137: error: Incompatible return value type (got "Sequence[ModerationAction]", expected "list[ModerationAction]")  [return-value]
app/modules/content_moderation/crud/moderation_crud.py:140: error: "datetime" has no attribute "desc"  [attr-defined]
app/modules/content_moderation/crud/moderation_crud.py:152: error: Incompatible return value type (got "Sequence[ModerationAppeal]", expected "list[ModerationAppeal]")  [return-value]
app/modules/content_moderation/crud/moderation_crud.py:155: error: "datetime" has no attribute "desc"  [attr-defined]
app/modules/content_moderation/crud/moderation_crud.py:163: error: Incompatible return value type (got "Sequence[ModerationAppeal]", expected "list[ModerationAppeal]")  [return-value]
app/modules/content_moderation/crud/moderation_crud.py:166: error: "datetime" has no attribute "desc"  [attr-defined]
app/modules/content_moderation/crud/moderation_crud.py:174: error: Incompatible return value type (got "Sequence[ModerationAppeal]", expected "list[ModerationAppeal]")  [return-value]
app/modules/content_moderation/crud/moderation_crud.py:177: error: "datetime" has no attribute "desc"  [attr-defined]
app/modules/content_moderation/crud/moderation_crud.py:200: error: Incompatible return value type (got "ModerationAppeal | None", expected "ModerationAppeal")  [return-value]
app/modules/content_moderation/crud/moderation_crud.py:207: error: Incompatible return value type (got "Sequence[ContentFlag]", expected "list[ContentFlag]")  [return-value]
app/modules/content_moderation/crud/moderation_crud.py:210: error: "datetime" has no attribute "desc"  [attr-defined]
app/modules/content_moderation/crud/moderation_crud.py:218: error: Incompatible return value type (got "Sequence[ContentFlag]", expected "list[ContentFlag]")  [return-value]
app/modules/content_moderation/crud/moderation_crud.py:226: error: "datetime" has no attribute "desc"  [attr-defined]
app/modules/content_moderation/crud/moderation_crud.py:237: error: Incompatible return value type (got "Sequence[ContentFlag]", expected "list[ContentFlag]")  [return-value]
app/modules/content_moderation/crud/moderation_crud.py:245: error: "Decimal" has no attribute "desc"  [attr-defined]
app/modules/content_moderation/crud/moderation_crud.py:262: error: Incompatible return value type (got "ContentFlag | None", expected "ContentFlag")  [return-value]
app/modules/content_moderation/crud/moderation_crud.py:275: error: Item "datetime" of "datetime | None" has no attribute "is_"  [union-attr]
app/modules/content_moderation/crud/moderation_crud.py:275: error: Item "None" of "datetime | None" has no attribute "is_"  [union-attr]
app/modules/content_moderation/crud/moderation_crud.py:276: error: Unsupported operand types for < ("datetime" and "None")  [operator]
app/modules/content_moderation/crud/moderation_crud.py:276: note: Left operand is of type "datetime | None"
app/modules/content_moderation/crud/moderation_crud.py:280: error: Incompatible return value type (got "Sequence[UserStrike]", expected "list[UserStrike]")  [return-value]
app/modules/content_moderation/crud/moderation_crud.py:280: error: "datetime" has no attribute "desc"  [attr-defined]
app/modules/content_moderation/crud/moderation_crud.py:284: error: Argument 1 to "count" has incompatible type "UUID"; expected "ColumnElement[Any] | _HasClauseElement[Any] | SQLCoreOperations[Any] | ExpressionElementRole[Any] | TypedColumnsClauseRole[Any] | Callable[[], ColumnElement[Any]] | LambdaElement | Literal['*', 1] | None"  [arg-type]
app/modules/content_moderation/crud/moderation_crud.py:289: error: Item "datetime" of "datetime | None" has no attribute "is_"  [union-attr]
app/modules/content_moderation/crud/moderation_crud.py:289: error: Item "None" of "datetime | None" has no attribute "is_"  [union-attr]
app/modules/content_moderation/crud/moderation_crud.py:290: error: Unsupported operand types for < ("datetime" and "None")  [operator]
app/modules/content_moderation/crud/moderation_crud.py:290: note: Left operand is of type "datetime | None"
app/modules/content_moderation/crud/moderation_crud.py:302: error: Item "datetime" of "datetime | None" has no attribute "is_not"  [union-attr]
app/modules/content_moderation/crud/moderation_crud.py:302: error: Item "None" of "datetime | None" has no attribute "is_not"  [union-attr]
app/modules/content_moderation/crud/moderation_crud.py:303: error: Unsupported operand types for >= ("datetime" and "None")  [operator]
app/modules/content_moderation/crud/moderation_crud.py:303: note: Left operand is of type "datetime | None"
app/modules/content_moderation/crud/moderation_crud.py:316: error: Incompatible return value type (got "Sequence[UserBan]", expected "list[UserBan]")  [return-value]
app/modules/content_moderation/crud/moderation_crud.py:322: error: Item "datetime" of "datetime | None" has no attribute "is_"  [union-attr]
app/modules/content_moderation/crud/moderation_crud.py:322: error: Item "None" of "datetime | None" has no attribute "is_"  [union-attr]
app/modules/content_moderation/crud/moderation_crud.py:323: error: Unsupported operand types for < ("datetime" and "None")  [operator]
app/modules/content_moderation/crud/moderation_crud.py:323: note: Left operand is of type "datetime | None"
app/modules/content_moderation/crud/moderation_crud.py:327: error: "datetime" has no attribute "desc"  [attr-defined]
app/modules/content_moderation/crud/moderation_crud.py:339: error: Item "datetime" of "datetime | None" has no attribute "is_"  [union-attr]
app/modules/content_moderation/crud/moderation_crud.py:339: error: Item "None" of "datetime | None" has no attribute "is_"  [union-attr]
app/modules/content_moderation/crud/moderation_crud.py:340: error: Unsupported operand types for < ("datetime" and "None")  [operator]
app/modules/content_moderation/crud/moderation_crud.py:340: note: Left operand is of type "datetime | None"
app/modules/content_moderation/crud/moderation_crud.py:352: error: Item "datetime" of "datetime | None" has no attribute "is_not"  [union-attr]
app/modules/content_moderation/crud/moderation_crud.py:352: error: Item "None" of "datetime | None" has no attribute "is_not"  [union-attr]
app/modules/content_moderation/crud/moderation_crud.py:353: error: Unsupported operand types for >= ("datetime" and "None")  [operator]
app/modules/content_moderation/crud/moderation_crud.py:353: note: Left operand is of type "datetime | None"
app/modules/content_moderation/crud/moderation_crud.py:366: error: Incompatible return value type (got "Sequence[BanAppeal]", expected "list[BanAppeal]")  [return-value]
app/modules/content_moderation/crud/moderation_crud.py:369: error: "datetime" has no attribute "desc"  [attr-defined]
app/modules/content_moderation/crud/moderation_crud.py:375: error: Incompatible return value type (got "Sequence[BanAppeal]", expected "list[BanAppeal]")  [return-value]
app/modules/content_moderation/crud/moderation_crud.py:378: error: "datetime" has no attribute "desc"  [attr-defined]
app/modules/content_moderation/crud/moderation_crud.py:401: error: Incompatible return value type (got "BanAppeal | None", expected "BanAppeal")  [return-value]
app/modules/content_moderation/crud/moderation_crud.py:408: error: Incompatible return value type (got "Sequence[ModerationRule]", expected "list[ModerationRule]")  [return-value]
app/modules/content_moderation/crud/moderation_crud.py:417: error: Incompatible return value type (got "Sequence[ModerationRule]", expected "list[ModerationRule]")  [return-value]
app/modules/content_moderation/crud/moderation_crud.py:429: error: Type argument "None" of "CRUDBase" must be a subtype of "BaseModel"  [type-var]
app/modules/content_moderation/crud/moderation_crud.py:434: error: Incompatible return value type (got "Sequence[ModerationLog]", expected "list[ModerationLog]")  [return-value]
app/modules/content_moderation/crud/moderation_crud.py:437: error: "datetime" has no attribute "desc"  [attr-defined]
app/modules/content_moderation/crud/moderation_crud.py:445: error: Incompatible return value type (got "Sequence[ModerationLog]", expected "list[ModerationLog]")  [return-value]
app/modules/content_moderation/crud/moderation_crud.py:448: error: "datetime" has no attribute "desc"  [attr-defined]
app/modules/content_moderation/crud/moderation_crud.py:462: error: Incompatible return value type (got "Sequence[ModerationLog]", expected "list[ModerationLog]")  [return-value]
app/modules/content_moderation/crud/moderation_crud.py:470: error: "datetime" has no attribute "desc"  [attr-defined]
app/modules/analytics/services/analytics_service.py:118: error: Argument "author_id" to "ContentAnalyticsList" has incompatible type "UUID | None"; expected "str | None"  [arg-type]
app/modules/ai_features/crud/ai_features_crud.py:68: error: Incompatible return value type (got "Sequence[ContentRecommendation]", expected "list[ContentRecommendation]")  [return-value]
app/modules/ai_features/crud/ai_features_crud.py:155: error: Incompatible return value type (got "Sequence[ContentAnalysis]", expected "list[ContentAnalysis]")  [return-value]
app/modules/ai_features/crud/ai_features_crud.py:168: error: Incompatible return value type (got "Sequence[ContentAnalysis]", expected "list[ContentAnalysis]")  [return-value]
app/modules/ai_features/crud/ai_features_crud.py:227: error: Incompatible return value type (got "Sequence[UserBehavior]", expected "list[UserBehavior]")  [return-value]
app/modules/ai_features/crud/ai_features_crud.py:238: error: Incompatible return value type (got "Sequence[UserBehavior]", expected "list[UserBehavior]")  [return-value]
app/modules/ai_features/crud/ai_features_crud.py:250: error: Incompatible return value type (got "Sequence[UserBehavior]", expected "list[UserBehavior]")  [return-value]
app/modules/ai_features/crud/ai_features_crud.py:313: error: Incompatible return value type (got "Sequence[PersonalizedFeed]", expected "list[PersonalizedFeed]")  [return-value]
app/modules/ai_features/crud/ai_features_crud.py:334: error: Incompatible return value type (got "Sequence[TrendAnalysis]", expected "list[TrendAnalysis]")  [return-value]
app/modules/ai_features/crud/ai_features_crud.py:350: error: Incompatible return value type (got "Sequence[TrendAnalysis]", expected "list[TrendAnalysis]")  [return-value]
app/modules/ai_features/crud/ai_features_crud.py:396: error: Incompatible return value type (got "Sequence[ContentClassification]", expected "list[ContentClassification]")  [return-value]
app/modules/ai_features/crud/ai_features_crud.py:412: error: Incompatible return value type (got "Sequence[ContentClassification]", expected "list[ContentClassification]")  [return-value]
app/modules/ai_features/crud/ai_features_crud.py:427: error: Incompatible return value type (got "Sequence[AnomalyDetection]", expected "list[AnomalyDetection]")  [return-value]
app/modules/ai_features/crud/ai_features_crud.py:438: error: Incompatible return value type (got "Sequence[AnomalyDetection]", expected "list[AnomalyDetection]")  [return-value]
app/modules/ai_features/crud/ai_features_crud.py:454: error: Incompatible return value type (got "Sequence[AnomalyDetection]", expected "list[AnomalyDetection]")  [return-value]
app/modules/ai_features/crud/ai_features_crud.py:488: error: Incompatible return value type (got "Sequence[EngagementPrediction]", expected "list[EngagementPrediction]")  [return-value]
app/modules/ai_features/crud/ai_features_crud.py:504: error: Incompatible return value type (got "Sequence[EngagementPrediction]", expected "list[EngagementPrediction]")  [return-value]
app/modules/ai_features/crud/ai_features_crud.py:533: error: Incompatible return value type (got "Sequence[ChurnPrediction]", expected "list[ChurnPrediction]")  [return-value]
app/modules/ai_features/crud/ai_features_crud.py:544: error: Incompatible return value type (got "Sequence[ChurnPrediction]", expected "list[ChurnPrediction]")  [return-value]
app/modules/ai_features/crud/ai_features_crud.py:580: error: Incompatible return value type (got "Sequence[TranslationCache]", expected "list[TranslationCache]")  [return-value]
app/modules/ai_features/crud/ai_features_crud.py:616: error: Incompatible return value type (got "Sequence[AIModelMetrics]", expected "list[AIModelMetrics]")  [return-value]
app/modules/ai_features/crud/ai_features_crud.py:653: error: Incompatible return value type (got "Sequence[AIModelMetrics]", expected "list[AIModelMetrics]")  [return-value]
app/shared/utils/utils.py:7: error: Unused "type: ignore" comment  [unused-ignore]
app/modules/stories/crud/crud_story.py:27: error: Argument 1 to "and_" has incompatible type "bool"; expected "Literal[True] | ColumnElement[bool] | _HasClauseElement[bool] | SQLCoreOperations[bool] | ExpressionElementRole[bool] | TypedColumnsClauseRole[bool] | Callable[[], ColumnElement[bool]] | LambdaElement"  [arg-type]
app/modules/stories/crud/crud_story.py:27: error: Argument 2 to "and_" has incompatible type "bool"; expected "ColumnElement[bool] | _HasClauseElement[bool] | SQLCoreOperations[bool] | ExpressionElementRole[bool] | TypedColumnsClauseRole[bool] | Callable[[], ColumnElement[bool]] | LambdaElement"  [arg-type]
app/modules/stories/crud/crud_story.py:28: error: "datetime" has no attribute "desc"  [attr-defined]
app/modules/stories/crud/crud_story.py:49: error: "datetime" has no attribute "desc"  [attr-defined]
app/modules/stories/crud/crud_interaction.py:73: error: "type[InteractionType]" has no attribute "POLL_VOTE"  [attr-defined]
app/modules/stories/crud/crud_interaction.py:76: error: Need type annotation for "results" (hint: "results: dict[<type>, <type>] = ...")  [var-annotated]
app/modules/search/services/history_service.py:29: error: Returning Any from function declared to return "list[SearchHistory]"  [no-any-return]
app/modules/search/services/history_service.py:29: error: "CRUDSearchHistory" has no attribute "get_user_history"; maybe "clear_user_history"?  [attr-defined]
app/modules/search/services/history_service.py:38: error: "CRUDSearchHistory" has no attribute "get_user_history"; maybe "clear_user_history"?  [attr-defined]
app/modules/search/services/history_service.py:60: error: Argument "id" to "get" of "CRUDBase" has incompatible type "str"; expected "UUID"  [arg-type]
app/modules/search/services/history_service.py:62: error: Argument "id" to "remove" of "CRUDBase" has incompatible type "str"; expected "UUID"  [arg-type]
app/modules/search/services/history_service.py:88: error: Argument "db_obj" to "update" of "CRUDBase" has incompatible type "SearchHistory | None"; expected "SearchHistory"  [arg-type]
app/modules/search/services/history_service.py:88: error: Argument "id" to "get" of "CRUDBase" has incompatible type "str"; expected "UUID"  [arg-type]
app/modules/search/crud/crud_search.py:92: error: "MetaData" has no attribute "get"  [attr-defined]
app/modules/search/crud/crud_search.py:164: error: "type[TrendingTopic]" has no attribute "language"  [attr-defined]
app/modules/search/crud/crud_search.py:166: error: "type[TrendingTopic]" has no attribute "location"  [attr-defined]
app/modules/search/crud/crud_search.py:167: error: "type[TrendingTopic]" has no attribute "score"  [attr-defined]
app/modules/search/crud/crud_search.py:219: error: Name "CRUDSearchResult" already defined on line 66  [no-redef]
app/modules/search/crud/crud_search.py:222: error: Incompatible return value type (got "Sequence[SearchResult]", expected "list[SearchResult]")  [return-value]
app/modules/search/crud/crud_search.py:225: error: "float" has no attribute "desc"  [attr-defined]
app/modules/search/crud/crud_search.py:234: error: Incompatible return value type (got "Sequence[SearchResult]", expected "list[SearchResult] | None")  [return-value]
app/modules/search/crud/crud_search.py:237: error: "SearchQuery" has no attribute "query_hash"  [attr-defined]
app/modules/search/crud/crud_search.py:240: error: "float" has no attribute "desc"  [attr-defined]
app/modules/search/crud/crud_search.py:250: error: Argument 1 to "where" of "DMLWhereBase" has incompatible type "bool"; expected "ColumnElement[bool] | _HasClauseElement[bool] | SQLCoreOperations[bool] | ExpressionElementRole[bool] | TypedColumnsClauseRole[bool] | Callable[[], ColumnElement[bool]] | LambdaElement"  [arg-type]
app/modules/search/crud/crud_search.py:256: error: Name "CRUDSearchHistory" already defined on line 108  [no-redef]
app/modules/search/crud/crud_search.py:263: error: Incompatible return value type (got "Sequence[SearchHistory]", expected "list[SearchHistory]")  [return-value]
app/modules/search/crud/crud_search.py:266: error: "datetime" has no attribute "desc"  [attr-defined]
app/modules/search/crud/crud_search.py:277: error: Incompatible return value type (got "Sequence[tuple[str, str]]", expected "list[dict[str, Any]]")  [return-value]
app/modules/search/crud/crud_search.py:280: error: "datetime" has no attribute "desc"  [attr-defined]
app/modules/search/crud/crud_search.py:289: error: Argument 1 to "where" of "DMLWhereBase" has incompatible type "bool"; expected "ColumnElement[bool] | _HasClauseElement[bool] | SQLCoreOperations[bool] | ExpressionElementRole[bool] | TypedColumnsClauseRole[bool] | Callable[[], ColumnElement[bool]] | LambdaElement"  [arg-type]
app/modules/search/crud/crud_search.py:295: error: Name "CRUDTrendingTopic" already defined on line 153  [no-redef]
app/modules/search/crud/crud_search.py:306: error: "type[TrendingTopic]" has no attribute "language"  [attr-defined]
app/modules/search/crud/crud_search.py:308: error: "type[TrendingTopic]" has no attribute "location"  [attr-defined]
app/modules/search/crud/crud_search.py:309: error: Incompatible return value type (got "Sequence[TrendingTopic]", expected "list[TrendingTopic]")  [return-value]
app/modules/search/crud/crud_search.py:310: error: "type[TrendingTopic]" has no attribute "score"  [attr-defined]
app/modules/reels/crud/crud_reel.py:22: error: "datetime" has no attribute "desc"  [attr-defined]
app/modules/reels/crud/crud_reel.py:34: error: "type[ReelStatus]" has no attribute "PUBLISHED"  [attr-defined]
app/modules/reels/crud/crud_reel.py:35: error: "datetime" has no attribute "desc"  [attr-defined]
app/modules/reels/crud/crud_reel.py:45: error: "type[ReelStatus]" has no attribute "PUBLISHED"  [attr-defined]
app/modules/reels/crud/crud_reel.py:47: error: "int" has no attribute "desc"  [attr-defined]
app/modules/reels/crud/crud_reel.py:61: error: "type[ReelStatus]" has no attribute "PUBLISHED"  [attr-defined]
app/modules/reels/crud/crud_reel.py:62: error: "list[str]" has no attribute "contains"; maybe "__contains__"?  [attr-defined]
app/modules/reels/crud/crud_reel.py:65: error: "datetime" has no attribute "desc"  [attr-defined]
app/modules/reels/crud/crud_reel.py:77: error: "type[ReelStatus]" has no attribute "PUBLISHED"  [attr-defined]
app/modules/reels/crud/crud_reel.py:77: error: Argument 2 to "and_" has incompatible type "bool"; expected "ColumnElement[bool] | _HasClauseElement[bool] | SQLCoreOperations[bool] | ExpressionElementRole[bool] | TypedColumnsClauseRole[bool] | Callable[[], ColumnElement[bool]] | LambdaElement"  [arg-type]
app/modules/reels/crud/crud_reel.py:78: error: "datetime" has no attribute "desc"  [attr-defined]
app/modules/reels/crud/crud_reel.py:97: error: "type[ReelType]" has no attribute "DUET"  [attr-defined]
app/modules/reels/crud/crud_reel.py:98: error: Argument 2 to "and_" has incompatible type "bool"; expected "ColumnElement[bool] | _HasClauseElement[bool] | SQLCoreOperations[bool] | ExpressionElementRole[bool] | TypedColumnsClauseRole[bool] | Callable[[], ColumnElement[bool]] | LambdaElement"  [arg-type]
app/modules/reels/crud/crud_reel.py:99: error: "type[ReelStatus]" has no attribute "PUBLISHED"  [attr-defined]
app/modules/reels/crud/crud_reel.py:102: error: "datetime" has no attribute "desc"  [attr-defined]
app/modules/reels/crud/crud_reel.py:121: error: "type[ReelType]" has no attribute "STITCH"  [attr-defined]
app/modules/reels/crud/crud_reel.py:122: error: Argument 2 to "and_" has incompatible type "bool"; expected "ColumnElement[bool] | _HasClauseElement[bool] | SQLCoreOperations[bool] | ExpressionElementRole[bool] | TypedColumnsClauseRole[bool] | Callable[[], ColumnElement[bool]] | LambdaElement"  [arg-type]
app/modules/reels/crud/crud_reel.py:123: error: "type[ReelStatus]" has no attribute "PUBLISHED"  [attr-defined]
app/modules/reels/crud/crud_reel.py:126: error: "datetime" has no attribute "desc"  [attr-defined]
app/modules/reels/crud/crud_reel.py:157: error: "type[ReelStatus]" has no attribute "PUBLISHED"  [attr-defined]
app/modules/posts/crud/crud_post.py:38: error: Item "datetime" of "datetime | None" has no attribute "desc"  [union-attr]
app/modules/posts/crud/crud_post.py:38: error: Item "None" of "datetime | None" has no attribute "desc"  [union-attr]
app/modules/posts/crud/crud_post.py:60: error: "datetime" has no attribute "desc"  [attr-defined]
app/modules/posts/crud/crud_post.py:74: error: "UUID" has no attribute "in_"  [attr-defined]
app/modules/posts/crud/crud_post.py:74: error: Argument 2 to "and_" has incompatible type "bool"; expected "ColumnElement[bool] | _HasClauseElement[bool] | SQLCoreOperations[bool] | ExpressionElementRole[bool] | TypedColumnsClauseRole[bool] | Callable[[], ColumnElement[bool]] | LambdaElement"  [arg-type]
app/modules/posts/crud/crud_post.py:80: error: Item "datetime" of "datetime | None" has no attribute "desc"  [union-attr]
app/modules/posts/crud/crud_post.py:80: error: Item "None" of "datetime | None" has no attribute "desc"  [union-attr]
app/modules/posts/crud/crud_post.py:101: error: "int" has no attribute "desc"  [attr-defined]
app/modules/posts/crud/crud_post.py:116: error: Argument 1 to "and_" has incompatible type "bool"; expected "Literal[True] | ColumnElement[bool] | _HasClauseElement[bool] | SQLCoreOperations[bool] | ExpressionElementRole[bool] | TypedColumnsClauseRole[bool] | Callable[[], ColumnElement[bool]] | LambdaElement"  [arg-type]
app/modules/posts/crud/crud_post.py:116: error: Argument 2 to "and_" has incompatible type "bool"; expected "ColumnElement[bool] | _HasClauseElement[bool] | SQLCoreOperations[bool] | ExpressionElementRole[bool] | TypedColumnsClauseRole[bool] | Callable[[], ColumnElement[bool]] | LambdaElement"  [arg-type]
app/modules/posts/crud/crud_post.py:122: error: "datetime" has no attribute "desc"  [attr-defined]
app/modules/posts/crud/crud_post.py:146: error: Argument 1 to "and_" has incompatible type "bool"; expected "Literal[True] | ColumnElement[bool] | _HasClauseElement[bool] | SQLCoreOperations[bool] | ExpressionElementRole[bool] | TypedColumnsClauseRole[bool] | Callable[[], ColumnElement[bool]] | LambdaElement"  [arg-type]
app/modules/posts/crud/crud_post.py:147: error: Item "float" of "float | None" has no attribute "isnot"  [union-attr]
app/modules/posts/crud/crud_post.py:147: error: Item "None" of "float | None" has no attribute "isnot"  [union-attr]
app/modules/posts/crud/crud_post.py:148: error: Item "float" of "float | None" has no attribute "isnot"  [union-attr]
app/modules/posts/crud/crud_post.py:148: error: Item "None" of "float | None" has no attribute "isnot"  [union-attr]
app/modules/posts/crud/crud_post.py:149: error: Unsupported operand types for <= ("float" and "None")  [operator]
app/modules/posts/crud/crud_post.py:149: note: Left operand is of type "float | None"
app/modules/posts/crud/crud_post.py:149: error: Argument 4 to "and_" has incompatible type "bool"; expected "ColumnElement[bool] | _HasClauseElement[bool] | SQLCoreOperations[bool] | ExpressionElementRole[bool] | TypedColumnsClauseRole[bool] | Callable[[], ColumnElement[bool]] | LambdaElement"  [arg-type]
app/modules/posts/crud/crud_post.py:150: error: Unsupported operand types for >= ("float" and "None")  [operator]
app/modules/posts/crud/crud_post.py:150: note: Left operand is of type "float | None"
app/modules/posts/crud/crud_post.py:150: error: Argument 5 to "and_" has incompatible type "bool"; expected "ColumnElement[bool] | _HasClauseElement[bool] | SQLCoreOperations[bool] | ExpressionElementRole[bool] | TypedColumnsClauseRole[bool] | Callable[[], ColumnElement[bool]] | LambdaElement"  [arg-type]
app/modules/posts/crud/crud_post.py:151: error: Unsupported operand types for <= ("float" and "None")  [operator]
app/modules/posts/crud/crud_post.py:151: note: Left operand is of type "float | None"
app/modules/posts/crud/crud_post.py:151: error: Argument 6 to "and_" has incompatible type "bool"; expected "ColumnElement[bool] | _HasClauseElement[bool] | SQLCoreOperations[bool] | ExpressionElementRole[bool] | TypedColumnsClauseRole[bool] | Callable[[], ColumnElement[bool]] | LambdaElement"  [arg-type]
app/modules/posts/crud/crud_post.py:152: error: Unsupported operand types for >= ("float" and "None")  [operator]
app/modules/posts/crud/crud_post.py:152: note: Left operand is of type "float | None"
app/modules/posts/crud/crud_post.py:152: error: Argument 7 to "and_" has incompatible type "bool"; expected "ColumnElement[bool] | _HasClauseElement[bool] | SQLCoreOperations[bool] | ExpressionElementRole[bool] | TypedColumnsClauseRole[bool] | Callable[[], ColumnElement[bool]] | LambdaElement"  [arg-type]
app/modules/posts/crud/crud_post.py:155: error: "datetime" has no attribute "desc"  [attr-defined]
app/modules/posts/crud/crud_post.py:173: error: Item "str" of "str | None" has no attribute "ilike"  [union-attr]
app/modules/posts/crud/crud_post.py:173: error: Item "None" of "str | None" has no attribute "ilike"  [union-attr]
app/modules/posts/crud/crud_post.py:179: error: "datetime" has no attribute "desc"  [attr-defined]
app/modules/posts/crud/crud_post.py:189: error: Argument 1 to "and_" has incompatible type "bool"; expected "Literal[True] | ColumnElement[bool] | _HasClauseElement[bool] | SQLCoreOperations[bool] | ExpressionElementRole[bool] | TypedColumnsClauseRole[bool] | Callable[[], ColumnElement[bool]] | LambdaElement"  [arg-type]
app/modules/posts/crud/crud_post.py:189: error: Argument 2 to "and_" has incompatible type "bool"; expected "ColumnElement[bool] | _HasClauseElement[bool] | SQLCoreOperations[bool] | ExpressionElementRole[bool] | TypedColumnsClauseRole[bool] | Callable[[], ColumnElement[bool]] | LambdaElement"  [arg-type]
app/modules/posts/crud/crud_post.py:191: error: "datetime" has no attribute "desc"  [attr-defined]
app/modules/posts/crud/crud_post.py:202: error: Argument 1 to "and_" has incompatible type "bool"; expected "Literal[True] | ColumnElement[bool] | _HasClauseElement[bool] | SQLCoreOperations[bool] | ExpressionElementRole[bool] | TypedColumnsClauseRole[bool] | Callable[[], ColumnElement[bool]] | LambdaElement"  [arg-type]
app/modules/posts/crud/crud_post.py:203: error: Argument 2 to "and_" has incompatible type "bool"; expected "ColumnElement[bool] | _HasClauseElement[bool] | SQLCoreOperations[bool] | ExpressionElementRole[bool] | TypedColumnsClauseRole[bool] | Callable[[], ColumnElement[bool]] | LambdaElement"  [arg-type]
app/modules/posts/crud/crud_post.py:204: error: Argument 3 to "and_" has incompatible type "bool"; expected "ColumnElement[bool] | _HasClauseElement[bool] | SQLCoreOperations[bool] | ExpressionElementRole[bool] | TypedColumnsClauseRole[bool] | Callable[[], ColumnElement[bool]] | LambdaElement"  [arg-type]
app/modules/posts/crud/crud_post.py:207: error: "datetime" has no attribute "desc"  [attr-defined]
app/modules/posts/crud/crud_post.py:216: error: Argument 1 to "and_" has incompatible type "bool"; expected "Literal[True] | ColumnElement[bool] | _HasClauseElement[bool] | SQLCoreOperations[bool] | ExpressionElementRole[bool] | TypedColumnsClauseRole[bool] | Callable[[], ColumnElement[bool]] | LambdaElement"  [arg-type]
app/modules/posts/crud/crud_post.py:216: error: Argument 2 to "and_" has incompatible type "bool"; expected "ColumnElement[bool] | _HasClauseElement[bool] | SQLCoreOperations[bool] | ExpressionElementRole[bool] | TypedColumnsClauseRole[bool] | Callable[[], ColumnElement[bool]] | LambdaElement"  [arg-type]
app/modules/posts/crud/crud_post.py:217: error: "datetime" has no attribute "desc"  [attr-defined]
app/modules/posts/crud/crud_post.py:230: error: Argument 1 to "and_" has incompatible type "bool"; expected "Literal[True] | ColumnElement[bool] | _HasClauseElement[bool] | SQLCoreOperations[bool] | ExpressionElementRole[bool] | TypedColumnsClauseRole[bool] | Callable[[], ColumnElement[bool]] | LambdaElement"  [arg-type]
app/modules/posts/crud/crud_post.py:231: error: Argument 2 to "and_" has incompatible type "bool"; expected "ColumnElement[bool] | _HasClauseElement[bool] | SQLCoreOperations[bool] | ExpressionElementRole[bool] | TypedColumnsClauseRole[bool] | Callable[[], ColumnElement[bool]] | LambdaElement"  [arg-type]
app/modules/posts/crud/crud_post.py:232: error: Unsupported operand types for < ("datetime" and "None")  [operator]
app/modules/posts/crud/crud_post.py:232: note: Left operand is of type "datetime | None"
app/modules/posts/crud/crud_post.py:232: error: Argument 3 to "and_" has incompatible type "bool"; expected "ColumnElement[bool] | _HasClauseElement[bool] | SQLCoreOperations[bool] | ExpressionElementRole[bool] | TypedColumnsClauseRole[bool] | Callable[[], ColumnElement[bool]] | LambdaElement"  [arg-type]
app/modules/posts/crud/crud_post.py:235: error: Argument 1 to "asc" has incompatible type "datetime | None"; expected "str | ColumnElement[Any] | _HasClauseElement[Any] | SQLCoreOperations[Any] | ExpressionElementRole[Any] | TypedColumnsClauseRole[Any] | Callable[[], ColumnElement[Any]] | LambdaElement"  [arg-type]
app/modules/posts/crud/crud_post.py:315: error: Argument 1 to "count" has incompatible type "UUID"; expected "ColumnElement[Any] | _HasClauseElement[Any] | SQLCoreOperations[Any] | ExpressionElementRole[Any] | TypedColumnsClauseRole[Any] | Callable[[], ColumnElement[Any]] | LambdaElement | Literal['*', 1] | None"  [arg-type]
app/modules/posts/crud/crud_post.py:315: error: Argument 1 to "select_from" of "Select" has incompatible type "SelectOfScalar[Post]"; expected "FromClauseRole | type[Any] | Inspectable[_HasClauseElement[Any]] | _HasClauseElement[Any]"  [arg-type]
app/modules/posts/crud/crud_post.py:320: error: Argument 1 to "count" has incompatible type "UUID"; expected "ColumnElement[Any] | _HasClauseElement[Any] | SQLCoreOperations[Any] | ExpressionElementRole[Any] | TypedColumnsClauseRole[Any] | Callable[[], ColumnElement[Any]] | LambdaElement | Literal['*', 1] | None"  [arg-type]
app/modules/posts/crud/crud_post.py:321: error: Argument 1 to "select_from" of "Select" has incompatible type "SelectOfScalar[Post]"; expected "FromClauseRole | type[Any] | Inspectable[_HasClauseElement[Any]] | _HasClauseElement[Any]"  [arg-type]
app/modules/posts/crud/crud_post.py:326: error: Argument 1 to "count" has incompatible type "UUID"; expected "ColumnElement[Any] | _HasClauseElement[Any] | SQLCoreOperations[Any] | ExpressionElementRole[Any] | TypedColumnsClauseRole[Any] | Callable[[], ColumnElement[Any]] | LambdaElement | Literal['*', 1] | None"  [arg-type]
app/modules/posts/crud/crud_post.py:327: error: Argument 1 to "select_from" of "Select" has incompatible type "SelectOfScalar[Post]"; expected "FromClauseRole | type[Any] | Inspectable[_HasClauseElement[Any]] | _HasClauseElement[Any]"  [arg-type]
app/modules/posts/crud/crud_post.py:332: error: Argument 1 to "count" has incompatible type "UUID"; expected "ColumnElement[Any] | _HasClauseElement[Any] | SQLCoreOperations[Any] | ExpressionElementRole[Any] | TypedColumnsClauseRole[Any] | Callable[[], ColumnElement[Any]] | LambdaElement | Literal['*', 1] | None"  [arg-type]
app/modules/posts/crud/crud_post.py:333: error: Argument 1 to "select_from" of "Select" has incompatible type "SelectOfScalar[Post]"; expected "FromClauseRole | type[Any] | Inspectable[_HasClauseElement[Any]] | _HasClauseElement[Any]"  [arg-type]
app/modules/posts/crud/crud_post.py:339: error: Argument 1 to "count" has incompatible type "UUID"; expected "ColumnElement[Any] | _HasClauseElement[Any] | SQLCoreOperations[Any] | ExpressionElementRole[Any] | TypedColumnsClauseRole[Any] | Callable[[], ColumnElement[Any]] | LambdaElement | Literal['*', 1] | None"  [arg-type]
app/modules/posts/crud/crud_post.py:340: error: Argument 1 to "select_from" of "Select" has incompatible type "SelectOfScalar[Post]"; expected "FromClauseRole | type[Any] | Inspectable[_HasClauseElement[Any]] | _HasClauseElement[Any]"  [arg-type]
app/modules/posts/crud/crud_post.py:346: error: Argument 1 to "count" has incompatible type "UUID"; expected "ColumnElement[Any] | _HasClauseElement[Any] | SQLCoreOperations[Any] | ExpressionElementRole[Any] | TypedColumnsClauseRole[Any] | Callable[[], ColumnElement[Any]] | LambdaElement | Literal['*', 1] | None"  [arg-type]
app/modules/posts/crud/crud_post.py:347: error: Argument 1 to "select_from" of "Select" has incompatible type "SelectOfScalar[Post]"; expected "FromClauseRole | type[Any] | Inspectable[_HasClauseElement[Any]] | _HasClauseElement[Any]"  [arg-type]
app/modules/posts/crud/crud_post.py:348: error: Item "float" of "float | None" has no attribute "isnot"  [union-attr]
app/modules/posts/crud/crud_post.py:348: error: Item "None" of "float | None" has no attribute "isnot"  [union-attr]
app/modules/posts/crud/crud_post.py:375: error: "UUID" has no attribute "in_"  [attr-defined]
app/modules/posts/crud/crud_post.py:376: error: Argument 2 to "and_" has incompatible type "bool"; expected "ColumnElement[bool] | _HasClauseElement[bool] | SQLCoreOperations[bool] | ExpressionElementRole[bool] | TypedColumnsClauseRole[bool] | Callable[[], ColumnElement[bool]] | LambdaElement"  [arg-type]
app/modules/posts/crud/crud_post.py:377: error: Argument 3 to "and_" has incompatible type "bool"; expected "ColumnElement[bool] | _HasClauseElement[bool] | SQLCoreOperations[bool] | ExpressionElementRole[bool] | TypedColumnsClauseRole[bool] | Callable[[], ColumnElement[bool]] | LambdaElement"  [arg-type]
app/modules/posts/crud/crud_post.py:380: error: "datetime" has no attribute "desc"  [attr-defined]
app/modules/notifications/crud/crud_device.py:67: error: "type[DeviceStatus]" has no attribute "INACTIVE"  [attr-defined]
app/modules/news/crud/crud_news.py:24: error: Argument 1 to "and_" has incompatible type "bool"; expected "Literal[True] | ColumnElement[bool] | _HasClauseElement[bool] | SQLCoreOperations[bool] | ExpressionElementRole[bool] | TypedColumnsClauseRole[bool] | Callable[[], ColumnElement[bool]] | LambdaElement"  [arg-type]
app/modules/news/crud/crud_news.py:24: error: Argument 2 to "and_" has incompatible type "bool"; expected "ColumnElement[bool] | _HasClauseElement[bool] | SQLCoreOperations[bool] | ExpressionElementRole[bool] | TypedColumnsClauseRole[bool] | Callable[[], ColumnElement[bool]] | LambdaElement"  [arg-type]
app/modules/news/crud/crud_news.py:58: error: Item "datetime" of "datetime | None" has no attribute "desc"  [union-attr]
app/modules/news/crud/crud_news.py:58: error: Item "None" of "datetime | None" has no attribute "desc"  [union-attr]
app/modules/news/crud/crud_news.py:68: error: Argument 1 to "and_" has incompatible type "bool"; expected "Literal[True] | ColumnElement[bool] | _HasClauseElement[bool] | SQLCoreOperations[bool] | ExpressionElementRole[bool] | TypedColumnsClauseRole[bool] | Callable[[], ColumnElement[bool]] | LambdaElement"  [arg-type]
app/modules/news/crud/crud_news.py:68: error: Argument 2 to "and_" has incompatible type "bool"; expected "ColumnElement[bool] | _HasClauseElement[bool] | SQLCoreOperations[bool] | ExpressionElementRole[bool] | TypedColumnsClauseRole[bool] | Callable[[], ColumnElement[bool]] | LambdaElement"  [arg-type]
app/modules/news/crud/crud_news.py:70: error: Item "datetime" of "datetime | None" has no attribute "desc"  [union-attr]
app/modules/news/crud/crud_news.py:70: error: Item "None" of "datetime | None" has no attribute "desc"  [union-attr]
app/modules/news/crud/crud_news.py:85: error: Argument 1 to "and_" has incompatible type "bool"; expected "Literal[True] | ColumnElement[bool] | _HasClauseElement[bool] | SQLCoreOperations[bool] | ExpressionElementRole[bool] | TypedColumnsClauseRole[bool] | Callable[[], ColumnElement[bool]] | LambdaElement"  [arg-type]
app/modules/news/crud/crud_news.py:86: error: Unsupported operand types for <= ("datetime" and "None")  [operator]
app/modules/news/crud/crud_news.py:86: note: Left operand is of type "datetime | None"
app/modules/news/crud/crud_news.py:86: error: Argument 2 to "and_" has incompatible type "bool"; expected "ColumnElement[bool] | _HasClauseElement[bool] | SQLCoreOperations[bool] | ExpressionElementRole[bool] | TypedColumnsClauseRole[bool] | Callable[[], ColumnElement[bool]] | LambdaElement"  [arg-type]
app/modules/news/crud/crud_news.py:90: error: "int" has no attribute "desc"  [attr-defined]
app/modules/news/crud/crud_news.py:104: error: Argument 1 to "and_" has incompatible type "bool"; expected "Literal[True] | ColumnElement[bool] | _HasClauseElement[bool] | SQLCoreOperations[bool] | ExpressionElementRole[bool] | TypedColumnsClauseRole[bool] | Callable[[], ColumnElement[bool]] | LambdaElement"  [arg-type]
app/modules/news/crud/crud_news.py:105: error: Unsupported operand types for < ("datetime" and "None")  [operator]
app/modules/news/crud/crud_news.py:105: note: Left operand is of type "datetime | None"
app/modules/news/crud/crud_news.py:105: error: Argument 2 to "and_" has incompatible type "bool"; expected "ColumnElement[bool] | _HasClauseElement[bool] | SQLCoreOperations[bool] | ExpressionElementRole[bool] | TypedColumnsClauseRole[bool] | Callable[[], ColumnElement[bool]] | LambdaElement"  [arg-type]
app/modules/news/crud/crud_news.py:108: error: Item "datetime" of "datetime | None" has no attribute "asc"  [union-attr]
app/modules/news/crud/crud_news.py:108: error: Item "None" of "datetime | None" has no attribute "asc"  [union-attr]
app/modules/news/crud/crud_news.py:128: error: Item "datetime" of "datetime | None" has no attribute "desc"  [union-attr]
app/modules/news/crud/crud_news.py:128: error: Item "None" of "datetime | None" has no attribute "desc"  [union-attr]
app/modules/news/crud/crud_news.py:146: error: Item "datetime" of "datetime | None" has no attribute "desc"  [union-attr]
app/modules/news/crud/crud_news.py:146: error: Item "None" of "datetime | None" has no attribute "desc"  [union-attr]
app/modules/news/crud/crud_news.py:163: error: "str" has no attribute "ilike"  [attr-defined]
app/modules/news/crud/crud_news.py:164: error: "str" has no attribute "ilike"  [attr-defined]
app/modules/news/crud/crud_news.py:165: error: Item "str" of "str | None" has no attribute "ilike"  [union-attr]
app/modules/news/crud/crud_news.py:165: error: Item "None" of "str | None" has no attribute "ilike"  [union-attr]
app/modules/news/crud/crud_news.py:166: error: Item "str" of "str | None" has no attribute "ilike"  [union-attr]
app/modules/news/crud/crud_news.py:166: error: Item "None" of "str | None" has no attribute "ilike"  [union-attr]
app/modules/news/crud/crud_news.py:175: error: "str" has no attribute "ilike"  [attr-defined]
app/modules/news/crud/crud_news.py:176: error: Item "str" of "str | None" has no attribute "ilike"  [union-attr]
app/modules/news/crud/crud_news.py:176: error: Item "None" of "str | None" has no attribute "ilike"  [union-attr]
app/modules/news/crud/crud_news.py:177: error: Item "str" of "str | None" has no attribute "ilike"  [union-attr]
app/modules/news/crud/crud_news.py:177: error: Item "None" of "str | None" has no attribute "ilike"  [union-attr]
app/modules/news/crud/crud_news.py:180: error: Item "datetime" of "datetime | None" has no attribute "desc"  [union-attr]
app/modules/news/crud/crud_news.py:180: error: Item "None" of "datetime | None" has no attribute "desc"  [union-attr]
app/modules/news/crud/crud_news.py:198: error: Item "str" of "str | None" has no attribute "ilike"  [union-attr]
app/modules/news/crud/crud_news.py:198: error: Item "None" of "str | None" has no attribute "ilike"  [union-attr]
app/modules/news/crud/crud_news.py:201: error: Item "str" of "str | None" has no attribute "ilike"  [union-attr]
app/modules/news/crud/crud_news.py:201: error: Item "None" of "str | None" has no attribute "ilike"  [union-attr]
app/modules/news/crud/crud_news.py:204: error: Item "str" of "str | None" has no attribute "ilike"  [union-attr]
app/modules/news/crud/crud_news.py:204: error: Item "None" of "str | None" has no attribute "ilike"  [union-attr]
app/modules/news/crud/crud_news.py:206: error: Item "datetime" of "datetime | None" has no attribute "desc"  [union-attr]
app/modules/news/crud/crud_news.py:206: error: Item "None" of "datetime | None" has no attribute "desc"  [union-attr]
app/modules/news/crud/crud_news.py:224: error: "datetime" has no attribute "desc"  [attr-defined]
app/modules/news/crud/crud_news.py:231: error: Argument 1 to "and_" has incompatible type "bool"; expected "Literal[True] | ColumnElement[bool] | _HasClauseElement[bool] | SQLCoreOperations[bool] | ExpressionElementRole[bool] | TypedColumnsClauseRole[bool] | Callable[[], ColumnElement[bool]] | LambdaElement"  [arg-type]
app/modules/news/crud/crud_news.py:231: error: Argument 2 to "and_" has incompatible type "bool"; expected "ColumnElement[bool] | _HasClauseElement[bool] | SQLCoreOperations[bool] | ExpressionElementRole[bool] | TypedColumnsClauseRole[bool] | Callable[[], ColumnElement[bool]] | LambdaElement"  [arg-type]
app/modules/news/crud/crud_news.py:232: error: "datetime" has no attribute "desc"  [attr-defined]
app/modules/news/crud/crud_news.py:313: error: Argument 1 to "count" has incompatible type "UUID"; expected "ColumnElement[Any] | _HasClauseElement[Any] | SQLCoreOperations[Any] | ExpressionElementRole[Any] | TypedColumnsClauseRole[Any] | Callable[[], ColumnElement[Any]] | LambdaElement | Literal['*', 1] | None"  [arg-type]
app/modules/news/crud/crud_news.py:313: error: Argument 1 to "select_from" of "Select" has incompatible type "SelectOfScalar[News]"; expected "FromClauseRole | type[Any] | Inspectable[_HasClauseElement[Any]] | _HasClauseElement[Any]"  [arg-type]
app/modules/news/crud/crud_news.py:318: error: Argument 1 to "count" has incompatible type "UUID"; expected "ColumnElement[Any] | _HasClauseElement[Any] | SQLCoreOperations[Any] | ExpressionElementRole[Any] | TypedColumnsClauseRole[Any] | Callable[[], ColumnElement[Any]] | LambdaElement | Literal['*', 1] | None"  [arg-type]
app/modules/news/crud/crud_news.py:319: error: Argument 1 to "select_from" of "Select" has incompatible type "SelectOfScalar[News]"; expected "FromClauseRole | type[Any] | Inspectable[_HasClauseElement[Any]] | _HasClauseElement[Any]"  [arg-type]
app/modules/news/crud/crud_news.py:324: error: Argument 1 to "count" has incompatible type "UUID"; expected "ColumnElement[Any] | _HasClauseElement[Any] | SQLCoreOperations[Any] | ExpressionElementRole[Any] | TypedColumnsClauseRole[Any] | Callable[[], ColumnElement[Any]] | LambdaElement | Literal['*', 1] | None"  [arg-type]
app/modules/news/crud/crud_news.py:325: error: Argument 1 to "select_from" of "Select" has incompatible type "SelectOfScalar[News]"; expected "FromClauseRole | type[Any] | Inspectable[_HasClauseElement[Any]] | _HasClauseElement[Any]"  [arg-type]
app/modules/news/crud/crud_news.py:330: error: Argument 1 to "count" has incompatible type "UUID"; expected "ColumnElement[Any] | _HasClauseElement[Any] | SQLCoreOperations[Any] | ExpressionElementRole[Any] | TypedColumnsClauseRole[Any] | Callable[[], ColumnElement[Any]] | LambdaElement | Literal['*', 1] | None"  [arg-type]
app/modules/news/crud/crud_news.py:331: error: Argument 1 to "select_from" of "Select" has incompatible type "SelectOfScalar[News]"; expected "FromClauseRole | type[Any] | Inspectable[_HasClauseElement[Any]] | _HasClauseElement[Any]"  [arg-type]
app/modules/news/crud/crud_news.py:337: error: Argument 1 to "count" has incompatible type "UUID"; expected "ColumnElement[Any] | _HasClauseElement[Any] | SQLCoreOperations[Any] | ExpressionElementRole[Any] | TypedColumnsClauseRole[Any] | Callable[[], ColumnElement[Any]] | LambdaElement | Literal['*', 1] | None"  [arg-type]
app/modules/news/crud/crud_news.py:338: error: Argument 1 to "select_from" of "Select" has incompatible type "SelectOfScalar[News]"; expected "FromClauseRole | type[Any] | Inspectable[_HasClauseElement[Any]] | _HasClauseElement[Any]"  [arg-type]
app/modules/news/crud/crud_news.py:344: error: Argument 1 to "count" has incompatible type "UUID"; expected "ColumnElement[Any] | _HasClauseElement[Any] | SQLCoreOperations[Any] | ExpressionElementRole[Any] | TypedColumnsClauseRole[Any] | Callable[[], ColumnElement[Any]] | LambdaElement | Literal['*', 1] | None"  [arg-type]
app/modules/news/crud/crud_news.py:345: error: Argument 1 to "select_from" of "Select" has incompatible type "SelectOfScalar[News]"; expected "FromClauseRole | type[Any] | Inspectable[_HasClauseElement[Any]] | _HasClauseElement[Any]"  [arg-type]
app/modules/news/crud/crud_news.py:370: error: Argument 1 to "and_" has incompatible type "bool"; expected "Literal[True] | ColumnElement[bool] | _HasClauseElement[bool] | SQLCoreOperations[bool] | ExpressionElementRole[bool] | TypedColumnsClauseRole[bool] | Callable[[], ColumnElement[bool]] | LambdaElement"  [arg-type]
app/modules/news/crud/crud_news.py:371: error: Unsupported operand types for <= ("datetime" and "None")  [operator]
app/modules/news/crud/crud_news.py:371: note: Left operand is of type "datetime | None"
app/modules/news/crud/crud_news.py:371: error: Argument 2 to "and_" has incompatible type "bool"; expected "ColumnElement[bool] | _HasClauseElement[bool] | SQLCoreOperations[bool] | ExpressionElementRole[bool] | TypedColumnsClauseRole[bool] | Callable[[], ColumnElement[bool]] | LambdaElement"  [arg-type]
app/modules/news/crud/crud_news.py:375: error: "int" has no attribute "desc"  [attr-defined]
app/modules/messaging/services/participant_service.py:96: error: "ConversationParticipant" has no attribute "can_moderate_participants"; maybe "can_remove_participants" or "can_add_participants"?  [attr-defined]
app/modules/messaging/services/participant_service.py:135: error: Incompatible return value type (got "ConversationParticipant | None", expected "bool")  [return-value]
app/modules/messaging/services/message_service.py:43: error: "type[MessageStatus]" has no attribute "SENT"  [attr-defined]
app/modules/live_streams/services/viewer_service.py:133: error: Need type annotation for "device_breakdown" (hint: "device_breakdown: dict[<type>, <type>] = ...")  [var-annotated]
app/modules/content_moderation/services/moderation_service.py:441: error: "BulkModerationAction" has no attribute "content_type"  [attr-defined]
app/modules/auth/crud/crud_token.py:70: error: Non-overlapping equality check (left operand type: "Callable[[Token], bool]", right operand type: "Literal[True]")  [comparison-overlap]
app/modules/auth/crud/crud_token.py:87: error: "type[TokenStatus]" has no attribute "BLACKLISTED"  [attr-defined]
app/modules/auth/crud/crud_token.py:103: error: Non-overlapping equality check (left operand type: "Callable[[Token], bool]", right operand type: "Literal[True]")  [comparison-overlap]
app/modules/auth/crud/crud_token.py:113: error: "type[TokenStatus]" has no attribute "EXPIRED"  [attr-defined]
app/modules/auth/crud/crud_token.py:124: error: "type[TokenStatus]" has no attribute "ACTIVE"  [attr-defined]
app/modules/auth/crud/crud_token.py:131: error: "type[TokenStatus]" has no attribute "EXPIRED"  [attr-defined]
app/modules/auth/crud/crud_token.py:145: error: Function "is_active" could always be true in boolean context  [truthy-function]
app/modules/auth/crud/crud_token.py:146: error: Statement is unreachable  [unreachable]
app/modules/auth/crud/crud_token.py:157: error: "type[TokenStatus]" has no attribute "REVOKED"  [attr-defined]
app/modules/auth/crud/crud_token.py:167: error: Argument 1 to "count" has incompatible type "UUID"; expected "ColumnElement[Any] | _HasClauseElement[Any] | SQLCoreOperations[Any] | ExpressionElementRole[Any] | TypedColumnsClauseRole[Any] | Callable[[], ColumnElement[Any]] | LambdaElement | Literal['*', 1] | None"  [arg-type]
app/modules/auth/crud/crud_token.py:171: error: Argument 1 to "count" has incompatible type "UUID"; expected "ColumnElement[Any] | _HasClauseElement[Any] | SQLCoreOperations[Any] | ExpressionElementRole[Any] | TypedColumnsClauseRole[Any] | Callable[[], ColumnElement[Any]] | LambdaElement | Literal['*', 1] | None"  [arg-type]
app/modules/auth/crud/crud_token.py:172: error: "type[TokenStatus]" has no attribute "ACTIVE"  [attr-defined]
app/modules/auth/crud/crud_token.py:177: error: Argument 1 to "count" has incompatible type "UUID"; expected "ColumnElement[Any] | _HasClauseElement[Any] | SQLCoreOperations[Any] | ExpressionElementRole[Any] | TypedColumnsClauseRole[Any] | Callable[[], ColumnElement[Any]] | LambdaElement | Literal['*', 1] | None"  [arg-type]
app/modules/ai_features/services/ai_features_service.py:150: error: Unexpected keyword argument "analyses" for "ContentAnalysisResponse"  [call-arg]
app/modules/ai_features/services/ai_features_service.py:320: error: Argument "obj_in" to "update" of "CRUDBase" has incompatible type "PersonalizedFeedCreate"; expected "PersonalizedFeedUpdate | dict[str, Any]"  [arg-type]
app/shared/exceptions/exceptions.py:331: error: Missing positional argument "status_code" in call to "BaseAppException"  [call-arg]
app/shared/exceptions/exceptions.py:332: error: Missing positional argument "status_code" in call to "BaseAppException"  [call-arg]
app/modules/users/crud/crud_user.py:50: error: Incompatible types in assignment (expression has type "now", variable has type "datetime")  [assignment]
app/modules/users/crud/crud_user.py:91: error: Incompatible types in assignment (expression has type "now", variable has type "datetime | None")  [assignment]
app/modules/users/crud/crud_user.py:105: error: Incompatible types in assignment (expression has type "now", variable has type "datetime | None")  [assignment]
app/modules/users/crud/crud_user.py:118: error: Incompatible types in assignment (expression has type "now", variable has type "datetime | None")  [assignment]
app/modules/users/crud/crud_user.py:131: error: Incompatible types in assignment (expression has type "now", variable has type "datetime | None")  [assignment]
app/modules/users/crud/crud_user.py:144: error: Incompatible types in assignment (expression has type "now", variable has type "datetime | None")  [assignment]
app/modules/users/crud/crud_user.py:157: error: Incompatible types in assignment (expression has type "now", variable has type "datetime | None")  [assignment]
app/modules/users/crud/crud_user.py:170: error: Incompatible types in assignment (expression has type "now", variable has type "datetime | None")  [assignment]
app/modules/users/crud/crud_user.py:183: error: Incompatible types in assignment (expression has type "now", variable has type "datetime | None")  [assignment]
app/modules/users/crud/crud_user.py:211: error: Argument 1 to "and_" has incompatible type "bool"; expected "Literal[True] | ColumnElement[bool] | _HasClauseElement[bool] | SQLCoreOperations[bool] | ExpressionElementRole[bool] | TypedColumnsClauseRole[bool] | Callable[[], ColumnElement[bool]] | LambdaElement"  [arg-type]
app/modules/users/crud/crud_user.py:213: error: "str" has no attribute "ilike"  [attr-defined]
app/modules/users/crud/crud_user.py:214: error: Item "str" of "str | None" has no attribute "ilike"  [union-attr]
app/modules/users/crud/crud_user.py:214: error: Item "None" of "str | None" has no attribute "ilike"  [union-attr]
app/modules/users/crud/crud_user.py:215: error: "str" has no attribute "ilike"  [attr-defined]
app/modules/users/crud/crud_user.py:230: error: Argument 1 to "and_" has incompatible type "bool"; expected "Literal[True] | ColumnElement[bool] | _HasClauseElement[bool] | SQLCoreOperations[bool] | ExpressionElementRole[bool] | TypedColumnsClauseRole[bool] | Callable[[], ColumnElement[bool]] | LambdaElement"  [arg-type]
app/modules/users/crud/crud_user.py:230: error: Argument 2 to "and_" has incompatible type "bool"; expected "ColumnElement[bool] | _HasClauseElement[bool] | SQLCoreOperations[bool] | ExpressionElementRole[bool] | TypedColumnsClauseRole[bool] | Callable[[], ColumnElement[bool]] | LambdaElement"  [arg-type]
app/modules/users/crud/crud_user.py:242: error: Argument 1 to "and_" has incompatible type "bool"; expected "Literal[True] | ColumnElement[bool] | _HasClauseElement[bool] | SQLCoreOperations[bool] | ExpressionElementRole[bool] | TypedColumnsClauseRole[bool] | Callable[[], ColumnElement[bool]] | LambdaElement"  [arg-type]
app/modules/users/crud/crud_user.py:242: error: Argument 2 to "and_" has incompatible type "bool"; expected "ColumnElement[bool] | _HasClauseElement[bool] | SQLCoreOperations[bool] | ExpressionElementRole[bool] | TypedColumnsClauseRole[bool] | Callable[[], ColumnElement[bool]] | LambdaElement"  [arg-type]
app/modules/users/crud/crud_user.py:258: error: Argument 1 to "and_" has incompatible type "bool"; expected "Literal[True] | ColumnElement[bool] | _HasClauseElement[bool] | SQLCoreOperations[bool] | ExpressionElementRole[bool] | TypedColumnsClauseRole[bool] | Callable[[], ColumnElement[bool]] | LambdaElement"  [arg-type]
app/modules/users/crud/crud_user.py:258: error: Argument 2 to "and_" has incompatible type "bool"; expected "ColumnElement[bool] | _HasClauseElement[bool] | SQLCoreOperations[bool] | ExpressionElementRole[bool] | TypedColumnsClauseRole[bool] | Callable[[], ColumnElement[bool]] | LambdaElement"  [arg-type]
app/modules/search/services/search_service.py:45: error: Incompatible types in assignment (expression has type "str", variable has type "UUID | None")  [assignment]
app/modules/search/services/search_service.py:54: error: Argument 2 to "_cache_results" of "SearchService" has incompatible type "UUID"; expected "str"  [arg-type]
app/modules/search/services/search_service.py:68: error: Incompatible types in assignment (expression has type "str", variable has type "UUID")  [assignment]
app/modules/search/services/search_service.py:89: error: "type[SearchType]" has no attribute "POST"  [attr-defined]
app/modules/search/services/search_service.py:91: error: "type[SearchType]" has no attribute "NEWS"  [attr-defined]
app/modules/search/services/search_service.py:93: error: "type[SearchType]" has no attribute "USER"  [attr-defined]
app/modules/search/services/search_service.py:95: error: "type[SearchType]" has no attribute "HASHTAG"  [attr-defined]
app/modules/search/services/search_service.py:175: error: "type[SearchResultType]" has no attribute "CONTENT"  [attr-defined]
app/modules/search/services/search_service.py:199: error: Argument 1 to "UUID" has incompatible type "UUID"; expected "str | None"  [arg-type]
app/modules/search/services/search_service.py:252: error: Argument 1 to "UUID" has incompatible type "UUID"; expected "str | None"  [arg-type]
app/modules/notifications/services/notification_service.py:109: error: "type[NotificationType]" has no attribute "LIKE"  [attr-defined]
app/modules/notifications/services/notification_service.py:140: error: "type[NotificationType]" has no attribute "COMMENT"  [attr-defined]
app/modules/notifications/services/notification_service.py:156: error: "type[NotificationType]" has no attribute "FOLLOW"  [attr-defined]
app/modules/notifications/services/notification_service.py:177: error: "type[NotificationType]" has no attribute "MENTION"  [attr-defined]
app/modules/news/services/item_service.py:5: error: Module "app.modules.news.crud.crud_news" has no attribute "item"  [attr-defined]
app/modules/news/services/item_service.py:25: error: Returning Any from function declared to return "list[Any]"  [no-any-return]
app/modules/news/services/item_service.py:35: error: Returning Any from function declared to return "list[Any]"  [no-any-return]
app/modules/news/services/item_service.py:49: error: Returning Any from function declared to return "int"  [no-any-return]
app/modules/news/services/item_service.py:53: error: Returning Any from function declared to return "int"  [no-any-return]
app/modules/monetization/services/monetization_service.py:71: error: No overload variant of "exec" of "Session" matches argument type "Query[Any]"  [call-overload]
app/modules/monetization/services/monetization_service.py:71: note: Possible overload variants:
app/modules/monetization/services/monetization_service.py:71: note:     def [_TSelectParam: Any] exec(self, statement: Select[_TSelectParam], *, params: Mapping[str, Any] | Sequence[Mapping[str, Any]] | None = ..., execution_options: Mapping[str, Any] = ..., bind_arguments: dict[str, Any] | None = ..., _parent_execute_state: Any | None = ..., _add_event: Any | None = ...) -> TupleResult[_TSelectParam]
app/modules/monetization/services/monetization_service.py:71: note:     def [_TSelectParam: Any] exec(self, statement: SelectOfScalar[_TSelectParam], *, params: Mapping[str, Any] | Sequence[Mapping[str, Any]] | None = ..., execution_options: Mapping[str, Any] = ..., bind_arguments: dict[str, Any] | None = ..., _parent_execute_state: Any | None = ..., _add_event: Any | None = ...) -> ScalarResult[_TSelectParam]
app/modules/monetization/services/monetization_service.py:71: note:     def exec(self, statement: UpdateBase, *, params: Mapping[str, Any] | Sequence[Mapping[str, Any]] | None = ..., execution_options: Mapping[str, Any] = ..., bind_arguments: dict[str, Any] | None = ..., _parent_execute_state: Any | None = ..., _add_event: Any | None = ...) -> CursorResult[Any]
app/modules/monetization/services/monetization_service.py:73: error: Argument 1 to "where" of "Query" has incompatible type "bool"; expected "ColumnElement[bool] | _HasClauseElement[bool] | SQLCoreOperations[bool] | ExpressionElementRole[bool] | TypedColumnsClauseRole[bool] | Callable[[], ColumnElement[bool]] | LambdaElement"  [arg-type]
app/modules/monetization/services/monetization_service.py:74: error: Argument 1 to "where" of "Query" has incompatible type "bool"; expected "ColumnElement[bool] | _HasClauseElement[bool] | SQLCoreOperations[bool] | ExpressionElementRole[bool] | TypedColumnsClauseRole[bool] | Callable[[], ColumnElement[bool]] | LambdaElement"  [arg-type]
app/modules/monetization/services/monetization_service.py:75: error: Argument 1 to "where" of "Query" has incompatible type "bool"; expected "ColumnElement[bool] | _HasClauseElement[bool] | SQLCoreOperations[bool] | ExpressionElementRole[bool] | TypedColumnsClauseRole[bool] | Callable[[], ColumnElement[bool]] | LambdaElement"  [arg-type]
app/modules/monetization/services/monetization_service.py:152: error: No overload variant of "exec" of "Session" matches argument type "Query[Any]"  [call-overload]
app/modules/monetization/services/monetization_service.py:152: note: Possible overload variants:
app/modules/monetization/services/monetization_service.py:152: note:     def [_TSelectParam: Any] exec(self, statement: Select[_TSelectParam], *, params: Mapping[str, Any] | Sequence[Mapping[str, Any]] | None = ..., execution_options: Mapping[str, Any] = ..., bind_arguments: dict[str, Any] | None = ..., _parent_execute_state: Any | None = ..., _add_event: Any | None = ...) -> TupleResult[_TSelectParam]
app/modules/monetization/services/monetization_service.py:152: note:     def [_TSelectParam: Any] exec(self, statement: SelectOfScalar[_TSelectParam], *, params: Mapping[str, Any] | Sequence[Mapping[str, Any]] | None = ..., execution_options: Mapping[str, Any] = ..., bind_arguments: dict[str, Any] | None = ..., _parent_execute_state: Any | None = ..., _add_event: Any | None = ...) -> ScalarResult[_TSelectParam]
app/modules/monetization/services/monetization_service.py:152: note:     def exec(self, statement: UpdateBase, *, params: Mapping[str, Any] | Sequence[Mapping[str, Any]] | None = ..., execution_options: Mapping[str, Any] = ..., bind_arguments: dict[str, Any] | None = ..., _parent_execute_state: Any | None = ..., _add_event: Any | None = ...) -> CursorResult[Any]
app/modules/monetization/services/monetization_service.py:153: error: Argument 1 to "where" of "Query" has incompatible type "bool"; expected "ColumnElement[bool] | _HasClauseElement[bool] | SQLCoreOperations[bool] | ExpressionElementRole[bool] | TypedColumnsClauseRole[bool] | Callable[[], ColumnElement[bool]] | LambdaElement"  [arg-type]
app/modules/monetization/services/monetization_service.py:270: error: Argument "pending_payouts" to "CreatorDashboard" has incompatible type "Decimal | Literal[0]"; expected "Decimal"  [arg-type]
app/modules/monetization/services/monetization_service.py:281: error: No overload variant of "exec" of "Session" matches argument type "Query[Any]"  [call-overload]
app/modules/monetization/services/monetization_service.py:281: note: Possible overload variants:
app/modules/monetization/services/monetization_service.py:281: note:     def [_TSelectParam: Any] exec(self, statement: Select[_TSelectParam], *, params: Mapping[str, Any] | Sequence[Mapping[str, Any]] | None = ..., execution_options: Mapping[str, Any] = ..., bind_arguments: dict[str, Any] | None = ..., _parent_execute_state: Any | None = ..., _add_event: Any | None = ...) -> TupleResult[_TSelectParam]
app/modules/monetization/services/monetization_service.py:281: note:     def [_TSelectParam: Any] exec(self, statement: SelectOfScalar[_TSelectParam], *, params: Mapping[str, Any] | Sequence[Mapping[str, Any]] | None = ..., execution_options: Mapping[str, Any] = ..., bind_arguments: dict[str, Any] | None = ..., _parent_execute_state: Any | None = ..., _add_event: Any | None = ...) -> ScalarResult[_TSelectParam]
app/modules/monetization/services/monetization_service.py:281: note:     def exec(self, statement: UpdateBase, *, params: Mapping[str, Any] | Sequence[Mapping[str, Any]] | None = ..., execution_options: Mapping[str, Any] = ..., bind_arguments: dict[str, Any] | None = ..., _parent_execute_state: Any | None = ..., _add_event: Any | None = ...) -> CursorResult[Any]
app/modules/monetization/services/monetization_service.py:283: error: Argument 1 to "where" of "Query" has incompatible type "bool"; expected "ColumnElement[bool] | _HasClauseElement[bool] | SQLCoreOperations[bool] | ExpressionElementRole[bool] | TypedColumnsClauseRole[bool] | Callable[[], ColumnElement[bool]] | LambdaElement"  [arg-type]
app/modules/monetization/services/monetization_service.py:284: error: Argument 1 to "where" of "Query" has incompatible type "bool"; expected "ColumnElement[bool] | _HasClauseElement[bool] | SQLCoreOperations[bool] | ExpressionElementRole[bool] | TypedColumnsClauseRole[bool] | Callable[[], ColumnElement[bool]] | LambdaElement"  [arg-type]
app/modules/monetization/services/monetization_service.py:285: error: Argument 1 to "where" of "Query" has incompatible type "bool"; expected "ColumnElement[bool] | _HasClauseElement[bool] | SQLCoreOperations[bool] | ExpressionElementRole[bool] | TypedColumnsClauseRole[bool] | Callable[[], ColumnElement[bool]] | LambdaElement"  [arg-type]
app/modules/monetization/services/monetization_service.py:286: error: Argument 1 to "where" of "Query" has incompatible type "bool"; expected "ColumnElement[bool] | _HasClauseElement[bool] | SQLCoreOperations[bool] | ExpressionElementRole[bool] | TypedColumnsClauseRole[bool] | Callable[[], ColumnElement[bool]] | LambdaElement"  [arg-type]
app/modules/monetization/services/monetization_service.py:327: error: No overload variant of "exec" of "Session" matches argument type "Query[Any]"  [call-overload]
app/modules/monetization/services/monetization_service.py:327: note: Possible overload variants:
app/modules/monetization/services/monetization_service.py:327: note:     def [_TSelectParam: Any] exec(self, statement: Select[_TSelectParam], *, params: Mapping[str, Any] | Sequence[Mapping[str, Any]] | None = ..., execution_options: Mapping[str, Any] = ..., bind_arguments: dict[str, Any] | None = ..., _parent_execute_state: Any | None = ..., _add_event: Any | None = ...) -> TupleResult[_TSelectParam]
app/modules/monetization/services/monetization_service.py:327: note:     def [_TSelectParam: Any] exec(self, statement: SelectOfScalar[_TSelectParam], *, params: Mapping[str, Any] | Sequence[Mapping[str, Any]] | None = ..., execution_options: Mapping[str, Any] = ..., bind_arguments: dict[str, Any] | None = ..., _parent_execute_state: Any | None = ..., _add_event: Any | None = ...) -> ScalarResult[_TSelectParam]
app/modules/monetization/services/monetization_service.py:327: note:     def exec(self, statement: UpdateBase, *, params: Mapping[str, Any] | Sequence[Mapping[str, Any]] | None = ..., execution_options: Mapping[str, Any] = ..., bind_arguments: dict[str, Any] | None = ..., _parent_execute_state: Any | None = ..., _add_event: Any | None = ...) -> CursorResult[Any]
app/modules/monetization/services/monetization_service.py:329: error: Argument 1 to "where" of "Query" has incompatible type "bool"; expected "ColumnElement[bool] | _HasClauseElement[bool] | SQLCoreOperations[bool] | ExpressionElementRole[bool] | TypedColumnsClauseRole[bool] | Callable[[], ColumnElement[bool]] | LambdaElement"  [arg-type]
app/modules/monetization/services/monetization_service.py:330: error: Argument 1 to "where" of "Query" has incompatible type "bool"; expected "ColumnElement[bool] | _HasClauseElement[bool] | SQLCoreOperations[bool] | ExpressionElementRole[bool] | TypedColumnsClauseRole[bool] | Callable[[], ColumnElement[bool]] | LambdaElement"  [arg-type]
app/modules/monetization/services/monetization_service.py:331: error: Argument 1 to "where" of "Query" has incompatible type "bool"; expected "ColumnElement[bool] | _HasClauseElement[bool] | SQLCoreOperations[bool] | ExpressionElementRole[bool] | TypedColumnsClauseRole[bool] | Callable[[], ColumnElement[bool]] | LambdaElement"  [arg-type]
app/modules/monetization/services/monetization_service.py:396: error: No overload variant of "exec" of "Session" matches argument type "Query[Any]"  [call-overload]
app/modules/monetization/services/monetization_service.py:396: note: Possible overload variants:
app/modules/monetization/services/monetization_service.py:396: note:     def [_TSelectParam: Any] exec(self, statement: Select[_TSelectParam], *, params: Mapping[str, Any] | Sequence[Mapping[str, Any]] | None = ..., execution_options: Mapping[str, Any] = ..., bind_arguments: dict[str, Any] | None = ..., _parent_execute_state: Any | None = ..., _add_event: Any | None = ...) -> TupleResult[_TSelectParam]
app/modules/monetization/services/monetization_service.py:396: note:     def [_TSelectParam: Any] exec(self, statement: SelectOfScalar[_TSelectParam], *, params: Mapping[str, Any] | Sequence[Mapping[str, Any]] | None = ..., execution_options: Mapping[str, Any] = ..., bind_arguments: dict[str, Any] | None = ..., _parent_execute_state: Any | None = ..., _add_event: Any | None = ...) -> ScalarResult[_TSelectParam]
app/modules/monetization/services/monetization_service.py:396: note:     def exec(self, statement: UpdateBase, *, params: Mapping[str, Any] | Sequence[Mapping[str, Any]] | None = ..., execution_options: Mapping[str, Any] = ..., bind_arguments: dict[str, Any] | None = ..., _parent_execute_state: Any | None = ..., _add_event: Any | None = ...) -> CursorResult[Any]
app/modules/monetization/services/monetization_service.py:398: error: Argument 1 to "where" of "Query" has incompatible type "bool"; expected "ColumnElement[bool] | _HasClauseElement[bool] | SQLCoreOperations[bool] | ExpressionElementRole[bool] | TypedColumnsClauseRole[bool] | Callable[[], ColumnElement[bool]] | LambdaElement"  [arg-type]
app/modules/monetization/services/monetization_service.py:399: error: Argument 1 to "where" of "Query" has incompatible type "bool"; expected "ColumnElement[bool] | _HasClauseElement[bool] | SQLCoreOperations[bool] | ExpressionElementRole[bool] | TypedColumnsClauseRole[bool] | Callable[[], ColumnElement[bool]] | LambdaElement"  [arg-type]
app/modules/monetization/services/monetization_service.py:400: error: Argument 1 to "where" of "Query" has incompatible type "bool"; expected "ColumnElement[bool] | _HasClauseElement[bool] | SQLCoreOperations[bool] | ExpressionElementRole[bool] | TypedColumnsClauseRole[bool] | Callable[[], ColumnElement[bool]] | LambdaElement"  [arg-type]
app/modules/media/services/media_service.py:151: error: Argument "processing_jobs" to "MediaUploadResponse" has incompatible type "list[UUID]"; expected "list[str]"  [arg-type]
app/modules/auth/crud/crud_auth.py:24: error: Returning Any from function declared to return "bool"  [no-any-return]
app/modules/auth/crud/crud_auth.py:28: error: Returning Any from function declared to return "str"  [no-any-return]
app/modules/auth/crud/crud_auth.py:50: error: Returning Any from function declared to return "str"  [no-any-return]
app/modules/auth/crud/crud_auth.py:73: error: Returning Any from function declared to return "str"  [no-any-return]
app/modules/auth/crud/crud_auth.py:88: error: Returning Any from function declared to return "str | None"  [no-any-return]
app/modules/auth/crud/crud_auth.py:107: error: Returning Any from function declared to return "dict[str, Any] | None"  [no-any-return]
app/modules/auth/crud/crud_auth.py:127: error: Returning Any from function declared to return "str"  [no-any-return]
app/modules/auth/crud/crud_auth.py:152: error: Returning Any from function declared to return "str"  [no-any-return]
app/modules/auth/crud/crud_auth.py:183: error: Returning Any from function declared to return "str"  [no-any-return]
app/modules/users/services/user_service.py:150: error: Returning Any from function declared to return "bool"  [no-any-return]
app/modules/users/services/user_service.py:150: error: "User" has no attribute "can_post_verified_content"  [attr-defined]
app/modules/users/services/user_service.py:172: error: Argument 1 to "select_from" of "Select" has incompatible type "CompoundSelect[tuple[UUID]]"; expected "FromClauseRole | type[Any] | Inspectable[_HasClauseElement[Any]] | _HasClauseElement[Any]"  [arg-type]
app/modules/users/services/user_service.py:174: error: Returning Any from function declared to return "int"  [no-any-return]
app/modules/users/services/user_service.py:174: error: "ScalarResult[int]" has no attribute "scalar_one"  [attr-defined]
app/modules/users/services/user_service.py:186: error: Argument 1 to "count" has incompatible type "UUID"; expected "ColumnElement[Any] | _HasClauseElement[Any] | SQLCoreOperations[Any] | ExpressionElementRole[Any] | TypedColumnsClauseRole[Any] | Callable[[], ColumnElement[Any]] | LambdaElement | Literal['*', 1] | None"  [arg-type]
app/modules/users/services/user_service.py:187: error: Returning Any from function declared to return "int"  [no-any-return]
app/modules/users/services/user_service.py:187: error: "ScalarResult[int]" has no attribute "scalar_one"  [attr-defined]
app/modules/users/services/user_service.py:191: error: Argument 1 to "count" has incompatible type "UUID"; expected "ColumnElement[Any] | _HasClauseElement[Any] | SQLCoreOperations[Any] | ExpressionElementRole[Any] | TypedColumnsClauseRole[Any] | Callable[[], ColumnElement[Any]] | LambdaElement | Literal['*', 1] | None"  [arg-type]
app/modules/users/services/user_service.py:192: error: Returning Any from function declared to return "int"  [no-any-return]
app/modules/users/services/user_service.py:192: error: "ScalarResult[int]" has no attribute "scalar_one"  [attr-defined]
app/modules/users/services/user_service.py:231: error: Argument 1 to "count" has incompatible type "UUID"; expected "ColumnElement[Any] | _HasClauseElement[Any] | SQLCoreOperations[Any] | ExpressionElementRole[Any] | TypedColumnsClauseRole[Any] | Callable[[], ColumnElement[Any]] | LambdaElement | Literal['*', 1] | None"  [arg-type]
app/modules/users/services/user_service.py:232: error: Returning Any from function declared to return "int"  [no-any-return]
app/modules/users/services/user_service.py:232: error: "ScalarResult[int]" has no attribute "scalar_one"  [attr-defined]
app/modules/users/services/user_service.py:236: error: Argument 1 to "count" has incompatible type "UUID"; expected "ColumnElement[Any] | _HasClauseElement[Any] | SQLCoreOperations[Any] | ExpressionElementRole[Any] | TypedColumnsClauseRole[Any] | Callable[[], ColumnElement[Any]] | LambdaElement | Literal['*', 1] | None"  [arg-type]
app/modules/users/services/user_service.py:236: error: Argument 1 to "where" of "SelectBase" has incompatible type "int"; expected "ColumnElement[bool] | _HasClauseElement[bool] | SQLCoreOperations[bool] | ExpressionElementRole[bool] | TypedColumnsClauseRole[bool] | Callable[[], ColumnElement[bool]] | LambdaElement | bool"  [arg-type]
app/modules/users/services/user_service.py:237: error: Returning Any from function declared to return "int"  [no-any-return]
app/modules/users/services/user_service.py:237: error: "ScalarResult[int]" has no attribute "scalar_one"  [attr-defined]
app/modules/posts/services/post_service.py:32: error: "PostCreate" has no attribute "slug"  [attr-defined]
app/modules/posts/services/post_service.py:137: error: Incompatible return value type (got "Post", expected "bool")  [return-value]
app/modules/posts/services/post_service.py:151: error: Incompatible return value type (got "Post | None", expected "Post")  [return-value]
app/modules/posts/services/post_service.py:169: error: Incompatible return value type (got "Post | None", expected "Post")  [return-value]
app/modules/news/services/news_service.py:88: error: "NewsFilter" has no attribute "location_name"  [attr-defined]
app/modules/news/services/news_service.py:90: error: Item "str" of "str | None" has no attribute "ilike"  [union-attr]
app/modules/news/services/news_service.py:90: error: Item "None" of "str | None" has no attribute "ilike"  [union-attr]
app/modules/news/services/news_service.py:90: error: "NewsFilter" has no attribute "location_name"  [attr-defined]
app/modules/news/services/news_service.py:95: error: "str" has no attribute "ilike"  [attr-defined]
app/modules/news/services/news_service.py:96: error: "str" has no attribute "ilike"  [attr-defined]
app/modules/news/services/news_service.py:97: error: Item "str" of "str | None" has no attribute "ilike"  [union-attr]
app/modules/news/services/news_service.py:97: error: Item "None" of "str | None" has no attribute "ilike"  [union-attr]
app/modules/news/services/news_service.py:110: error: Argument 2 to "getattr" has incompatible type "str | None"; expected "str"  [arg-type]
app/modules/news/services/news_service.py:143: error: "datetime" has no attribute "desc"  [attr-defined]
app/modules/news/services/news_service.py:201: error: Unexpected keyword argument "published_at" for "NewsUpdate"  [call-arg]
app/modules/news/services/news_service.py:270: error: "int" has no attribute "desc"  [attr-defined]
app/modules/news/services/news_service.py:281: error: Unexpected keyword argument "view_count" for "NewsUpdate"  [call-arg]
app/modules/auth/services/two_factor_service.py:48: error: Returning Any from function declared to return "dict[Any, Any] | None"  [no-any-return]
app/modules/auth/services/two_factor_service.py:138: error: Returning Any from function declared to return "list[str] | None"  [no-any-return]
app/modules/auth/services/oauth_service.py:79: error: "type[OAuth2Provider]" has no attribute "GOOGLE"  [attr-defined]
app/modules/auth/services/oauth_service.py:81: error: "type[OAuth2Provider]" has no attribute "FACEBOOK"  [attr-defined]
app/modules/auth/services/oauth_service.py:83: error: "type[OAuth2Provider]" has no attribute "GITHUB"  [attr-defined]
app/modules/auth/services/oauth_service.py:85: error: "type[OAuth2Provider]" has no attribute "TWITTER"  [attr-defined]
app/modules/auth/services/oauth_service.py:127: error: "type[AccountType]" has no attribute "PERSONAL"  [attr-defined]
app/modules/auth/services/oauth_service.py:168: error: Returning Any from function declared to return "dict[str, Any] | None"  [no-any-return]
app/modules/auth/services/oauth_service.py:181: error: Returning Any from function declared to return "dict[str, Any] | None"  [no-any-return]
app/modules/auth/services/oauth_service.py:194: error: Returning Any from function declared to return "dict[str, Any] | None"  [no-any-return]
app/modules/auth/services/auth_service.py:51: error: Returning Any from function declared to return "User | None"  [no-any-return]
app/modules/auth/services/auth_service.py:90: error: Returning Any from function declared to return "Token"  [no-any-return]
app/modules/auth/services/auth_service.py:118: error: Returning Any from function declared to return "Token | None"  [no-any-return]
app/modules/auth/services/auth_service.py:122: error: Returning Any from function declared to return "bool"  [no-any-return]
app/modules/auth/services/auth_service.py:264: error: Argument "logs" to "SecurityLogsResponse" has incompatible type "list[app.modules.auth.model.auth.SecurityLog]"; expected "list[app.modules.auth.schema.auth.SecurityLog]"  [arg-type]
app/modules/users/services/verification_service.py:179: error: "type[VerificationStatus]" has no attribute "REJECTED"  [attr-defined]
app/modules/users/routes/users.py:164: error: "UserUpdateMe" has no attribute "email"  [attr-defined]
app/modules/users/routes/users.py:166: error: "UserUpdateMe" has no attribute "email"  [attr-defined]
app/modules/users/routes/users.py:430: error: Name "read_user_stats" already defined on line 147  [no-redef]
app/modules/stories/services/interaction_service.py:92: error: "type[InteractionType]" has no attribute "POLL_VOTE"  [attr-defined]
app/modules/stories/services/interaction_service.py:99: error: "type[InteractionType]" has no attribute "POLL_VOTE"  [attr-defined]
app/modules/stories/services/interaction_service.py:111: error: "type[InteractionType]" has no attribute "POLL_VOTE"  [attr-defined]
app/modules/stories/services/interaction_service.py:126: error: "type[InteractionType]" has no attribute "QUESTION_REPLY"  [attr-defined]
app/modules/stories/services/interaction_service.py:146: error: "type[InteractionType]" has no attribute "QUIZ_ANSWER"  [attr-defined]
app/modules/stories/services/interaction_service.py:170: error: "type[InteractionType]" has no attribute "QUESTION_REPLY"  [attr-defined]
app/modules/search/routes/trending.py:45: error: List comprehension has incompatible type List[TrendingTopicPublic]; expected List[TrendingTopic]  [misc]
app/modules/search/routes/trending.py:60: error: Incompatible return value type (got "TrendingTopicPublic", expected "TrendingTopic")  [return-value]
app/modules/search/routes/trending.py:75: error: Incompatible return value type (got "TrendingTopicPublic", expected "TrendingTopic")  [return-value]
app/modules/search/routes/trending.py:89: error: Incompatible return value type (got "TrendingTopicPublic", expected "TrendingTopic")  [return-value]
app/modules/search/routes/trending.py:107: error: Argument "topic_update" to "update_trending_topic" of "TrendingTopicService" has incompatible type "TrendingTopicCreate"; expected "TrendingTopicUpdate"  [arg-type]
app/modules/search/routes/trending.py:111: error: Incompatible return value type (got "TrendingTopicPublic", expected "TrendingTopic")  [return-value]
app/modules/search/routes/trending.py:130: error: Incompatible return value type (got "TrendingTopicPublic", expected "TrendingTopic")  [return-value]
app/modules/search/routes/trending.py:143: error: Incompatible return value type (got "TrendingTopicPublic", expected "TrendingTopic")  [return-value]
app/modules/reels/services/reel_service.py:50: error: "type[ReelStatus]" has no attribute "PUBLISHED"  [attr-defined]
app/modules/reels/services/reel_service.py:101: error: "type[ReelStatus]" has no attribute "PUBLISHED"  [attr-defined]
app/modules/reels/services/reel_service.py:138: error: "type[ReelType]" has no attribute "DUET"  [attr-defined]
app/modules/reels/services/reel_service.py:163: error: "type[ReelType]" has no attribute "STITCH"  [attr-defined]
app/modules/monetization/routes/monetization.py:499: error: Argument "obj_in" to "create" of "CRUDBase" has incompatible type "PremiumFeatureCreate"; expected "PremiumFeature"  [arg-type]
app/modules/messaging/routes/participants.py:104: error: "str" has no attribute "HTTP_403_FORBIDDEN"  [attr-defined]
app/modules/media/routes/videos.py:36: error: Unexpected keyword argument "media_type" for "get_multi" of "CRUDBase"  [call-arg]
app/shared/crud/base.py: note: "get_multi" of "CRUDBase" defined here
app/modules/media/routes/videos.py:36: error: Unexpected keyword argument "user_id" for "get_multi" of "CRUDBase"  [call-arg]
app/modules/media/routes/videos.py:36: error: Unexpected keyword argument "is_public" for "get_multi" of "CRUDBase"  [call-arg]
app/modules/media/routes/videos.py:70: error: Module has no attribute "create_video_compress_job"  [attr-defined]
app/modules/media/routes/videos.py:117: error: Module has no attribute "create_video_trim_job"  [attr-defined]
app/modules/media/routes/videos.py:156: error: Module has no attribute "create_video_thumbnail_job"  [attr-defined]
app/modules/media/routes/videos.py:201: error: Module has no attribute "create_video_format_conversion_job"  [attr-defined]
app/modules/media/routes/videos.py:246: error: Module has no attribute "create_audio_extraction_job"  [attr-defined]
app/modules/media/routes/media.py:59: error: Unexpected keyword argument "title" for "MediaFileCreate"  [call-arg]
app/modules/media/schema/media.py: note: "MediaFileCreate" defined here
app/modules/media/routes/media.py:59: error: Unexpected keyword argument "description" for "MediaFileCreate"  [call-arg]
app/modules/media/routes/media.py:64: error: Argument "media_type" to "MediaFileCreate" has incompatible type "str | None"; expected "str"  [arg-type]
app/modules/media/routes/media.py:67: error: Returning Any from function declared to return "MediaUploadResponse"  [no-any-return]
app/modules/media/routes/media.py:67: error: Module has no attribute "upload_file"; maybe "UploadFile"?  [attr-defined]
app/modules/media/routes/media.py:97: error: Unexpected keyword argument "media_type" for "get_multi" of "CRUDBase"  [call-arg]
app/shared/crud/base.py: note: "get_multi" of "CRUDBase" defined here
app/modules/media/routes/media.py:97: error: Unexpected keyword argument "user_id" for "get_multi" of "CRUDBase"  [call-arg]
app/modules/media/routes/media.py:97: error: Unexpected keyword argument "is_public" for "get_multi" of "CRUDBase"  [call-arg]
app/modules/media/routes/media.py:144: error: Module has no attribute "update_media_file"; maybe "crud_media_file"?  [attr-defined]
app/modules/media/routes/media.py:147: error: Returning Any from function declared to return "MediaFile"  [no-any-return]
app/modules/media/routes/media.py:164: error: Argument "id" to "remove" of "CRUDBase" has incompatible type "str"; expected "UUID"  [arg-type]
app/modules/media/routes/media.py:178: error: Argument "obj_in" to "create" of "CRUDBase" has incompatible type "ProcessingJobCreate"; expected "MediaProcessingJob"  [arg-type]
app/modules/media/routes/media.py:194: error: Unexpected keyword argument "status" for "get_multi" of "CRUDBase"  [call-arg]
app/modules/media/routes/media.py:194: error: Unexpected keyword argument "file_id" for "get_multi" of "CRUDBase"  [call-arg]
app/modules/media/routes/media.py:207: error: Argument "id" to "get" of "CRUDBase" has incompatible type "str"; expected "UUID"  [arg-type]
app/modules/media/routes/media.py:224: error: Argument "id" to "get" of "CRUDBase" has incompatible type "str"; expected "UUID"  [arg-type]
app/modules/media/routes/media.py:228: error: Argument "obj_in" to "update" of "CRUDBase" has incompatible type "ProcessingJobUpdate"; expected "MediaProcessingJob | dict[str, Any]"  [arg-type]
app/modules/media/routes/media.py:245: error: Returning Any from function declared to return "MediaStorage"  [no-any-return]
app/modules/media/routes/media.py:245: error: Module has no attribute "create_storage"  [attr-defined]
app/modules/media/routes/media.py:270: error: "CRUDMediaStorage" has no attribute "get_storage_stats"  [attr-defined]
app/modules/media/routes/media.py:271: error: Returning Any from function declared to return "dict[Any, Any]"  [no-any-return]
app/modules/media/routes/images.py:36: error: Unexpected keyword argument "media_type" for "get_multi" of "CRUDBase"  [call-arg]
app/shared/crud/base.py: note: "get_multi" of "CRUDBase" defined here
app/modules/media/routes/images.py:36: error: Unexpected keyword argument "user_id" for "get_multi" of "CRUDBase"  [call-arg]
app/modules/media/routes/images.py:36: error: Unexpected keyword argument "is_public" for "get_multi" of "CRUDBase"  [call-arg]
app/modules/media/routes/images.py:70: error: Module has no attribute "create_resize_job"  [attr-defined]
app/modules/media/routes/images.py:108: error: Module has no attribute "create_crop_job"  [attr-defined]
app/modules/media/routes/images.py:155: error: Module has no attribute "create_format_conversion_job"  [attr-defined]
app/modules/media/routes/images.py:194: error: Module has no attribute "create_optimization_job"  [attr-defined]
app/modules/integrations/routes/integrations.py:62: error: Incompatible return value type (got "Integration", expected "IntegrationPublic")  [return-value]
app/modules/integrations/routes/integrations.py:75: error: Incompatible return value type (got "list[Integration]", expected "list[IntegrationPublic]")  [return-value]
app/modules/integrations/routes/integrations.py:87: error: Incompatible return value type (got "Integration", expected "IntegrationPublic")  [return-value]
app/modules/integrations/routes/integrations.py:100: error: Incompatible return value type (got "Integration", expected "IntegrationPublic")  [return-value]
app/modules/integrations/routes/integrations.py:147: error: Incompatible return value type (got "Webhook", expected "WebhookPublic")  [return-value]
app/modules/integrations/routes/integrations.py:165: error: Incompatible return value type (got "list[Webhook]", expected "list[WebhookPublic]")  [return-value]
app/modules/integrations/routes/integrations.py:166: error: Incompatible return value type (got "list[Webhook]", expected "list[WebhookPublic]")  [return-value]
app/modules/integrations/routes/integrations.py:178: error: Incompatible return value type (got "Webhook", expected "WebhookPublic")  [return-value]
app/modules/integrations/routes/integrations.py:191: error: Incompatible return value type (got "Webhook", expected "WebhookPublic")  [return-value]
app/modules/integrations/routes/integrations.py:230: error: Incompatible return value type (got "list[WebhookDelivery]", expected "list[WebhookDeliveryPublic]")  [return-value]
app/modules/integrations/routes/integrations.py:260: error: Incompatible return value type (got "list[APIKey]", expected "list[APIKeyPublic]")  [return-value]
app/modules/integrations/routes/integrations.py:263: error: Incompatible return value type (got "list[APIKey]", expected "list[APIKeyPublic]")  [return-value]
app/modules/integrations/routes/integrations.py:287: error: Incompatible return value type (got "list[APIRequestLog]", expected "list[APIRequestLogPublic]")  [return-value]
app/modules/content_moderation/routes/moderation.py:55: error: Incompatible return value type (got "app.modules.content_moderation.model.moderation.ContentReport", expected "app.modules.content_moderation.schema.moderation.ContentReport")  [return-value]
app/modules/content_moderation/routes/moderation.py:72: error: Incompatible return value type (got "list[app.modules.content_moderation.model.moderation.ContentReport]", expected "list[app.modules.content_moderation.schema.moderation.ContentReport]")  [return-value]
app/modules/content_moderation/routes/moderation.py:75: error: Incompatible return value type (got "list[app.modules.content_moderation.model.moderation.ContentReport]", expected "list[app.modules.content_moderation.schema.moderation.ContentReport]")  [return-value]
app/modules/content_moderation/routes/moderation.py:89: error: Incompatible return value type (got "list[app.modules.content_moderation.model.moderation.ContentReport]", expected "list[app.modules.content_moderation.schema.moderation.ContentReport]")  [return-value]
app/modules/content_moderation/routes/moderation.py:106: error: Incompatible return value type (got "app.modules.content_moderation.model.moderation.ContentReport", expected "app.modules.content_moderation.schema.moderation.ContentReport")  [return-value]
app/modules/content_moderation/routes/moderation.py:119: error: Incompatible return value type (got "list[app.modules.content_moderation.model.moderation.ContentReport]", expected "list[app.modules.content_moderation.schema.moderation.ContentReport]")  [return-value]
app/modules/content_moderation/routes/moderation.py:133: error: Incompatible return value type (got "app.modules.content_moderation.model.moderation.ModerationAction", expected "app.modules.content_moderation.schema.moderation.ModerationAction")  [return-value]
app/modules/content_moderation/routes/moderation.py:153: error: Incompatible return value type (got "list[app.modules.content_moderation.model.moderation.ModerationAction]", expected "list[app.modules.content_moderation.schema.moderation.ModerationAction]")  [return-value]
app/modules/content_moderation/routes/moderation.py:156: error: Incompatible return value type (got "list[app.modules.content_moderation.model.moderation.ModerationAction]", expected "list[app.modules.content_moderation.schema.moderation.ModerationAction]")  [return-value]
app/modules/content_moderation/routes/moderation.py:169: error: Incompatible return value type (got "list[app.modules.content_moderation.model.moderation.ModerationAction]", expected "list[app.modules.content_moderation.schema.moderation.ModerationAction]")  [return-value]
app/modules/content_moderation/routes/moderation.py:182: error: Incompatible return value type (got "app.modules.content_moderation.model.moderation.ModerationAppeal", expected "app.modules.content_moderation.schema.moderation.ModerationAppeal")  [return-value]
app/modules/content_moderation/routes/moderation.py:201: error: Incompatible return value type (got "list[app.modules.content_moderation.model.moderation.ModerationAppeal]", expected "list[app.modules.content_moderation.schema.moderation.ModerationAppeal]")  [return-value]
app/modules/content_moderation/routes/moderation.py:204: error: Incompatible return value type (got "list[app.modules.content_moderation.model.moderation.ModerationAppeal]", expected "list[app.modules.content_moderation.schema.moderation.ModerationAppeal]")  [return-value]
app/modules/content_moderation/routes/moderation.py:220: error: Incompatible return value type (got "list[app.modules.content_moderation.model.moderation.ModerationAppeal]", expected "list[app.modules.content_moderation.schema.moderation.ModerationAppeal]")  [return-value]
app/modules/content_moderation/routes/moderation.py:237: error: Incompatible return value type (got "app.modules.content_moderation.model.moderation.ModerationAppeal", expected "app.modules.content_moderation.schema.moderation.ModerationAppeal")  [return-value]
app/modules/content_moderation/routes/moderation.py:251: error: Incompatible return value type (got "app.modules.content_moderation.model.moderation.UserStrike", expected "app.modules.content_moderation.schema.moderation.UserStrike")  [return-value]
app/modules/content_moderation/routes/moderation.py:271: error: Incompatible return value type (got "list[app.modules.content_moderation.model.moderation.UserStrike]", expected "list[app.modules.content_moderation.schema.moderation.UserStrike]")  [return-value]
app/modules/content_moderation/routes/moderation.py:274: error: Incompatible return value type (got "list[app.modules.content_moderation.model.moderation.UserStrike]", expected "list[app.modules.content_moderation.schema.moderation.UserStrike]")  [return-value]
app/modules/content_moderation/routes/moderation.py:288: error: Incompatible return value type (got "app.modules.content_moderation.model.moderation.UserBan", expected "app.modules.content_moderation.schema.moderation.UserBan")  [return-value]
app/modules/content_moderation/routes/moderation.py:312: error: Incompatible return value type (got "list[app.modules.content_moderation.model.moderation.UserBan]", expected "list[app.modules.content_moderation.schema.moderation.UserBan]")  [return-value]
app/modules/content_moderation/routes/moderation.py:313: error: Incompatible return value type (got "list[app.modules.content_moderation.model.moderation.UserBan]", expected "list[app.modules.content_moderation.schema.moderation.UserBan]")  [return-value]
app/modules/content_moderation/routes/moderation.py:322: error: Incompatible return value type (got "app.modules.content_moderation.model.moderation.BanAppeal", expected "app.modules.content_moderation.schema.moderation.BanAppeal")  [return-value]
app/modules/content_moderation/routes/moderation.py:339: error: Incompatible return value type (got "list[app.modules.content_moderation.model.moderation.BanAppeal]", expected "list[app.modules.content_moderation.schema.moderation.BanAppeal]")  [return-value]
app/modules/content_moderation/routes/moderation.py:342: error: Incompatible return value type (got "list[app.modules.content_moderation.model.moderation.BanAppeal]", expected "list[app.modules.content_moderation.schema.moderation.BanAppeal]")  [return-value]
app/modules/content_moderation/routes/moderation.py:375: error: Incompatible return value type (got "list[app.modules.content_moderation.model.moderation.ContentFlag]", expected "list[app.modules.content_moderation.schema.moderation.ContentFlag]")  [return-value]
app/modules/content_moderation/routes/moderation.py:379: error: Incompatible return value type (got "list[app.modules.content_moderation.model.moderation.ContentFlag]", expected "list[app.modules.content_moderation.schema.moderation.ContentFlag]")  [return-value]
app/modules/content_moderation/routes/moderation.py:382: error: Incompatible return value type (got "list[app.modules.content_moderation.model.moderation.ContentFlag]", expected "list[app.modules.content_moderation.schema.moderation.ContentFlag]")  [return-value]
app/modules/content_moderation/routes/moderation.py:397: error: Incompatible return value type (got "app.modules.content_moderation.model.moderation.ContentFlag", expected "app.modules.content_moderation.schema.moderation.ContentFlag")  [return-value]
app/modules/content_moderation/routes/moderation.py:414: error: Incompatible return value type (got "app.modules.content_moderation.model.moderation.ModerationRule", expected "app.modules.content_moderation.schema.moderation.ModerationRule")  [return-value]
app/modules/content_moderation/routes/moderation.py:430: error: Incompatible return value type (got "list[app.modules.content_moderation.model.moderation.ModerationRule]", expected "list[app.modules.content_moderation.schema.moderation.ModerationRule]")  [return-value]
app/modules/content_moderation/routes/moderation.py:432: error: Incompatible return value type (got "list[app.modules.content_moderation.model.moderation.ModerationRule]", expected "list[app.modules.content_moderation.schema.moderation.ModerationRule]")  [return-value]
app/modules/content_moderation/routes/moderation.py:433: error: Incompatible return value type (got "list[app.modules.content_moderation.model.moderation.ModerationRule]", expected "list[app.modules.content_moderation.schema.moderation.ModerationRule]")  [return-value]
app/modules/content_moderation/routes/moderation.py:488: error: Incompatible return value type (got "list[app.modules.content_moderation.model.moderation.ModerationLog]", expected "list[app.modules.content_moderation.schema.moderation.ModerationLog]")  [return-value]
app/modules/auth/routes/two_factor.py:222: error: Argument 1 to "len" has incompatible type "list[str] | None"; expected "Sized"  [arg-type]
app/modules/auth/routes/two_factor.py:283: error: Argument "enabled" to "TwoFactorResponse" has incompatible type "UserCredentials | Literal[False] | str | None"; expected "bool"  [arg-type]
app/modules/auth/routes/oauth.py:123: error: "type[OAuth2Provider]" has no attribute "GOOGLE"  [attr-defined]
app/modules/auth/routes/oauth.py:125: error: "type[OAuth2Provider]" has no attribute "FACEBOOK"  [attr-defined]
app/modules/auth/routes/oauth.py:128: error: "type[OAuth2Provider]" has no attribute "TWITTER"  [attr-defined]
app/modules/auth/routes/oauth.py:133: error: "type[OAuth2Provider]" has no attribute "GITHUB"  [attr-defined]
app/modules/auth/routes/auth.py:199: error: Unexpected keyword argument "user_agent" for "create_token" of "CRUDToken"  [call-arg]
app/modules/auth/routes/auth.py:441: error: Name "select" is not defined  [name-defined]
app/modules/auth/routes/auth.py:530: error: Name "select" is not defined  [name-defined]
app/modules/auth/routes/auth.py:693: error: Name "select" is not defined  [name-defined]
app/modules/auth/crud/crud_token.py:15: note: "create_token" of "CRUDToken" defined here
app/modules/auth/routes/auth.py:199: error: Unexpected keyword argument "ip_address" for "create_token" of "CRUDToken"  [call-arg]
app/modules/auth/routes/auth.py:357: error: Incompatible types in "await" (actual type "SecurityLog", expected type "Awaitable[Any]")  [misc]
app/modules/auth/routes/auth.py:407: error: Incompatible types in "await" (actual type "SecurityLog", expected type "Awaitable[Any]")  [misc]
app/modules/auth/routes/auth.py:466: error: Incompatible types in "await" (actual type "SecurityLog", expected type "Awaitable[Any]")  [misc]
app/modules/auth/routes/auth.py:484: error: "User" has no attribute "email_verified"  [attr-defined]
app/modules/auth/routes/auth.py:498: error: "Settings" has no attribute "EMAIL_VERIFICATION_TOKEN_EXPIRE_HOURS"; maybe "EMAIL_VERIFICATION_TOKEN_EXPIRE_MINUTES" or "EMAIL_RESET_TOKEN_EXPIRE_HOURS"?  [attr-defined]
app/modules/auth/routes/auth.py:595: error: Unexpected keyword argument "skip" for "get_security_logs" of "AuthService"  [call-arg]
app/modules/auth/services/auth_service.py:228: note: "get_security_logs" of "AuthService" defined here
app/modules/auth/routes/auth.py:595: error: Unexpected keyword argument "limit" for "get_security_logs" of "AuthService"  [call-arg]
app/modules/auth/routes/auth.py:600: error: Argument "logs" to "SecurityLogsResponse" has incompatible type "SecurityLogsResponse"; expected "list[SecurityLog]"  [arg-type]
app/modules/auth/routes/auth.py:600: error: Argument 1 to "len" has incompatible type "SecurityLogsResponse"; expected "Sized"  [arg-type]
app/modules/auth/routes/auth.py:615: error: Argument "devices" to "DeviceList" has incompatible type "DeviceList"; expected "list[LoginDevice]"  [arg-type]
app/modules/auth/routes/auth.py:615: error: Argument 1 to "len" has incompatible type "DeviceList"; expected "Sized"  [arg-type]
app/modules/auth/routes/auth.py:650: error: Argument "days" to "timedelta" has incompatible type "int | None"; expected "float"  [arg-type]
app/modules/auth/routes/auth.py:662: error: Argument "days" to "timedelta" has incompatible type "int | None"; expected "float"  [arg-type]
app/modules/auth/routes/auth.py:668: error: Unexpected keyword argument "is_active" for "APITokenResponse"  [call-arg]
app/modules/auth/routes/auth.py:703: error: Unexpected keyword argument "is_active" for "APITokenResponse"  [call-arg]
app/modules/auth/routes/auth.py:703: error: Unexpected keyword argument "last_used_at" for "APITokenResponse"  [call-arg]
app/modules/auth/routes/auth.py:703: error: Unexpected keyword argument "usage_count" for "APITokenResponse"  [call-arg]
app/modules/auth/routes/auth.py:751: error: "AuthService" has no attribute "revoke_token"  [attr-defined]
app/modules/auth/routes/auth.py:755: error: "TokenRevokeRequest" has no attribute "reason"  [attr-defined]
app/modules/auth/routes/auth.py:782: error: Incompatible types in "await" (actual type "SecurityLog", expected type "Awaitable[Any]")  [misc]
app/modules/analytics/routes/analytics.py:87: error: Argument 2 to "get_content_analytics" of "ContentAnalyticsService" has incompatible type "UUID"; expected "str"  [arg-type]
app/modules/analytics/routes/analytics.py:103: error: Argument 2 to "get_author_content_analytics" of "ContentAnalyticsService" has incompatible type "UUID"; expected "str"  [arg-type]
app/modules/users/routes/profile.py:28: error: Module has no attribute "get_user_profile"  [attr-defined]
app/modules/users/routes/profile.py:43: error: Module has no attribute "create_or_update_profile"  [attr-defined]
app/modules/users/routes/profile.py:59: error: Module has no attribute "update_profile"  [attr-defined]
app/modules/users/routes/profile.py:74: error: Module has no attribute "get_user_profile"  [attr-defined]
app/modules/users/routes/profile.py:89: error: Module has no attribute "add_close_friend"; maybe "close_friend"?  [attr-defined]
app/modules/users/routes/profile.py:108: error: Module has no attribute "remove_close_friend"; maybe "close_friend"?  [attr-defined]
app/modules/users/routes/profile.py:125: error: Module has no attribute "get_close_friends"; maybe "close_friend"?  [attr-defined]
app/modules/users/routes/profile.py:140: error: Module has no attribute "block_user"  [attr-defined]
app/modules/users/routes/profile.py:156: error: Module has no attribute "unblock_user"  [attr-defined]
app/modules/users/routes/profile.py:171: error: Module has no attribute "get_blocked_users"  [attr-defined]
app/modules/users/routes/profile.py:182: error: Module has no attribute "get_profile_analytics"  [attr-defined]
app/modules/users/routes/profile.py:196: error: Module has no attribute "record_profile_view"  [attr-defined]
Found 855 errors in 72 files (checked 384 source files)
